#
# There is insufficient memory for the Java Runtime Environment to continue.
# Native memory allocation (mmap) failed to map 1624047616 bytes for committing reserved memory.
# Possible reasons:
#   The system is out of physical RAM or swap space
#   In 32 bit mode, the process size limit was hit
# Possible solutions:
#   Reduce memory load on the system
#   Increase physical memory or swap space
#   Check if swap backing store is full
#   Use 64 bit Java on a 64 bit OS
#   Decrease Java heap size (-Xmx/-Xms)
#   Decrease number of Java threads
#   Decrease Java thread stack sizes (-Xss)
#   Set larger code cache with -XX:ReservedCodeCacheSize=
# This output file may be truncated or incomplete.
#
#  Out of Memory Error (os_linux.cpp:2640), pid=44825, tid=0x00007f5f4ff82700
#
# JRE version:  (8.0_131-b11) (build )
# Java VM: Java HotSpot(TM) 64-Bit Server VM (25.131-b11 mixed mode linux-amd64 compressed oops)
# Failed to write core dump. Core dumps have been disabled. To enable core dumping, try "ulimit -c unlimited" before starting Java again
#

---------------  T H R E A D  ---------------

Current thread (0x00007f5f4800c000):  JavaThread "Unknown thread" [_thread_in_vm, id=44858, stack(0x00007f5f4fe82000,0x00007f5f4ff83000)]

Stack: [0x00007f5f4fe82000,0x00007f5f4ff83000],  sp=0x00007f5f4ff81370,  free space=1020k
Native frames: (J=compiled Java code, j=interpreted, Vv=VM code, C=native code)
V  [libjvm.so+0xac826a]  VMError::report_and_die()+0x2ba
V  [libjvm.so+0x4fd4cb]  report_vm_out_of_memory(char const*, int, unsigned long, VMErrorType, char const*)+0x8b
V  [libjvm.so+0x924f53]  os::Linux::commit_memory_impl(char*, unsigned long, bool)+0x103
V  [libjvm.so+0x9254a9]  os::pd_commit_memory(char*, unsigned long, unsigned long, bool)+0x29
V  [libjvm.so+0x91f6ca]  os::commit_memory(char*, unsigned long, unsigned long, bool)+0x2a
V  [libjvm.so+0xac3fc9]  VirtualSpace::expand_by(unsigned long, bool)+0x199
V  [libjvm.so+0xac4b1e]  VirtualSpace::initialize(ReservedSpace, unsigned long)+0xee
V  [libjvm.so+0x5fb921]  CardGeneration::CardGeneration(ReservedSpace, unsigned long, int, GenRemSet*)+0xf1
V  [libjvm.so+0x4e6b9e]  ConcurrentMarkSweepGeneration::ConcurrentMarkSweepGeneration(ReservedSpace, unsigned long, int, CardTableRS*, bool, FreeBlockDictionary<FreeChunk>::DictionaryChoice)+0x4e
V  [libjvm.so+0x5fc9e2]  GenerationSpec::init(ReservedSpace, int, GenRemSet*)+0xf2
V  [libjvm.so+0x5eb81e]  GenCollectedHeap::initialize()+0x1de
V  [libjvm.so+0xa902e3]  Universe::initialize_heap()+0xf3
V  [libjvm.so+0xa9084e]  universe_init()+0x3e
V  [libjvm.so+0x63e3e5]  init_globals()+0x65
V  [libjvm.so+0xa73f3e]  Threads::create_vm(JavaVMInitArgs*, bool*)+0x23e
V  [libjvm.so+0x6d2ce4]  JNI_CreateJavaVM+0x74
C  [libjli.so+0x745e]  JavaMain+0x9e
C  [libpthread.so.0+0x76ba]  start_thread+0xca


---------------  P R O C E S S  ---------------

Java Threads: ( => current thread )

Other Threads:

=>0x00007f5f4800c000 (exited) JavaThread "Unknown thread" [_thread_in_vm, id=44858, stack(0x00007f5f4fe82000,0x00007f5f4ff83000)]

VM state:not at safepoint (not fully initialized)

VM Mutex/Monitor currently owned by a thread: None

GC Heap History (0 events):
No events

Deoptimization events (0 events):
No events

Internal exceptions (0 events):
No events

Events (0 events):
No events


Dynamic libraries:
00400000-00401000 r-xp 00000000 08:01 3190962                            /usr/lib/jvm/java-8-oracle/bin/java
00600000-00601000 rw-p 00000000 08:01 3190962                            /usr/lib/jvm/java-8-oracle/bin/java
01ba9000-01bca000 rw-p 00000000 00:00 0                                  [heap]
80000000-9f330000 rw-p 00000000 00:00 0 
7f5f1c000000-7f5f1c021000 rw-p 00000000 00:00 0 
7f5f1c021000-7f5f20000000 ---p 00000000 00:00 0 
7f5f24000000-7f5f24021000 rw-p 00000000 00:00 0 
7f5f24021000-7f5f28000000 ---p 00000000 00:00 0 
7f5f28000000-7f5f28021000 rw-p 00000000 00:00 0 
7f5f28021000-7f5f2c000000 ---p 00000000 00:00 0 
7f5f2c000000-7f5f2c021000 rw-p 00000000 00:00 0 
7f5f2c021000-7f5f30000000 ---p 00000000 00:00 0 
7f5f30000000-7f5f30021000 rw-p 00000000 00:00 0 
7f5f30021000-7f5f34000000 ---p 00000000 00:00 0 
7f5f34000000-7f5f34021000 rw-p 00000000 00:00 0 
7f5f34021000-7f5f38000000 ---p 00000000 00:00 0 
7f5f38975000-7f5f39000000 rw-p 00000000 00:00 0 
7f5f39000000-7f5f39270000 rwxp 00000000 00:00 0 
7f5f39270000-7f5f48000000 ---p 00000000 00:00 0 
7f5f48000000-7f5f48043000 rw-p 00000000 00:00 0 
7f5f48043000-7f5f4c000000 ---p 00000000 00:00 0 
7f5f4c01a000-7f5f4c316000 rw-p 00000000 00:00 0 
7f5f4c316000-7f5f4c61c000 ---p 00000000 00:00 0 
7f5f4c61c000-7f5f4c61d000 rw-p 00000000 00:00 0 
7f5f4c61d000-7f5f4c61e000 ---p 00000000 00:00 0 
7f5f4c61e000-7f5f4c71e000 rw-p 00000000 00:00 0 
7f5f4c71e000-7f5f4c71f000 ---p 00000000 00:00 0 
7f5f4c71f000-7f5f4c81f000 rw-p 00000000 00:00 0 
7f5f4c81f000-7f5f4c820000 ---p 00000000 00:00 0 
7f5f4c820000-7f5f4c920000 rw-p 00000000 00:00 0 
7f5f4c920000-7f5f4c921000 ---p 00000000 00:00 0 
7f5f4c921000-7f5f4ca21000 rw-p 00000000 00:00 0 
7f5f4ca21000-7f5f4ca22000 ---p 00000000 00:00 0 
7f5f4ca22000-7f5f4cb22000 rw-p 00000000 00:00 0 
7f5f4cb22000-7f5f4cb23000 ---p 00000000 00:00 0 
7f5f4cb23000-7f5f4cc2d000 rw-p 00000000 00:00 0 
7f5f4cc2d000-7f5f4cfe3000 ---p 00000000 00:00 0 
7f5f4cfe3000-7f5f4cffd000 r-xp 00000000 08:01 3567875                    /usr/lib/jvm/java-8-oracle/jre/lib/amd64/libzip.so
7f5f4cffd000-7f5f4d1fd000 ---p 0001a000 08:01 3567875                    /usr/lib/jvm/java-8-oracle/jre/lib/amd64/libzip.so
7f5f4d1fd000-7f5f4d1fe000 rw-p 0001a000 08:01 3567875                    /usr/lib/jvm/java-8-oracle/jre/lib/amd64/libzip.so
7f5f4d1fe000-7f5f4d209000 r-xp 00000000 08:01 413604                     /lib/x86_64-linux-gnu/libnss_files-2.23.so
7f5f4d209000-7f5f4d408000 ---p 0000b000 08:01 413604                     /lib/x86_64-linux-gnu/libnss_files-2.23.so
7f5f4d408000-7f5f4d409000 r--p 0000a000 08:01 413604                     /lib/x86_64-linux-gnu/libnss_files-2.23.so
7f5f4d409000-7f5f4d40a000 rw-p 0000b000 08:01 413604                     /lib/x86_64-linux-gnu/libnss_files-2.23.so
7f5f4d40a000-7f5f4d410000 rw-p 00000000 00:00 0 
7f5f4d410000-7f5f4d41b000 r-xp 00000000 08:01 413597                     /lib/x86_64-linux-gnu/libnss_nis-2.23.so
7f5f4d41b000-7f5f4d61a000 ---p 0000b000 08:01 413597                     /lib/x86_64-linux-gnu/libnss_nis-2.23.so
7f5f4d61a000-7f5f4d61b000 r--p 0000a000 08:01 413597                     /lib/x86_64-linux-gnu/libnss_nis-2.23.so
7f5f4d61b000-7f5f4d61c000 rw-p 0000b000 08:01 413597                     /lib/x86_64-linux-gnu/libnss_nis-2.23.so
7f5f4d61c000-7f5f4d632000 r-xp 00000000 08:01 413599                     /lib/x86_64-linux-gnu/libnsl-2.23.so
7f5f4d632000-7f5f4d831000 ---p 00016000 08:01 413599                     /lib/x86_64-linux-gnu/libnsl-2.23.so
7f5f4d831000-7f5f4d832000 r--p 00015000 08:01 413599                     /lib/x86_64-linux-gnu/libnsl-2.23.so
7f5f4d832000-7f5f4d833000 rw-p 00016000 08:01 413599                     /lib/x86_64-linux-gnu/libnsl-2.23.so
7f5f4d833000-7f5f4d835000 rw-p 00000000 00:00 0 
7f5f4d835000-7f5f4d83d000 r-xp 00000000 08:01 413606                     /lib/x86_64-linux-gnu/libnss_compat-2.23.so
7f5f4d83d000-7f5f4da3c000 ---p 00008000 08:01 413606                     /lib/x86_64-linux-gnu/libnss_compat-2.23.so
7f5f4da3c000-7f5f4da3d000 r--p 00007000 08:01 413606                     /lib/x86_64-linux-gnu/libnss_compat-2.23.so
7f5f4da3d000-7f5f4da3e000 rw-p 00008000 08:01 413606                     /lib/x86_64-linux-gnu/libnss_compat-2.23.so
7f5f4da3e000-7f5f4da69000 r-xp 00000000 08:01 3567869                    /usr/lib/jvm/java-8-oracle/jre/lib/amd64/libjava.so
7f5f4da69000-7f5f4dc68000 ---p 0002b000 08:01 3567869                    /usr/lib/jvm/java-8-oracle/jre/lib/amd64/libjava.so
7f5f4dc68000-7f5f4dc6a000 rw-p 0002a000 08:01 3567869                    /usr/lib/jvm/java-8-oracle/jre/lib/amd64/libjava.so
7f5f4dc6a000-7f5f4dc77000 r-xp 00000000 08:01 3567874                    /usr/lib/jvm/java-8-oracle/jre/lib/amd64/libverify.so
7f5f4dc77000-7f5f4de76000 ---p 0000d000 08:01 3567874                    /usr/lib/jvm/java-8-oracle/jre/lib/amd64/libverify.so
7f5f4de76000-7f5f4de78000 rw-p 0000c000 08:01 3567874                    /usr/lib/jvm/java-8-oracle/jre/lib/amd64/libverify.so
7f5f4de78000-7f5f4de7f000 r-xp 00000000 08:01 413607                     /lib/x86_64-linux-gnu/librt-2.23.so
7f5f4de7f000-7f5f4e07e000 ---p 00007000 08:01 413607                     /lib/x86_64-linux-gnu/librt-2.23.so
7f5f4e07e000-7f5f4e07f000 r--p 00006000 08:01 413607                     /lib/x86_64-linux-gnu/librt-2.23.so
7f5f4e07f000-7f5f4e080000 rw-p 00007000 08:01 413607                     /lib/x86_64-linux-gnu/librt-2.23.so
7f5f4e080000-7f5f4e188000 r-xp 00000000 08:01 413598                     /lib/x86_64-linux-gnu/libm-2.23.so
7f5f4e188000-7f5f4e387000 ---p 00108000 08:01 413598                     /lib/x86_64-linux-gnu/libm-2.23.so
7f5f4e387000-7f5f4e388000 r--p 00107000 08:01 413598                     /lib/x86_64-linux-gnu/libm-2.23.so
7f5f4e388000-7f5f4e389000 rw-p 00108000 08:01 413598                     /lib/x86_64-linux-gnu/libm-2.23.so
7f5f4e389000-7f5f4f058000 r-xp 00000000 08:01 3579965                    /usr/lib/jvm/java-8-oracle/jre/lib/amd64/server/libjvm.so
7f5f4f058000-7f5f4f258000 ---p 00ccf000 08:01 3579965                    /usr/lib/jvm/java-8-oracle/jre/lib/amd64/server/libjvm.so
7f5f4f258000-7f5f4f331000 rw-p 00ccf000 08:01 3579965                    /usr/lib/jvm/java-8-oracle/jre/lib/amd64/server/libjvm.so
7f5f4f331000-7f5f4f37c000 rw-p 00000000 00:00 0 
7f5f4f37c000-7f5f4f53b000 r-xp 00000000 08:01 413600                     /lib/x86_64-linux-gnu/libc-2.23.so
7f5f4f53b000-7f5f4f73b000 ---p 001bf000 08:01 413600                     /lib/x86_64-linux-gnu/libc-2.23.so
7f5f4f73b000-7f5f4f73f000 r--p 001bf000 08:01 413600                     /lib/x86_64-linux-gnu/libc-2.23.so
7f5f4f73f000-7f5f4f741000 rw-p 001c3000 08:01 413600                     /lib/x86_64-linux-gnu/libc-2.23.so
7f5f4f741000-7f5f4f745000 rw-p 00000000 00:00 0 
7f5f4f745000-7f5f4f748000 r-xp 00000000 08:01 413596                     /lib/x86_64-linux-gnu/libdl-2.23.so
7f5f4f748000-7f5f4f947000 ---p 00003000 08:01 413596                     /lib/x86_64-linux-gnu/libdl-2.23.so
7f5f4f947000-7f5f4f948000 r--p 00002000 08:01 413596                     /lib/x86_64-linux-gnu/libdl-2.23.so
7f5f4f948000-7f5f4f949000 rw-p 00003000 08:01 413596                     /lib/x86_64-linux-gnu/libdl-2.23.so
7f5f4f949000-7f5f4f95e000 r-xp 00000000 08:01 3323803                    /usr/lib/jvm/java-8-oracle/lib/amd64/jli/libjli.so
7f5f4f95e000-7f5f4fb5e000 ---p 00015000 08:01 3323803                    /usr/lib/jvm/java-8-oracle/lib/amd64/jli/libjli.so
7f5f4fb5e000-7f5f4fb5f000 rw-p 00015000 08:01 3323803                    /usr/lib/jvm/java-8-oracle/lib/amd64/jli/libjli.so
7f5f4fb5f000-7f5f4fb77000 r-xp 00000000 08:01 413611                     /lib/x86_64-linux-gnu/libpthread-2.23.so
7f5f4fb77000-7f5f4fd76000 ---p 00018000 08:01 413611                     /lib/x86_64-linux-gnu/libpthread-2.23.so
7f5f4fd76000-7f5f4fd77000 r--p 00017000 08:01 413611                     /lib/x86_64-linux-gnu/libpthread-2.23.so
7f5f4fd77000-7f5f4fd78000 rw-p 00018000 08:01 413611                     /lib/x86_64-linux-gnu/libpthread-2.23.so
7f5f4fd78000-7f5f4fd7c000 rw-p 00000000 00:00 0 
7f5f4fd7c000-7f5f4fda2000 r-xp 00000000 08:01 413601                     /lib/x86_64-linux-gnu/ld-2.23.so
7f5f4fe82000-7f5f4fe85000 ---p 00000000 00:00 0 
7f5f4fe85000-7f5f4ff87000 rw-p 00000000 00:00 0 
7f5f4ff95000-7f5f4ff9d000 rw-s 00000000 08:01 3728078                    /tmp/hsperfdata_tony/44825
7f5f4ff9d000-7f5f4ff9e000 rw-p 00000000 00:00 0 
7f5f4ff9e000-7f5f4ff9f000 r--p 00000000 00:00 0 
7f5f4ff9f000-7f5f4ffa1000 rw-p 00000000 00:00 0 
7f5f4ffa1000-7f5f4ffa2000 r--p 00025000 08:01 413601                     /lib/x86_64-linux-gnu/ld-2.23.so
7f5f4ffa2000-7f5f4ffa3000 rw-p 00026000 08:01 413601                     /lib/x86_64-linux-gnu/ld-2.23.so
7f5f4ffa3000-7f5f4ffa4000 rw-p 00000000 00:00 0 
7ffe9e665000-7ffe9e686000 rw-p 00000000 00:00 0                          [stack]
7ffe9e79b000-7ffe9e79d000 r--p 00000000 00:00 0                          [vvar]
7ffe9e79d000-7ffe9e79f000 r-xp 00000000 00:00 0                          [vdso]
ffffffffff600000-ffffffffff601000 r-xp 00000000 00:00 0                  [vsyscall]

VM Arguments:
jvm_args: -Xms2g -Xmx2g -XX:+UseConcMarkSweepGC -XX:CMSInitiatingOccupancyFraction=75 -XX:+UseCMSInitiatingOccupancyOnly -XX:+DisableExplicitGC -XX:+AlwaysPreTouch -Xss1m -Djava.awt.headless=true -Dfile.encoding=UTF-8 -Djna.nosys=true -Djdk.io.permissionsUseCanonicalPath=true -Dio.netty.noUnsafe=true -Dio.netty.noKeySetOptimization=true -Dio.netty.recycler.maxCapacityPerThread=0 -Dlog4j.shutdownHookEnabled=false -Dlog4j2.disable.jmx=true -Dlog4j.skipJansi=true -XX:+HeapDumpOnOutOfMemoryError -Des.path.home=/home/tony/Desktop/tap-news/tap-news/elasticsearch-5.4.0 
java_command: org.elasticsearch.bootstrap.Elasticsearch
java_class_path (initial): /home/tony/Desktop/tap-news/tap-news/elasticsearch-5.4.0/lib/jna-4.4.0.jar:/home/tony/Desktop/tap-news/tap-news/elasticsearch-5.4.0/lib/log4j-core-2.8.2.jar:/home/tony/Desktop/tap-news/tap-news/elasticsearch-5.4.0/lib/lucene-spatial-6.5.0.jar:/home/tony/Desktop/tap-news/tap-news/elasticsearch-5.4.0/lib/lucene-analyzers-common-6.5.0.jar:/home/tony/Desktop/tap-news/tap-news/elasticsearch-5.4.0/lib/lucene-spatial-extras-6.5.0.jar:/home/tony/Desktop/tap-news/tap-news/elasticsearch-5.4.0/lib/jackson-dataformat-cbor-2.8.6.jar:/home/tony/Desktop/tap-news/tap-news/elasticsearch-5.4.0/lib/lucene-join-6.5.0.jar:/home/tony/Desktop/tap-news/tap-news/elasticsearch-5.4.0/lib/lucene-misc-6.5.0.jar:/home/tony/Desktop/tap-news/tap-news/elasticsearch-5.4.0/lib/t-digest-3.0.jar:/home/tony/Desktop/tap-news/tap-news/elasticsearch-5.4.0/lib/lucene-sandbox-6.5.0.jar:/home/tony/Desktop/tap-news/tap-news/elasticsearch-5.4.0/lib/hppc-0.7.1.jar:/home/tony/Desktop/tap-news/tap-news/elasticsearch-5.4.0/lib/lucene-highlighter-6.5.0.jar:/home/tony/Desktop/tap-news/tap-news/elasticsearch-5.4.0/lib/jopt-simple-5.0.2.jar:/home/tony/Desktop/tap-news/tap-news/elasticsearch-5.4.0/lib/joda-time-2.9.5.jar:/home/tony/Desktop/tap-news/tap-news/elasticsearch-5.4.0/lib/java-version-checker-5.4.0.jar:/home/tony/Desktop/tap-news/tap-news/elasticsearch-5.4.0/lib/lucene-spatial3d-6.5.0.jar:/home/tony/Desktop/tap-news/tap-news/elasticsearch-5.4.0/lib/jackson-dataformat-smile-2.8.6.jar:/home/tony/Desktop/tap-news/tap-news/elasticsearch-5.4.0/lib/log4j-1.2-api-2.8.2.jar:/home/tony/Desktop/tap-news/tap-news/elasticsearch-5.4.0/lib/lucene-backward-codecs-6.5.0.jar:/home/tony/Desktop/tap-news/tap-news/elasticsearch-5.4.0/lib/securesm-1.1.jar:/home/tony/Desktop/tap-news/tap-news/elasticsearch-5.4.0/lib/lucene-suggest-6.5.0.jar:/home/tony/Desktop/tap-news/tap-news/elasticsearch-5.4.0/lib/HdrHistogram-2.1.9.jar:/home/tony/Desktop/tap-news/tap-news/elasticsearch-5.4.0/lib/spatial4j-0.6.jar:/ho
Launcher Type: SUN_STANDARD

Environment Variables:
JAVA_HOME=/usr/lib/jvm/java-8-oracle
PATH=/home/tony/bin:/home/tony/.local/bin:/usr/local/sbin:/usr/local/bin:/usr/sbin:/usr/bin:/sbin:/bin:/usr/games:/usr/local/games:/snap/bin:/usr/lib/jvm/java-8-oracle/bin:/usr/lib/jvm/java-8-oracle/db/bin:/usr/lib/jvm/java-8-oracle/jre/bin
SHELL=/usr/bin/zsh
DISPLAY=:0

Signal Handlers:
SIGSEGV: [libjvm.so+0xac8af0], sa_mask[0]=11111111011111111101111111111110, sa_flags=SA_RESTART|SA_SIGINFO
SIGBUS: [libjvm.so+0xac8af0], sa_mask[0]=11111111011111111101111111111110, sa_flags=SA_RESTART|SA_SIGINFO
SIGFPE: [libjvm.so+0x921dd0], sa_mask[0]=11111111011111111101111111111110, sa_flags=SA_RESTART|SA_SIGINFO
SIGPIPE: [libjvm.so+0x921dd0], sa_mask[0]=11111111011111111101111111111110, sa_flags=SA_RESTART|SA_SIGINFO
SIGXFSZ: [libjvm.so+0x921dd0], sa_mask[0]=11111111011111111101111111111110, sa_flags=SA_RESTART|SA_SIGINFO
SIGILL: [libjvm.so+0x921dd0], sa_mask[0]=11111111011111111101111111111110, sa_flags=SA_RESTART|SA_SIGINFO
SIGUSR1: SIG_DFL, sa_mask[0]=00000000000000000000000000000000, sa_flags=none
SIGUSR2: [libjvm.so+0x923610], sa_mask[0]=00000000000000000000000000000000, sa_flags=SA_RESTART|SA_SIGINFO
SIGHUP: SIG_DFL, sa_mask[0]=00000000000000000000000000000000, sa_flags=none
SIGINT: SIG_DFL, sa_mask[0]=00000000000000000000000000000000, sa_flags=none
SIGTERM: SIG_DFL, sa_mask[0]=00000000000000000000000000000000, sa_flags=none
SIGQUIT: SIG_DFL, sa_mask[0]=00000000000000000000000000000000, sa_flags=none


---------------  S Y S T E M  ---------------

OS:DISTRIB_ID=Ubuntu
DISTRIB_RELEASE=16.04
DISTRIB_CODENAME=xenial
DISTRIB_DESCRIPTION="Ubuntu 16.04.2 LTS"

uname:Linux 4.8.0-49-generic #52~16.04.1-Ubuntu SMP Thu Apr 20 10:55:59 UTC 2017 x86_64
libc:glibc 2.23 NPTL 2.23 
rlimit: STACK 8192k, CORE 0k, NPROC 39124, NOFILE 65536, AS infinity
load average:0.74 0.69 0.69

/proc/meminfo:
MemTotal:       10058192 kB
MemFree:          110684 kB
MemAvailable:     386928 kB
Buffers:           54564 kB
Cached:          1040852 kB
SwapCached:        10964 kB
Active:          3940204 kB
Inactive:        1477976 kB
Active(anon):    3695172 kB
Inactive(anon):  1307376 kB
Active(file):     245032 kB
Inactive(file):   170600 kB
Unevictable:         880 kB
Mlocked:             880 kB
SwapTotal:       2094076 kB
SwapFree:         842380 kB
Dirty:                 0 kB
Writeback:           148 kB
AnonPages:       4313240 kB
Mapped:           779616 kB
Shmem:            679376 kB
Slab:             411080 kB
SReclaimable:     173904 kB
SUnreclaim:       237176 kB
KernelStack:       16992 kB
PageTables:        65000 kB
NFS_Unstable:          0 kB
Bounce:                0 kB
WritebackTmp:          0 kB
CommitLimit:     7123172 kB
Committed_AS:   14250548 kB
VmallocTotal:   34359738367 kB
VmallocUsed:           0 kB
VmallocChunk:          0 kB
HardwareCorrupted:     0 kB
AnonHugePages:   1118208 kB
ShmemHugePages:        0 kB
ShmemPmdMapped:        0 kB
CmaTotal:              0 kB
CmaFree:               0 kB
HugePages_Total:       0
HugePages_Free:        0
HugePages_Rsvd:        0
HugePages_Surp:        0
Hugepagesize:       2048 kB
DirectMap4k:      356160 kB
DirectMap2M:     9965568 kB
DirectMap1G:           0 kB


CPU:total 6 (initial active 6) (3 cores per cpu, 1 threads per core) family 6 model 94 stepping 3, cmov, cx8, fxsr, mmx, sse, sse2, sse3, ssse3, sse4.1, sse4.2, popcnt, avx, avx2, aes, clmul, erms, rtm, 3dnowpref, lzcnt, tsc, tscinvbit, bmi1, bmi2, adx

/proc/cpuinfo:
processor	: 0
vendor_id	: GenuineIntel
cpu family	: 6
model		: 94
model name	: Intel(R) Core(TM) i7-6820HQ CPU @ 2.70GHz
stepping	: 3
microcode	: 0xae
cpu MHz		: 2711.082
cache size	: 8192 KB
physical id	: 0
siblings	: 3
core id		: 0
cpu cores	: 3
apicid		: 0
initial apicid	: 0
fpu		: yes
fpu_exception	: yes
cpuid level	: 22
wp		: yes
flags		: fpu vme de pse tsc msr pae mce cx8 apic sep mtrr pge mca cmov pat pse36 clflush dts mmx fxsr sse sse2 ss ht syscall nx pdpe1gb rdtscp lm constant_tsc arch_perfmon pebs bts nopl xtopology tsc_reliable nonstop_tsc aperfmperf eagerfpu pni pclmulqdq vmx ssse3 fma cx16 pcid sse4_1 sse4_2 x2apic movbe popcnt tsc_deadline_timer aes xsave avx f16c rdrand hypervisor lahf_lm abm 3dnowprefetch epb tpr_shadow vnmi ept vpid fsgsbase tsc_adjust bmi1 hle avx2 smep bmi2 invpcid rtm rdseed adx smap xsaveopt dtherm ida arat pln pts hwp hwp_notify hwp_act_window hwp_epp
bugs		:
bogomips	: 5422.78
clflush size	: 64
cache_alignment	: 64
address sizes	: 42 bits physical, 48 bits virtual
power management:

processor	: 1
vendor_id	: GenuineIntel
cpu family	: 6
model		: 94
model name	: Intel(R) Core(TM) i7-6820HQ CPU @ 2.70GHz
stepping	: 3
microcode	: 0xae
cpu MHz		: 2711.082
cache size	: 8192 KB
physical id	: 0
siblings	: 3
core id		: 1
cpu cores	: 3
apicid		: 1
initial apicid	: 1
fpu		: yes
fpu_exception	: yes
cpuid level	: 22
wp		: yes
flags		: fpu vme de pse tsc msr pae mce cx8 apic sep mtrr pge mca cmov pat pse36 clflush dts mmx fxsr sse sse2 ss ht syscall nx pdpe1gb rdtscp lm constant_tsc arch_perfmon pebs bts nopl xtopology tsc_reliable nonstop_tsc aperfmperf eagerfpu pni pclmulqdq vmx ssse3 fma cx16 pcid sse4_1 sse4_2 x2apic movbe popcnt tsc_deadline_timer aes xsave avx f16c rdrand hypervisor lahf_lm abm 3dnowprefetch epb tpr_shadow vnmi ept vpid fsgsbase tsc_adjust bmi1 hle avx2 smep bmi2 invpcid rtm rdseed adx smap xsaveopt dtherm ida arat pln pts hwp hwp_notify hwp_act_window hwp_epp
bugs		:
bogomips	: 5422.78
clflush size	: 64
cache_alignment	: 64
address sizes	: 42 bits physical, 48 bits virtual
power management:

processor	: 2
vendor_id	: GenuineIntel
cpu family	: 6
model		: 94
model name	: Intel(R) Core(TM) i7-6820HQ CPU @ 2.70GHz
stepping	: 3
microcode	: 0xae
cpu MHz		: 2711.082
cache size	: 8192 KB
physical id	: 0
siblings	: 3
core id		: 2
cpu cores	: 3
apicid		: 2
initial apicid	: 2
fpu		: yes
fpu_exception	: yes
cpuid level	: 22
wp		: yes
flags		: fpu vme de pse tsc msr pae mce cx8 apic sep mtrr pge mca cmov pat pse36 clflush dts mmx fxsr sse sse2 ss ht syscall nx pdpe1gb rdtscp lm constant_tsc arch_perfmon pebs bts nopl xtopology tsc_reliable nonstop_tsc aperfmperf eagerfpu pni pclmulqdq vmx ssse3 fma cx16 pcid sse4_1 sse4_2 x2apic movbe popcnt tsc_deadline_timer aes xsave avx f16c rdrand hypervisor lahf_lm abm 3dnowprefetch epb tpr_shadow vnmi ept vpid fsgsbase tsc_adjust bmi1 hle avx2 smep bmi2 invpcid rtm rdseed adx smap xsaveopt dtherm ida arat pln pts hwp hwp_notify hwp_act_window hwp_epp
bugs		:
bogomips	: 5422.78
clflush size	: 64
cache_alignment	: 64
address sizes	: 42 bits physical, 48 bits virtual
power management:

processor	: 3
vendor_id	: GenuineIntel
cpu family	: 6
model		: 94
model name	: Intel(R) Core(TM) i7-6820HQ CPU @ 2.70GHz
stepping	: 3
microcode	: 0xae
cpu MHz		: 2711.082
cache size	: 8192 KB
physical id	: 1
siblings	: 3
core id		: 0
cpu cores	: 3
apicid		: 4
initial apicid	: 4
fpu		: yes
fpu_exception	: yes
cpuid level	: 22
wp		: yes
flags		: fpu vme de pse tsc msr pae mce cx8 apic sep mtrr pge mca cmov pat pse36 clflush dts mmx fxsr sse sse2 ss ht syscall nx pdpe1gb rdtscp lm constant_tsc arch_perfmon pebs bts nopl xtopology tsc_reliable nonstop_tsc aperfmperf eagerfpu pni pclmulqdq vmx ssse3 fma cx16 pcid sse4_1 sse4_2 x2apic movbe popcnt tsc_deadline_timer aes xsave avx f16c rdrand hypervisor lahf_lm abm 3dnowprefetch epb tpr_shadow vnmi ept vpid fsgsbase tsc_adjust bmi1 hle avx2 smep bmi2 invpcid rtm rdseed adx smap xsaveopt dtherm ida arat pln pts hwp hwp_notify hwp_act_window hwp_epp
bugs		:
bogomips	: 5422.78
clflush size	: 64
cache_alignment	: 64
address sizes	: 42 bits physical, 48 bits virtual
power management:

processor	: 4
vendor_id	: GenuineIntel
cpu family	: 6
model		: 94
model name	: Intel(R) Core(TM) i7-6820HQ CPU @ 2.70GHz
stepping	: 3
microcode	: 0xae
cpu MHz		: 2711.082
cache size	: 8192 KB
physical id	: 1
siblings	: 3
core id		: 1
cpu cores	: 3
apicid		: 5
initial apicid	: 5
fpu		: yes
fpu_exception	: yes
cpuid level	: 22
wp		: yes
flags		: fpu vme de pse tsc msr pae mce cx8 apic sep mtrr pge mca cmov pat pse36 clflush dts mmx fxsr sse sse2 ss ht syscall nx pdpe1gb rdtscp lm constant_tsc arch_perfmon pebs bts nopl xtopology tsc_reliable nonstop_tsc aperfmperf eagerfpu pni pclmulqdq vmx ssse3 fma cx16 pcid sse4_1 sse4_2 x2apic movbe popcnt tsc_deadline_timer aes xsave avx f16c rdrand hypervisor lahf_lm abm 3dnowprefetch epb tpr_shadow vnmi ept vpid fsgsbase tsc_adjust bmi1 hle avx2 smep bmi2 invpcid rtm rdseed adx smap xsaveopt dtherm ida arat pln pts hwp hwp_notify hwp_act_window hwp_epp
bugs		:
bogomips	: 5422.78
clflush size	: 64
cache_alignment	: 64
address sizes	: 42 bits physical, 48 bits virtual
power management:

processor	: 5
vendor_id	: GenuineIntel
cpu family	: 6
model		: 94
model name	: Intel(R) Core(TM) i7-6820HQ CPU @ 2.70GHz
stepping	: 3
microcode	: 0xae
cpu MHz		: 2711.082
cache size	: 8192 KB
physical id	: 1
siblings	: 3
core id		: 2
cpu cores	: 3
apicid		: 6
initial apicid	: 6
fpu		: yes
fpu_exception	: yes
cpuid level	: 22
wp		: yes
flags		: fpu vme de pse tsc msr pae mce cx8 apic sep mtrr pge mca cmov pat pse36 clflush dts mmx fxsr sse sse2 ss ht syscall nx pdpe1gb rdtscp lm constant_tsc arch_perfmon pebs bts nopl xtopology tsc_reliable nonstop_tsc aperfmperf eagerfpu pni pclmulqdq vmx ssse3 fma cx16 pcid sse4_1 sse4_2 x2apic movbe popcnt tsc_deadline_timer aes xsave avx f16c rdrand hypervisor lahf_lm abm 3dnowprefetch epb tpr_shadow vnmi ept vpid fsgsbase tsc_adjust bmi1 hle avx2 smep bmi2 invpcid rtm rdseed adx smap xsaveopt dtherm ida arat pln pts hwp hwp_notify hwp_act_window hwp_epp
bugs		:
bogomips	: 5422.78
clflush size	: 64
cache_alignment	: 64
address sizes	: 42 bits physical, 48 bits virtual
power management:



Memory: 4k page, physical 10058192k(110684k free), swap 2094076k(842380k free)

vm_info: Java HotSpot(TM) 64-Bit Server VM (25.131-b11) for linux-amd64 JRE (1.8.0_131-b11), built on Mar 15 2017 01:23:40 by "java_re" with gcc 4.3.0 20080428 (Red Hat 4.3.0-8)

time: Fri May 12 12:30:44 2017
elapsed time: 1 seconds (0d 0h 0m 1s)

