[2017-05-10T18:13:15,608][INFO ][o.e.n.Node               ] [] initializing ...
[2017-05-10T18:13:15,679][INFO ][o.e.e.NodeEnvironment    ] [idAwBkj] using [1] data paths, mounts [[/ (/dev/sda1)]], net usable_space [26.1gb], net total_space [56.9gb], spins? [possibly], types [ext4]
[2017-05-10T18:13:15,680][INFO ][o.e.e.NodeEnvironment    ] [idAwBkj] heap size [1.9gb], compressed ordinary object pointers [true]
[2017-05-10T18:13:15,681][INFO ][o.e.n.Node               ] node name [idAwBkj] derived from node ID [idAwBkjhTkmpnca_WTgKiA]; set [node.name] to override
[2017-05-10T18:13:15,681][INFO ][o.e.n.Node               ] version[5.4.0], pid[98341], build[780f8c4/2017-04-28T17:43:27.229Z], OS[Linux/4.8.0-49-generic/amd64], JVM[Oracle Corporation/Java HotSpot(TM) 64-Bit Server VM/1.8.0_131/25.131-b11]
[2017-05-10T18:13:16,362][INFO ][o.e.p.PluginsService     ] [idAwBkj] loaded module [aggs-matrix-stats]
[2017-05-10T18:13:16,362][INFO ][o.e.p.PluginsService     ] [idAwBkj] loaded module [ingest-common]
[2017-05-10T18:13:16,362][INFO ][o.e.p.PluginsService     ] [idAwBkj] loaded module [lang-expression]
[2017-05-10T18:13:16,362][INFO ][o.e.p.PluginsService     ] [idAwBkj] loaded module [lang-groovy]
[2017-05-10T18:13:16,362][INFO ][o.e.p.PluginsService     ] [idAwBkj] loaded module [lang-mustache]
[2017-05-10T18:13:16,362][INFO ][o.e.p.PluginsService     ] [idAwBkj] loaded module [lang-painless]
[2017-05-10T18:13:16,362][INFO ][o.e.p.PluginsService     ] [idAwBkj] loaded module [percolator]
[2017-05-10T18:13:16,362][INFO ][o.e.p.PluginsService     ] [idAwBkj] loaded module [reindex]
[2017-05-10T18:13:16,362][INFO ][o.e.p.PluginsService     ] [idAwBkj] loaded module [transport-netty3]
[2017-05-10T18:13:16,363][INFO ][o.e.p.PluginsService     ] [idAwBkj] loaded module [transport-netty4]
[2017-05-10T18:13:16,363][INFO ][o.e.p.PluginsService     ] [idAwBkj] no plugins loaded
[2017-05-10T18:13:17,720][INFO ][o.e.d.DiscoveryModule    ] [idAwBkj] using discovery type [zen]
[2017-05-10T18:13:18,259][INFO ][o.e.n.Node               ] initialized
[2017-05-10T18:13:18,260][INFO ][o.e.n.Node               ] [idAwBkj] starting ...
[2017-05-10T18:13:18,510][INFO ][o.e.t.TransportService   ] [idAwBkj] publish_address {127.0.0.1:9300}, bound_addresses {[::1]:9300}, {127.0.0.1:9300}
[2017-05-10T18:13:18,529][WARN ][o.e.b.BootstrapChecks    ] [idAwBkj] max virtual memory areas vm.max_map_count [65530] is too low, increase to at least [262144]
[2017-05-10T18:13:21,632][INFO ][o.e.c.s.ClusterService   ] [idAwBkj] new_master {idAwBkj}{idAwBkjhTkmpnca_WTgKiA}{P0BxcwfhS6mENUcfRnBpcw}{127.0.0.1}{127.0.0.1:9300}, reason: zen-disco-elected-as-master ([0] nodes joined)
[2017-05-10T18:13:21,665][INFO ][o.e.g.GatewayService     ] [idAwBkj] recovered [0] indices into cluster_state
[2017-05-10T18:13:21,679][INFO ][o.e.h.n.Netty4HttpServerTransport] [idAwBkj] publish_address {127.0.0.1:9200}, bound_addresses {[::1]:9200}, {127.0.0.1:9200}
[2017-05-10T18:13:21,682][INFO ][o.e.n.Node               ] [idAwBkj] started
[2017-05-10T18:28:42,553][INFO ][o.e.c.m.MetaDataCreateIndexService] [idAwBkj] [news] creating index, cause [auto(bulk api)], templates [], shards [5]/[1], mappings []
[2017-05-10T18:28:42,953][DEBUG][o.e.a.b.TransportShardBulkAction] [idAwBkj] [news][3] failed to execute bulk item (index) BulkShardRequest [[news][3]] containing [index {[news][news][1], source[{"description": "When Steve Bannon, President Donald Trump's chief strategist, appeared at the Conservative Political Action Conference in February, he appeared to be at the height of his powers.", "author": "Chris Cillizza, CNN Editor-at-large", "url": "http://www.cnn.com/2017/04/09/politics/bannon-worst-week-cillizza/index.html", "text": "Story highlights Bannon was removed from the NSC in what the White House said was a planned move\n\n'We gotta work this out,' Trump reportedly told Bannon and Jared Kushner about their increasingly nasty infighting\n\n(CNN) When Steve Bannon, President Donald Trump's chief strategist, appeared at the Conservative Political Action Conference in February, he appeared to be at the height of his powers.\n\nTrump had pushed through an executive order banning travel from seven Muslim-majority countries. He had placed Bannon, controversially, on the National Security Council.\n\nBannon and his world view was ascendant -- and he knew it. The administration's goal was the \"deconstruction of the administrative state,\" he said at CPAC.\n\nSince then, Bannon has watched his power within the White House steadily shrink, an erosion that culminated this week when he was removed from the NSC and his battles with Trump's son-in-law, Jared Kushner, went public.\n\nBannon was removed from the NSC in what the White House claims was a planned move. He was only there to keep an eye on Michael Flynn, the argument went, and with Flynn being forced to resign as national security adviser, Bannon's job was theoretically, done! (Nota bene: Flynn and Bannon were allies and similarly minded in world view.)\n\nRead More", "title": "Steve Bannon's Worst Week in Washington", "publishedAt": {"$date": "2017-04-09T20:58:30.000Z"}, "source": "cnn", "urlToImage": "http://i2.cdn.cnn.com/cnnnext/dam/assets/170408061623-jared-kushner-steve-bannon-super-tease.jpg", "_id": {"$oid": "58eab454575a096f362dc1f1"}, "class": "Media", "digest": "HyQV2kKo5ZkeiO2GHRmZ2A==\n"}]}]
org.elasticsearch.index.mapper.MapperParsingException: Field [_id] is a metadata field and cannot be added inside a document. Use the index API request parameters.
	at org.elasticsearch.index.mapper.DocumentParser.innerParseObject(DocumentParser.java:389) ~[elasticsearch-5.4.0.jar:5.4.0]
	at org.elasticsearch.index.mapper.DocumentParser.parseObjectOrNested(DocumentParser.java:373) ~[elasticsearch-5.4.0.jar:5.4.0]
	at org.elasticsearch.index.mapper.DocumentParser.internalParseDocument(DocumentParser.java:93) ~[elasticsearch-5.4.0.jar:5.4.0]
	at org.elasticsearch.index.mapper.DocumentParser.parseDocument(DocumentParser.java:66) ~[elasticsearch-5.4.0.jar:5.4.0]
	at org.elasticsearch.index.mapper.DocumentMapper.parse(DocumentMapper.java:277) ~[elasticsearch-5.4.0.jar:5.4.0]
	at org.elasticsearch.index.shard.IndexShard.prepareIndex(IndexShard.java:536) ~[elasticsearch-5.4.0.jar:5.4.0]
	at org.elasticsearch.index.shard.IndexShard.prepareIndexOnPrimary(IndexShard.java:513) ~[elasticsearch-5.4.0.jar:5.4.0]
	at org.elasticsearch.action.bulk.TransportShardBulkAction.prepareIndexOperationOnPrimary(TransportShardBulkAction.java:450) ~[elasticsearch-5.4.0.jar:5.4.0]
	at org.elasticsearch.action.bulk.TransportShardBulkAction.executeIndexRequestOnPrimary(TransportShardBulkAction.java:458) ~[elasticsearch-5.4.0.jar:5.4.0]
	at org.elasticsearch.action.bulk.TransportShardBulkAction.executeBulkItemRequest(TransportShardBulkAction.java:143) [elasticsearch-5.4.0.jar:5.4.0]
	at org.elasticsearch.action.bulk.TransportShardBulkAction.shardOperationOnPrimary(TransportShardBulkAction.java:113) [elasticsearch-5.4.0.jar:5.4.0]
	at org.elasticsearch.action.bulk.TransportShardBulkAction.shardOperationOnPrimary(TransportShardBulkAction.java:69) [elasticsearch-5.4.0.jar:5.4.0]
	at org.elasticsearch.action.support.replication.TransportReplicationAction$PrimaryShardReference.perform(TransportReplicationAction.java:939) [elasticsearch-5.4.0.jar:5.4.0]
	at org.elasticsearch.action.support.replication.TransportReplicationAction$PrimaryShardReference.perform(TransportReplicationAction.java:908) [elasticsearch-5.4.0.jar:5.4.0]
	at org.elasticsearch.action.support.replication.ReplicationOperation.execute(ReplicationOperation.java:113) [elasticsearch-5.4.0.jar:5.4.0]
	at org.elasticsearch.action.support.replication.TransportReplicationAction$AsyncPrimaryAction.onResponse(TransportReplicationAction.java:322) [elasticsearch-5.4.0.jar:5.4.0]
	at org.elasticsearch.action.support.replication.TransportReplicationAction$AsyncPrimaryAction.onResponse(TransportReplicationAction.java:264) [elasticsearch-5.4.0.jar:5.4.0]
	at org.elasticsearch.action.support.replication.TransportReplicationAction$1.onResponse(TransportReplicationAction.java:888) [elasticsearch-5.4.0.jar:5.4.0]
	at org.elasticsearch.action.support.replication.TransportReplicationAction$1.onResponse(TransportReplicationAction.java:885) [elasticsearch-5.4.0.jar:5.4.0]
	at org.elasticsearch.index.shard.IndexShardOperationsLock.acquire(IndexShardOperationsLock.java:147) [elasticsearch-5.4.0.jar:5.4.0]
	at org.elasticsearch.index.shard.IndexShard.acquirePrimaryOperationLock(IndexShard.java:1658) [elasticsearch-5.4.0.jar:5.4.0]
	at org.elasticsearch.action.support.replication.TransportReplicationAction.acquirePrimaryShardReference(TransportReplicationAction.java:897) [elasticsearch-5.4.0.jar:5.4.0]
	at org.elasticsearch.action.support.replication.TransportReplicationAction.access$400(TransportReplicationAction.java:93) [elasticsearch-5.4.0.jar:5.4.0]
	at org.elasticsearch.action.support.replication.TransportReplicationAction$AsyncPrimaryAction.doRun(TransportReplicationAction.java:281) [elasticsearch-5.4.0.jar:5.4.0]
	at org.elasticsearch.common.util.concurrent.AbstractRunnable.run(AbstractRunnable.java:37) [elasticsearch-5.4.0.jar:5.4.0]
	at org.elasticsearch.action.support.replication.TransportReplicationAction$PrimaryOperationTransportHandler.messageReceived(TransportReplicationAction.java:260) [elasticsearch-5.4.0.jar:5.4.0]
	at org.elasticsearch.action.support.replication.TransportReplicationAction$PrimaryOperationTransportHandler.messageReceived(TransportReplicationAction.java:252) [elasticsearch-5.4.0.jar:5.4.0]
	at org.elasticsearch.transport.RequestHandlerRegistry.processMessageReceived(RequestHandlerRegistry.java:69) [elasticsearch-5.4.0.jar:5.4.0]
	at org.elasticsearch.transport.TransportService$7.doRun(TransportService.java:627) [elasticsearch-5.4.0.jar:5.4.0]
	at org.elasticsearch.common.util.concurrent.ThreadContext$ContextPreservingAbstractRunnable.doRun(ThreadContext.java:638) [elasticsearch-5.4.0.jar:5.4.0]
	at org.elasticsearch.common.util.concurrent.AbstractRunnable.run(AbstractRunnable.java:37) [elasticsearch-5.4.0.jar:5.4.0]
	at java.util.concurrent.ThreadPoolExecutor.runWorker(ThreadPoolExecutor.java:1142) [?:1.8.0_131]
	at java.util.concurrent.ThreadPoolExecutor$Worker.run(ThreadPoolExecutor.java:617) [?:1.8.0_131]
	at java.lang.Thread.run(Thread.java:748) [?:1.8.0_131]
[2017-05-10T18:29:56,535][DEBUG][o.e.a.b.TransportShardBulkAction] [idAwBkj] [news][3] failed to execute bulk item (index) BulkShardRequest [[news][3]] containing [index {[news][news][1], source[{"description": "When Steve Bannon, President Donald Trump's chief strategist, appeared at the Conservative Political Action Conference in February, he appeared to be at the height of his powers.", "author": "Chris Cillizza, CNN Editor-at-large", "url": "http://www.cnn.com/2017/04/09/politics/bannon-worst-week-cillizza/index.html", "text": "Story highlights Bannon was removed from the NSC in what the White House said was a planned move\n\n'We gotta work this out,' Trump reportedly told Bannon and Jared Kushner about their increasingly nasty infighting\n\n(CNN) When Steve Bannon, President Donald Trump's chief strategist, appeared at the Conservative Political Action Conference in February, he appeared to be at the height of his powers.\n\nTrump had pushed through an executive order banning travel from seven Muslim-majority countries. He had placed Bannon, controversially, on the National Security Council.\n\nBannon and his world view was ascendant -- and he knew it. The administration's goal was the \"deconstruction of the administrative state,\" he said at CPAC.\n\nSince then, Bannon has watched his power within the White House steadily shrink, an erosion that culminated this week when he was removed from the NSC and his battles with Trump's son-in-law, Jared Kushner, went public.\n\nBannon was removed from the NSC in what the White House claims was a planned move. He was only there to keep an eye on Michael Flynn, the argument went, and with Flynn being forced to resign as national security adviser, Bannon's job was theoretically, done! (Nota bene: Flynn and Bannon were allies and similarly minded in world view.)\n\nRead More", "title": "Steve Bannon's Worst Week in Washington", "publishedAt": {"$date": "2017-04-09T20:58:30.000Z"}, "source": "cnn", "urlToImage": "http://i2.cdn.cnn.com/cnnnext/dam/assets/170408061623-jared-kushner-steve-bannon-super-tease.jpg", "_id": {"$oid": "58eab454575a096f362dc1f1"}, "class": "Media", "digest": "HyQV2kKo5ZkeiO2GHRmZ2A==\n"}]}]
org.elasticsearch.index.mapper.MapperParsingException: Field [_id] is a metadata field and cannot be added inside a document. Use the index API request parameters.
	at org.elasticsearch.index.mapper.DocumentParser.innerParseObject(DocumentParser.java:389) ~[elasticsearch-5.4.0.jar:5.4.0]
	at org.elasticsearch.index.mapper.DocumentParser.parseObjectOrNested(DocumentParser.java:373) ~[elasticsearch-5.4.0.jar:5.4.0]
	at org.elasticsearch.index.mapper.DocumentParser.internalParseDocument(DocumentParser.java:93) ~[elasticsearch-5.4.0.jar:5.4.0]
	at org.elasticsearch.index.mapper.DocumentParser.parseDocument(DocumentParser.java:66) ~[elasticsearch-5.4.0.jar:5.4.0]
	at org.elasticsearch.index.mapper.DocumentMapper.parse(DocumentMapper.java:277) ~[elasticsearch-5.4.0.jar:5.4.0]
	at org.elasticsearch.index.shard.IndexShard.prepareIndex(IndexShard.java:536) ~[elasticsearch-5.4.0.jar:5.4.0]
	at org.elasticsearch.index.shard.IndexShard.prepareIndexOnPrimary(IndexShard.java:513) ~[elasticsearch-5.4.0.jar:5.4.0]
	at org.elasticsearch.action.bulk.TransportShardBulkAction.prepareIndexOperationOnPrimary(TransportShardBulkAction.java:450) ~[elasticsearch-5.4.0.jar:5.4.0]
	at org.elasticsearch.action.bulk.TransportShardBulkAction.executeIndexRequestOnPrimary(TransportShardBulkAction.java:458) ~[elasticsearch-5.4.0.jar:5.4.0]
	at org.elasticsearch.action.bulk.TransportShardBulkAction.executeBulkItemRequest(TransportShardBulkAction.java:143) [elasticsearch-5.4.0.jar:5.4.0]
	at org.elasticsearch.action.bulk.TransportShardBulkAction.shardOperationOnPrimary(TransportShardBulkAction.java:113) [elasticsearch-5.4.0.jar:5.4.0]
	at org.elasticsearch.action.bulk.TransportShardBulkAction.shardOperationOnPrimary(TransportShardBulkAction.java:69) [elasticsearch-5.4.0.jar:5.4.0]
	at org.elasticsearch.action.support.replication.TransportReplicationAction$PrimaryShardReference.perform(TransportReplicationAction.java:939) [elasticsearch-5.4.0.jar:5.4.0]
	at org.elasticsearch.action.support.replication.TransportReplicationAction$PrimaryShardReference.perform(TransportReplicationAction.java:908) [elasticsearch-5.4.0.jar:5.4.0]
	at org.elasticsearch.action.support.replication.ReplicationOperation.execute(ReplicationOperation.java:113) [elasticsearch-5.4.0.jar:5.4.0]
	at org.elasticsearch.action.support.replication.TransportReplicationAction$AsyncPrimaryAction.onResponse(TransportReplicationAction.java:322) [elasticsearch-5.4.0.jar:5.4.0]
	at org.elasticsearch.action.support.replication.TransportReplicationAction$AsyncPrimaryAction.onResponse(TransportReplicationAction.java:264) [elasticsearch-5.4.0.jar:5.4.0]
	at org.elasticsearch.action.support.replication.TransportReplicationAction$1.onResponse(TransportReplicationAction.java:888) [elasticsearch-5.4.0.jar:5.4.0]
	at org.elasticsearch.action.support.replication.TransportReplicationAction$1.onResponse(TransportReplicationAction.java:885) [elasticsearch-5.4.0.jar:5.4.0]
	at org.elasticsearch.index.shard.IndexShardOperationsLock.acquire(IndexShardOperationsLock.java:147) [elasticsearch-5.4.0.jar:5.4.0]
	at org.elasticsearch.index.shard.IndexShard.acquirePrimaryOperationLock(IndexShard.java:1658) [elasticsearch-5.4.0.jar:5.4.0]
	at org.elasticsearch.action.support.replication.TransportReplicationAction.acquirePrimaryShardReference(TransportReplicationAction.java:897) [elasticsearch-5.4.0.jar:5.4.0]
	at org.elasticsearch.action.support.replication.TransportReplicationAction.access$400(TransportReplicationAction.java:93) [elasticsearch-5.4.0.jar:5.4.0]
	at org.elasticsearch.action.support.replication.TransportReplicationAction$AsyncPrimaryAction.doRun(TransportReplicationAction.java:281) [elasticsearch-5.4.0.jar:5.4.0]
	at org.elasticsearch.common.util.concurrent.AbstractRunnable.run(AbstractRunnable.java:37) [elasticsearch-5.4.0.jar:5.4.0]
	at org.elasticsearch.action.support.replication.TransportReplicationAction$PrimaryOperationTransportHandler.messageReceived(TransportReplicationAction.java:260) [elasticsearch-5.4.0.jar:5.4.0]
	at org.elasticsearch.action.support.replication.TransportReplicationAction$PrimaryOperationTransportHandler.messageReceived(TransportReplicationAction.java:252) [elasticsearch-5.4.0.jar:5.4.0]
	at org.elasticsearch.transport.RequestHandlerRegistry.processMessageReceived(RequestHandlerRegistry.java:69) [elasticsearch-5.4.0.jar:5.4.0]
	at org.elasticsearch.transport.TransportService$7.doRun(TransportService.java:627) [elasticsearch-5.4.0.jar:5.4.0]
	at org.elasticsearch.common.util.concurrent.ThreadContext$ContextPreservingAbstractRunnable.doRun(ThreadContext.java:638) [elasticsearch-5.4.0.jar:5.4.0]
	at org.elasticsearch.common.util.concurrent.AbstractRunnable.run(AbstractRunnable.java:37) [elasticsearch-5.4.0.jar:5.4.0]
	at java.util.concurrent.ThreadPoolExecutor.runWorker(ThreadPoolExecutor.java:1142) [?:1.8.0_131]
	at java.util.concurrent.ThreadPoolExecutor$Worker.run(ThreadPoolExecutor.java:617) [?:1.8.0_131]
	at java.lang.Thread.run(Thread.java:748) [?:1.8.0_131]
[2017-05-10T18:30:03,365][DEBUG][o.e.a.b.TransportShardBulkAction] [idAwBkj] [news][3] failed to execute bulk item (index) BulkShardRequest [[news][3]] containing [index {[news][news][1], source[{"description": "When Steve Bannon, President Donald Trump's chief strategist, appeared at the Conservative Political Action Conference in February, he appeared to be at the height of his powers.", "author": "Chris Cillizza, CNN Editor-at-large", "url": "http://www.cnn.com/2017/04/09/politics/bannon-worst-week-cillizza/index.html", "text": "Story highlights Bannon was removed from the NSC in what the White House said was a planned move\n\n'We gotta work this out,' Trump reportedly told Bannon and Jared Kushner about their increasingly nasty infighting\n\n(CNN) When Steve Bannon, President Donald Trump's chief strategist, appeared at the Conservative Political Action Conference in February, he appeared to be at the height of his powers.\n\nTrump had pushed through an executive order banning travel from seven Muslim-majority countries. He had placed Bannon, controversially, on the National Security Council.\n\nBannon and his world view was ascendant -- and he knew it. The administration's goal was the \"deconstruction of the administrative state,\" he said at CPAC.\n\nSince then, Bannon has watched his power within the White House steadily shrink, an erosion that culminated this week when he was removed from the NSC and his battles with Trump's son-in-law, Jared Kushner, went public.\n\nBannon was removed from the NSC in what the White House claims was a planned move. He was only there to keep an eye on Michael Flynn, the argument went, and with Flynn being forced to resign as national security adviser, Bannon's job was theoretically, done! (Nota bene: Flynn and Bannon were allies and similarly minded in world view.)\n\nRead More", "title": "Steve Bannon's Worst Week in Washington", "publishedAt": {"$date": "2017-04-09T20:58:30.000Z"}, "source": "cnn", "urlToImage": "http://i2.cdn.cnn.com/cnnnext/dam/assets/170408061623-jared-kushner-steve-bannon-super-tease.jpg", "_id": {"$oid": "58eab454575a096f362dc1f1"}, "class": "Media", "digest": "HyQV2kKo5ZkeiO2GHRmZ2A==\n"}]}]
org.elasticsearch.index.mapper.MapperParsingException: Field [_id] is a metadata field and cannot be added inside a document. Use the index API request parameters.
	at org.elasticsearch.index.mapper.DocumentParser.innerParseObject(DocumentParser.java:389) ~[elasticsearch-5.4.0.jar:5.4.0]
	at org.elasticsearch.index.mapper.DocumentParser.parseObjectOrNested(DocumentParser.java:373) ~[elasticsearch-5.4.0.jar:5.4.0]
	at org.elasticsearch.index.mapper.DocumentParser.internalParseDocument(DocumentParser.java:93) ~[elasticsearch-5.4.0.jar:5.4.0]
	at org.elasticsearch.index.mapper.DocumentParser.parseDocument(DocumentParser.java:66) ~[elasticsearch-5.4.0.jar:5.4.0]
	at org.elasticsearch.index.mapper.DocumentMapper.parse(DocumentMapper.java:277) ~[elasticsearch-5.4.0.jar:5.4.0]
	at org.elasticsearch.index.shard.IndexShard.prepareIndex(IndexShard.java:536) ~[elasticsearch-5.4.0.jar:5.4.0]
	at org.elasticsearch.index.shard.IndexShard.prepareIndexOnPrimary(IndexShard.java:513) ~[elasticsearch-5.4.0.jar:5.4.0]
	at org.elasticsearch.action.bulk.TransportShardBulkAction.prepareIndexOperationOnPrimary(TransportShardBulkAction.java:450) ~[elasticsearch-5.4.0.jar:5.4.0]
	at org.elasticsearch.action.bulk.TransportShardBulkAction.executeIndexRequestOnPrimary(TransportShardBulkAction.java:458) ~[elasticsearch-5.4.0.jar:5.4.0]
	at org.elasticsearch.action.bulk.TransportShardBulkAction.executeBulkItemRequest(TransportShardBulkAction.java:143) [elasticsearch-5.4.0.jar:5.4.0]
	at org.elasticsearch.action.bulk.TransportShardBulkAction.shardOperationOnPrimary(TransportShardBulkAction.java:113) [elasticsearch-5.4.0.jar:5.4.0]
	at org.elasticsearch.action.bulk.TransportShardBulkAction.shardOperationOnPrimary(TransportShardBulkAction.java:69) [elasticsearch-5.4.0.jar:5.4.0]
	at org.elasticsearch.action.support.replication.TransportReplicationAction$PrimaryShardReference.perform(TransportReplicationAction.java:939) [elasticsearch-5.4.0.jar:5.4.0]
	at org.elasticsearch.action.support.replication.TransportReplicationAction$PrimaryShardReference.perform(TransportReplicationAction.java:908) [elasticsearch-5.4.0.jar:5.4.0]
	at org.elasticsearch.action.support.replication.ReplicationOperation.execute(ReplicationOperation.java:113) [elasticsearch-5.4.0.jar:5.4.0]
	at org.elasticsearch.action.support.replication.TransportReplicationAction$AsyncPrimaryAction.onResponse(TransportReplicationAction.java:322) [elasticsearch-5.4.0.jar:5.4.0]
	at org.elasticsearch.action.support.replication.TransportReplicationAction$AsyncPrimaryAction.onResponse(TransportReplicationAction.java:264) [elasticsearch-5.4.0.jar:5.4.0]
	at org.elasticsearch.action.support.replication.TransportReplicationAction$1.onResponse(TransportReplicationAction.java:888) [elasticsearch-5.4.0.jar:5.4.0]
	at org.elasticsearch.action.support.replication.TransportReplicationAction$1.onResponse(TransportReplicationAction.java:885) [elasticsearch-5.4.0.jar:5.4.0]
	at org.elasticsearch.index.shard.IndexShardOperationsLock.acquire(IndexShardOperationsLock.java:147) [elasticsearch-5.4.0.jar:5.4.0]
	at org.elasticsearch.index.shard.IndexShard.acquirePrimaryOperationLock(IndexShard.java:1658) [elasticsearch-5.4.0.jar:5.4.0]
	at org.elasticsearch.action.support.replication.TransportReplicationAction.acquirePrimaryShardReference(TransportReplicationAction.java:897) [elasticsearch-5.4.0.jar:5.4.0]
	at org.elasticsearch.action.support.replication.TransportReplicationAction.access$400(TransportReplicationAction.java:93) [elasticsearch-5.4.0.jar:5.4.0]
	at org.elasticsearch.action.support.replication.TransportReplicationAction$AsyncPrimaryAction.doRun(TransportReplicationAction.java:281) [elasticsearch-5.4.0.jar:5.4.0]
	at org.elasticsearch.common.util.concurrent.AbstractRunnable.run(AbstractRunnable.java:37) [elasticsearch-5.4.0.jar:5.4.0]
	at org.elasticsearch.action.support.replication.TransportReplicationAction$PrimaryOperationTransportHandler.messageReceived(TransportReplicationAction.java:260) [elasticsearch-5.4.0.jar:5.4.0]
	at org.elasticsearch.action.support.replication.TransportReplicationAction$PrimaryOperationTransportHandler.messageReceived(TransportReplicationAction.java:252) [elasticsearch-5.4.0.jar:5.4.0]
	at org.elasticsearch.transport.RequestHandlerRegistry.processMessageReceived(RequestHandlerRegistry.java:69) [elasticsearch-5.4.0.jar:5.4.0]
	at org.elasticsearch.transport.TransportService$7.doRun(TransportService.java:627) [elasticsearch-5.4.0.jar:5.4.0]
	at org.elasticsearch.common.util.concurrent.ThreadContext$ContextPreservingAbstractRunnable.doRun(ThreadContext.java:638) [elasticsearch-5.4.0.jar:5.4.0]
	at org.elasticsearch.common.util.concurrent.AbstractRunnable.run(AbstractRunnable.java:37) [elasticsearch-5.4.0.jar:5.4.0]
	at java.util.concurrent.ThreadPoolExecutor.runWorker(ThreadPoolExecutor.java:1142) [?:1.8.0_131]
	at java.util.concurrent.ThreadPoolExecutor$Worker.run(ThreadPoolExecutor.java:617) [?:1.8.0_131]
	at java.lang.Thread.run(Thread.java:748) [?:1.8.0_131]
[2017-05-10T18:30:27,082][DEBUG][o.e.a.b.TransportShardBulkAction] [idAwBkj] [news][4] failed to execute bulk item (index) BulkShardRequest [[news][4]] containing [index {[news][news][AVv0fCAFXKjL163BWOKh], source[{"description": "When Steve Bannon, President Donald Trump's chief strategist, appeared at the Conservative Political Action Conference in February, he appeared to be at the height of his powers.", "author": "Chris Cillizza, CNN Editor-at-large", "url": "http://www.cnn.com/2017/04/09/politics/bannon-worst-week-cillizza/index.html", "text": "Story highlights Bannon was removed from the NSC in what the White House said was a planned move\n\n'We gotta work this out,' Trump reportedly told Bannon and Jared Kushner about their increasingly nasty infighting\n\n(CNN) When Steve Bannon, President Donald Trump's chief strategist, appeared at the Conservative Political Action Conference in February, he appeared to be at the height of his powers.\n\nTrump had pushed through an executive order banning travel from seven Muslim-majority countries. He had placed Bannon, controversially, on the National Security Council.\n\nBannon and his world view was ascendant -- and he knew it. The administration's goal was the \"deconstruction of the administrative state,\" he said at CPAC.\n\nSince then, Bannon has watched his power within the White House steadily shrink, an erosion that culminated this week when he was removed from the NSC and his battles with Trump's son-in-law, Jared Kushner, went public.\n\nBannon was removed from the NSC in what the White House claims was a planned move. He was only there to keep an eye on Michael Flynn, the argument went, and with Flynn being forced to resign as national security adviser, Bannon's job was theoretically, done! (Nota bene: Flynn and Bannon were allies and similarly minded in world view.)\n\nRead More", "title": "Steve Bannon's Worst Week in Washington", "publishedAt": {"$date": "2017-04-09T20:58:30.000Z"}, "source": "cnn", "urlToImage": "http://i2.cdn.cnn.com/cnnnext/dam/assets/170408061623-jared-kushner-steve-bannon-super-tease.jpg", "_id": {"$oid": "58eab454575a096f362dc1f1"}, "class": "Media", "digest": "HyQV2kKo5ZkeiO2GHRmZ2A==\n"}]}]
org.elasticsearch.index.mapper.MapperParsingException: Field [_id] is a metadata field and cannot be added inside a document. Use the index API request parameters.
	at org.elasticsearch.index.mapper.DocumentParser.innerParseObject(DocumentParser.java:389) ~[elasticsearch-5.4.0.jar:5.4.0]
	at org.elasticsearch.index.mapper.DocumentParser.parseObjectOrNested(DocumentParser.java:373) ~[elasticsearch-5.4.0.jar:5.4.0]
	at org.elasticsearch.index.mapper.DocumentParser.internalParseDocument(DocumentParser.java:93) ~[elasticsearch-5.4.0.jar:5.4.0]
	at org.elasticsearch.index.mapper.DocumentParser.parseDocument(DocumentParser.java:66) ~[elasticsearch-5.4.0.jar:5.4.0]
	at org.elasticsearch.index.mapper.DocumentMapper.parse(DocumentMapper.java:277) ~[elasticsearch-5.4.0.jar:5.4.0]
	at org.elasticsearch.index.shard.IndexShard.prepareIndex(IndexShard.java:536) ~[elasticsearch-5.4.0.jar:5.4.0]
	at org.elasticsearch.index.shard.IndexShard.prepareIndexOnPrimary(IndexShard.java:513) ~[elasticsearch-5.4.0.jar:5.4.0]
	at org.elasticsearch.action.bulk.TransportShardBulkAction.prepareIndexOperationOnPrimary(TransportShardBulkAction.java:450) ~[elasticsearch-5.4.0.jar:5.4.0]
	at org.elasticsearch.action.bulk.TransportShardBulkAction.executeIndexRequestOnPrimary(TransportShardBulkAction.java:458) ~[elasticsearch-5.4.0.jar:5.4.0]
	at org.elasticsearch.action.bulk.TransportShardBulkAction.executeBulkItemRequest(TransportShardBulkAction.java:143) [elasticsearch-5.4.0.jar:5.4.0]
	at org.elasticsearch.action.bulk.TransportShardBulkAction.shardOperationOnPrimary(TransportShardBulkAction.java:113) [elasticsearch-5.4.0.jar:5.4.0]
	at org.elasticsearch.action.bulk.TransportShardBulkAction.shardOperationOnPrimary(TransportShardBulkAction.java:69) [elasticsearch-5.4.0.jar:5.4.0]
	at org.elasticsearch.action.support.replication.TransportReplicationAction$PrimaryShardReference.perform(TransportReplicationAction.java:939) [elasticsearch-5.4.0.jar:5.4.0]
	at org.elasticsearch.action.support.replication.TransportReplicationAction$PrimaryShardReference.perform(TransportReplicationAction.java:908) [elasticsearch-5.4.0.jar:5.4.0]
	at org.elasticsearch.action.support.replication.ReplicationOperation.execute(ReplicationOperation.java:113) [elasticsearch-5.4.0.jar:5.4.0]
	at org.elasticsearch.action.support.replication.TransportReplicationAction$AsyncPrimaryAction.onResponse(TransportReplicationAction.java:322) [elasticsearch-5.4.0.jar:5.4.0]
	at org.elasticsearch.action.support.replication.TransportReplicationAction$AsyncPrimaryAction.onResponse(TransportReplicationAction.java:264) [elasticsearch-5.4.0.jar:5.4.0]
	at org.elasticsearch.action.support.replication.TransportReplicationAction$1.onResponse(TransportReplicationAction.java:888) [elasticsearch-5.4.0.jar:5.4.0]
	at org.elasticsearch.action.support.replication.TransportReplicationAction$1.onResponse(TransportReplicationAction.java:885) [elasticsearch-5.4.0.jar:5.4.0]
	at org.elasticsearch.index.shard.IndexShardOperationsLock.acquire(IndexShardOperationsLock.java:147) [elasticsearch-5.4.0.jar:5.4.0]
	at org.elasticsearch.index.shard.IndexShard.acquirePrimaryOperationLock(IndexShard.java:1658) [elasticsearch-5.4.0.jar:5.4.0]
	at org.elasticsearch.action.support.replication.TransportReplicationAction.acquirePrimaryShardReference(TransportReplicationAction.java:897) [elasticsearch-5.4.0.jar:5.4.0]
	at org.elasticsearch.action.support.replication.TransportReplicationAction.access$400(TransportReplicationAction.java:93) [elasticsearch-5.4.0.jar:5.4.0]
	at org.elasticsearch.action.support.replication.TransportReplicationAction$AsyncPrimaryAction.doRun(TransportReplicationAction.java:281) [elasticsearch-5.4.0.jar:5.4.0]
	at org.elasticsearch.common.util.concurrent.AbstractRunnable.run(AbstractRunnable.java:37) [elasticsearch-5.4.0.jar:5.4.0]
	at org.elasticsearch.action.support.replication.TransportReplicationAction$PrimaryOperationTransportHandler.messageReceived(TransportReplicationAction.java:260) [elasticsearch-5.4.0.jar:5.4.0]
	at org.elasticsearch.action.support.replication.TransportReplicationAction$PrimaryOperationTransportHandler.messageReceived(TransportReplicationAction.java:252) [elasticsearch-5.4.0.jar:5.4.0]
	at org.elasticsearch.transport.RequestHandlerRegistry.processMessageReceived(RequestHandlerRegistry.java:69) [elasticsearch-5.4.0.jar:5.4.0]
	at org.elasticsearch.transport.TransportService$7.doRun(TransportService.java:627) [elasticsearch-5.4.0.jar:5.4.0]
	at org.elasticsearch.common.util.concurrent.ThreadContext$ContextPreservingAbstractRunnable.doRun(ThreadContext.java:638) [elasticsearch-5.4.0.jar:5.4.0]
	at org.elasticsearch.common.util.concurrent.AbstractRunnable.run(AbstractRunnable.java:37) [elasticsearch-5.4.0.jar:5.4.0]
	at java.util.concurrent.ThreadPoolExecutor.runWorker(ThreadPoolExecutor.java:1142) [?:1.8.0_131]
	at java.util.concurrent.ThreadPoolExecutor$Worker.run(ThreadPoolExecutor.java:617) [?:1.8.0_131]
	at java.lang.Thread.run(Thread.java:748) [?:1.8.0_131]
[2017-05-10T20:54:34,523][DEBUG][o.e.a.b.TransportShardBulkAction] [idAwBkj] [news][3] failed to execute bulk item (index) BulkShardRequest [[news][3]] containing [index {[news][news][1], source[n/a, actual length: [2.4mb], max length: 2kb]}]
org.elasticsearch.index.mapper.MapperParsingException: failed to parse
	at org.elasticsearch.index.mapper.DocumentParser.wrapInMapperParsingException(DocumentParser.java:176) ~[elasticsearch-5.4.0.jar:5.4.0]
	at org.elasticsearch.index.mapper.DocumentParser.parseDocument(DocumentParser.java:69) ~[elasticsearch-5.4.0.jar:5.4.0]
	at org.elasticsearch.index.mapper.DocumentMapper.parse(DocumentMapper.java:277) ~[elasticsearch-5.4.0.jar:5.4.0]
	at org.elasticsearch.index.shard.IndexShard.prepareIndex(IndexShard.java:536) ~[elasticsearch-5.4.0.jar:5.4.0]
	at org.elasticsearch.index.shard.IndexShard.prepareIndexOnPrimary(IndexShard.java:513) ~[elasticsearch-5.4.0.jar:5.4.0]
	at org.elasticsearch.action.bulk.TransportShardBulkAction.prepareIndexOperationOnPrimary(TransportShardBulkAction.java:450) ~[elasticsearch-5.4.0.jar:5.4.0]
	at org.elasticsearch.action.bulk.TransportShardBulkAction.executeIndexRequestOnPrimary(TransportShardBulkAction.java:458) ~[elasticsearch-5.4.0.jar:5.4.0]
	at org.elasticsearch.action.bulk.TransportShardBulkAction.executeBulkItemRequest(TransportShardBulkAction.java:143) [elasticsearch-5.4.0.jar:5.4.0]
	at org.elasticsearch.action.bulk.TransportShardBulkAction.shardOperationOnPrimary(TransportShardBulkAction.java:113) [elasticsearch-5.4.0.jar:5.4.0]
	at org.elasticsearch.action.bulk.TransportShardBulkAction.shardOperationOnPrimary(TransportShardBulkAction.java:69) [elasticsearch-5.4.0.jar:5.4.0]
	at org.elasticsearch.action.support.replication.TransportReplicationAction$PrimaryShardReference.perform(TransportReplicationAction.java:939) [elasticsearch-5.4.0.jar:5.4.0]
	at org.elasticsearch.action.support.replication.TransportReplicationAction$PrimaryShardReference.perform(TransportReplicationAction.java:908) [elasticsearch-5.4.0.jar:5.4.0]
	at org.elasticsearch.action.support.replication.ReplicationOperation.execute(ReplicationOperation.java:113) [elasticsearch-5.4.0.jar:5.4.0]
	at org.elasticsearch.action.support.replication.TransportReplicationAction$AsyncPrimaryAction.onResponse(TransportReplicationAction.java:322) [elasticsearch-5.4.0.jar:5.4.0]
	at org.elasticsearch.action.support.replication.TransportReplicationAction$AsyncPrimaryAction.onResponse(TransportReplicationAction.java:264) [elasticsearch-5.4.0.jar:5.4.0]
	at org.elasticsearch.action.support.replication.TransportReplicationAction$1.onResponse(TransportReplicationAction.java:888) [elasticsearch-5.4.0.jar:5.4.0]
	at org.elasticsearch.action.support.replication.TransportReplicationAction$1.onResponse(TransportReplicationAction.java:885) [elasticsearch-5.4.0.jar:5.4.0]
	at org.elasticsearch.index.shard.IndexShardOperationsLock.acquire(IndexShardOperationsLock.java:147) [elasticsearch-5.4.0.jar:5.4.0]
	at org.elasticsearch.index.shard.IndexShard.acquirePrimaryOperationLock(IndexShard.java:1658) [elasticsearch-5.4.0.jar:5.4.0]
	at org.elasticsearch.action.support.replication.TransportReplicationAction.acquirePrimaryShardReference(TransportReplicationAction.java:897) [elasticsearch-5.4.0.jar:5.4.0]
	at org.elasticsearch.action.support.replication.TransportReplicationAction.access$400(TransportReplicationAction.java:93) [elasticsearch-5.4.0.jar:5.4.0]
	at org.elasticsearch.action.support.replication.TransportReplicationAction$AsyncPrimaryAction.doRun(TransportReplicationAction.java:281) [elasticsearch-5.4.0.jar:5.4.0]
	at org.elasticsearch.common.util.concurrent.AbstractRunnable.run(AbstractRunnable.java:37) [elasticsearch-5.4.0.jar:5.4.0]
	at org.elasticsearch.action.support.replication.TransportReplicationAction$PrimaryOperationTransportHandler.messageReceived(TransportReplicationAction.java:260) [elasticsearch-5.4.0.jar:5.4.0]
	at org.elasticsearch.action.support.replication.TransportReplicationAction$PrimaryOperationTransportHandler.messageReceived(TransportReplicationAction.java:252) [elasticsearch-5.4.0.jar:5.4.0]
	at org.elasticsearch.transport.RequestHandlerRegistry.processMessageReceived(RequestHandlerRegistry.java:69) [elasticsearch-5.4.0.jar:5.4.0]
	at org.elasticsearch.transport.TransportService$7.doRun(TransportService.java:627) [elasticsearch-5.4.0.jar:5.4.0]
	at org.elasticsearch.common.util.concurrent.ThreadContext$ContextPreservingAbstractRunnable.doRun(ThreadContext.java:638) [elasticsearch-5.4.0.jar:5.4.0]
	at org.elasticsearch.common.util.concurrent.AbstractRunnable.run(AbstractRunnable.java:37) [elasticsearch-5.4.0.jar:5.4.0]
	at java.util.concurrent.ThreadPoolExecutor.runWorker(ThreadPoolExecutor.java:1142) [?:1.8.0_131]
	at java.util.concurrent.ThreadPoolExecutor$Worker.run(ThreadPoolExecutor.java:617) [?:1.8.0_131]
	at java.lang.Thread.run(Thread.java:748) [?:1.8.0_131]
Caused by: org.elasticsearch.common.compress.NotXContentException: Compressor detection can only be called on some xcontent bytes or compressed xcontent bytes
	at org.elasticsearch.common.compress.CompressorFactory.compressor(CompressorFactory.java:58) ~[elasticsearch-5.4.0.jar:5.4.0]
	at org.elasticsearch.common.xcontent.XContentHelper.createParser(XContentHelper.java:53) ~[elasticsearch-5.4.0.jar:5.4.0]
	at org.elasticsearch.index.mapper.DocumentParser.parseDocument(DocumentParser.java:62) ~[elasticsearch-5.4.0.jar:5.4.0]
	... 30 more
[2017-05-10T20:57:39,924][DEBUG][o.e.a.b.TransportShardBulkAction] [idAwBkj] [news][3] failed to execute bulk item (index) BulkShardRequest [[news][3]] containing [index {[news][news][1], source[n/a, actual length: [2.4mb], max length: 2kb]}]
org.elasticsearch.index.mapper.MapperParsingException: failed to parse
	at org.elasticsearch.index.mapper.DocumentParser.wrapInMapperParsingException(DocumentParser.java:176) ~[elasticsearch-5.4.0.jar:5.4.0]
	at org.elasticsearch.index.mapper.DocumentParser.parseDocument(DocumentParser.java:69) ~[elasticsearch-5.4.0.jar:5.4.0]
	at org.elasticsearch.index.mapper.DocumentMapper.parse(DocumentMapper.java:277) ~[elasticsearch-5.4.0.jar:5.4.0]
	at org.elasticsearch.index.shard.IndexShard.prepareIndex(IndexShard.java:536) ~[elasticsearch-5.4.0.jar:5.4.0]
	at org.elasticsearch.index.shard.IndexShard.prepareIndexOnPrimary(IndexShard.java:513) ~[elasticsearch-5.4.0.jar:5.4.0]
	at org.elasticsearch.action.bulk.TransportShardBulkAction.prepareIndexOperationOnPrimary(TransportShardBulkAction.java:450) ~[elasticsearch-5.4.0.jar:5.4.0]
	at org.elasticsearch.action.bulk.TransportShardBulkAction.executeIndexRequestOnPrimary(TransportShardBulkAction.java:458) ~[elasticsearch-5.4.0.jar:5.4.0]
	at org.elasticsearch.action.bulk.TransportShardBulkAction.executeBulkItemRequest(TransportShardBulkAction.java:143) [elasticsearch-5.4.0.jar:5.4.0]
	at org.elasticsearch.action.bulk.TransportShardBulkAction.shardOperationOnPrimary(TransportShardBulkAction.java:113) [elasticsearch-5.4.0.jar:5.4.0]
	at org.elasticsearch.action.bulk.TransportShardBulkAction.shardOperationOnPrimary(TransportShardBulkAction.java:69) [elasticsearch-5.4.0.jar:5.4.0]
	at org.elasticsearch.action.support.replication.TransportReplicationAction$PrimaryShardReference.perform(TransportReplicationAction.java:939) [elasticsearch-5.4.0.jar:5.4.0]
	at org.elasticsearch.action.support.replication.TransportReplicationAction$PrimaryShardReference.perform(TransportReplicationAction.java:908) [elasticsearch-5.4.0.jar:5.4.0]
	at org.elasticsearch.action.support.replication.ReplicationOperation.execute(ReplicationOperation.java:113) [elasticsearch-5.4.0.jar:5.4.0]
	at org.elasticsearch.action.support.replication.TransportReplicationAction$AsyncPrimaryAction.onResponse(TransportReplicationAction.java:322) [elasticsearch-5.4.0.jar:5.4.0]
	at org.elasticsearch.action.support.replication.TransportReplicationAction$AsyncPrimaryAction.onResponse(TransportReplicationAction.java:264) [elasticsearch-5.4.0.jar:5.4.0]
	at org.elasticsearch.action.support.replication.TransportReplicationAction$1.onResponse(TransportReplicationAction.java:888) [elasticsearch-5.4.0.jar:5.4.0]
	at org.elasticsearch.action.support.replication.TransportReplicationAction$1.onResponse(TransportReplicationAction.java:885) [elasticsearch-5.4.0.jar:5.4.0]
	at org.elasticsearch.index.shard.IndexShardOperationsLock.acquire(IndexShardOperationsLock.java:147) [elasticsearch-5.4.0.jar:5.4.0]
	at org.elasticsearch.index.shard.IndexShard.acquirePrimaryOperationLock(IndexShard.java:1658) [elasticsearch-5.4.0.jar:5.4.0]
	at org.elasticsearch.action.support.replication.TransportReplicationAction.acquirePrimaryShardReference(TransportReplicationAction.java:897) [elasticsearch-5.4.0.jar:5.4.0]
	at org.elasticsearch.action.support.replication.TransportReplicationAction.access$400(TransportReplicationAction.java:93) [elasticsearch-5.4.0.jar:5.4.0]
	at org.elasticsearch.action.support.replication.TransportReplicationAction$AsyncPrimaryAction.doRun(TransportReplicationAction.java:281) [elasticsearch-5.4.0.jar:5.4.0]
	at org.elasticsearch.common.util.concurrent.AbstractRunnable.run(AbstractRunnable.java:37) [elasticsearch-5.4.0.jar:5.4.0]
	at org.elasticsearch.action.support.replication.TransportReplicationAction$PrimaryOperationTransportHandler.messageReceived(TransportReplicationAction.java:260) [elasticsearch-5.4.0.jar:5.4.0]
	at org.elasticsearch.action.support.replication.TransportReplicationAction$PrimaryOperationTransportHandler.messageReceived(TransportReplicationAction.java:252) [elasticsearch-5.4.0.jar:5.4.0]
	at org.elasticsearch.transport.RequestHandlerRegistry.processMessageReceived(RequestHandlerRegistry.java:69) [elasticsearch-5.4.0.jar:5.4.0]
	at org.elasticsearch.transport.TransportService$7.doRun(TransportService.java:627) [elasticsearch-5.4.0.jar:5.4.0]
	at org.elasticsearch.common.util.concurrent.ThreadContext$ContextPreservingAbstractRunnable.doRun(ThreadContext.java:638) [elasticsearch-5.4.0.jar:5.4.0]
	at org.elasticsearch.common.util.concurrent.AbstractRunnable.run(AbstractRunnable.java:37) [elasticsearch-5.4.0.jar:5.4.0]
	at java.util.concurrent.ThreadPoolExecutor.runWorker(ThreadPoolExecutor.java:1142) [?:1.8.0_131]
	at java.util.concurrent.ThreadPoolExecutor$Worker.run(ThreadPoolExecutor.java:617) [?:1.8.0_131]
	at java.lang.Thread.run(Thread.java:748) [?:1.8.0_131]
Caused by: org.elasticsearch.common.compress.NotXContentException: Compressor detection can only be called on some xcontent bytes or compressed xcontent bytes
	at org.elasticsearch.common.compress.CompressorFactory.compressor(CompressorFactory.java:58) ~[elasticsearch-5.4.0.jar:5.4.0]
	at org.elasticsearch.common.xcontent.XContentHelper.createParser(XContentHelper.java:53) ~[elasticsearch-5.4.0.jar:5.4.0]
	at org.elasticsearch.index.mapper.DocumentParser.parseDocument(DocumentParser.java:62) ~[elasticsearch-5.4.0.jar:5.4.0]
	... 30 more
[2017-05-10T20:58:16,026][INFO ][o.e.c.m.MetaDataMappingService] [idAwBkj] [news/WxRW6budTuyxFg4KW8_ZhQ] create_mapping [news]
[2017-05-10T22:06:43,103][INFO ][o.e.n.Node               ] [idAwBkj] stopping ...
[2017-05-10T22:06:44,435][INFO ][o.e.n.Node               ] [idAwBkj] stopped
[2017-05-10T22:06:44,449][INFO ][o.e.n.Node               ] [idAwBkj] closing ...
[2017-05-10T22:06:44,636][INFO ][o.e.n.Node               ] [idAwBkj] closed
