[2017-05-11T17:04:34,943][WARN ][o.e.d.c.ParseField       ] Deprecated field [like_text] used, replaced by [like]
[2017-05-11T17:04:41,706][WARN ][o.e.d.c.ParseField       ] Deprecated field [like_text] used, replaced by [like]
[2017-05-11T17:04:57,531][WARN ][o.e.d.c.ParseField       ] Deprecated field [like_text] used, replaced by [like]
[2017-05-11T17:09:08,796][WARN ][o.e.d.c.ParseField       ] Deprecated field [like_text] used, replaced by [like]
[2017-05-11T17:11:01,682][WARN ][o.e.d.c.ParseField       ] Deprecated field [like_text] used, replaced by [like]
[2017-05-11T17:23:44,806][WARN ][o.e.d.c.ParseField       ] Deprecated field [like_text] used, replaced by [like]
[2017-05-11T17:24:48,378][WARN ][o.e.d.c.ParseField       ] Deprecated field [like_text] used, replaced by [like]
[2017-05-11T18:00:14,198][WARN ][o.e.d.c.ParseField       ] Deprecated field [like_text] used, replaced by [like]
[2017-05-11T18:03:07,340][WARN ][o.e.d.c.ParseField       ] Deprecated field [like_text] used, replaced by [like]
[2017-05-11T18:06:05,971][WARN ][o.e.d.c.ParseField       ] Deprecated field [like_text] used, replaced by [like]
[2017-05-11T18:07:52,557][WARN ][o.e.d.c.ParseField       ] Deprecated field [like_text] used, replaced by [like]
[2017-05-11T18:07:56,413][WARN ][o.e.d.c.ParseField       ] Deprecated field [like_text] used, replaced by [like]
[2017-05-11T18:07:56,936][WARN ][o.e.d.c.ParseField       ] Deprecated field [like_text] used, replaced by [like]
[2017-05-11T18:07:58,164][WARN ][o.e.d.c.ParseField       ] Deprecated field [like_text] used, replaced by [like]
[2017-05-11T18:07:58,673][WARN ][o.e.d.c.ParseField       ] Deprecated field [like_text] used, replaced by [like]
[2017-05-11T18:09:29,845][WARN ][o.e.d.c.ParseField       ] Deprecated field [like_text] used, replaced by [like]
[2017-05-11T18:14:24,628][WARN ][o.e.d.c.ParseField       ] Deprecated field [like_text] used, replaced by [like]
[2017-05-11T18:19:18,996][WARN ][o.e.d.c.ParseField       ] Deprecated field [like_text] used, replaced by [like]
[2017-05-11T18:19:21,357][WARN ][o.e.d.c.ParseField       ] Deprecated field [like_text] used, replaced by [like]
[2017-05-11T18:19:23,827][WARN ][o.e.d.c.ParseField       ] Deprecated field [like_text] used, replaced by [like]
[2017-05-11T18:19:23,935][WARN ][o.e.d.c.ParseField       ] Deprecated field [like_text] used, replaced by [like]
[2017-05-11T18:19:24,036][WARN ][o.e.d.c.ParseField       ] Deprecated field [like_text] used, replaced by [like]
[2017-05-11T18:19:24,121][WARN ][o.e.d.c.ParseField       ] Deprecated field [like_text] used, replaced by [like]
[2017-05-11T18:19:24,192][WARN ][o.e.d.c.ParseField       ] Deprecated field [like_text] used, replaced by [like]
[2017-05-11T18:19:24,288][WARN ][o.e.d.c.ParseField       ] Deprecated field [like_text] used, replaced by [like]
[2017-05-11T18:19:24,380][WARN ][o.e.d.c.ParseField       ] Deprecated field [like_text] used, replaced by [like]
[2017-05-11T18:19:24,592][WARN ][o.e.d.c.ParseField       ] Deprecated field [like_text] used, replaced by [like]
[2017-05-11T18:19:24,638][WARN ][o.e.d.c.ParseField       ] Deprecated field [like_text] used, replaced by [like]
[2017-05-11T18:19:24,745][WARN ][o.e.d.c.ParseField       ] Deprecated field [like_text] used, replaced by [like]
[2017-05-11T18:19:24,826][WARN ][o.e.d.c.ParseField       ] Deprecated field [like_text] used, replaced by [like]
[2017-05-11T18:19:24,948][WARN ][o.e.d.c.ParseField       ] Deprecated field [like_text] used, replaced by [like]
[2017-05-11T18:19:24,995][WARN ][o.e.d.c.ParseField       ] Deprecated field [like_text] used, replaced by [like]
[2017-05-11T18:22:02,140][WARN ][o.e.d.c.ParseField       ] Deprecated field [like_text] used, replaced by [like]
[2017-05-11T18:22:04,696][WARN ][o.e.d.c.ParseField       ] Deprecated field [like_text] used, replaced by [like]
[2017-05-11T18:22:05,493][WARN ][o.e.d.c.ParseField       ] Deprecated field [like_text] used, replaced by [like]
[2017-05-11T18:22:05,636][WARN ][o.e.d.c.ParseField       ] Deprecated field [like_text] used, replaced by [like]
[2017-05-11T18:22:06,121][WARN ][o.e.d.c.ParseField       ] Deprecated field [like_text] used, replaced by [like]
[2017-05-11T18:22:06,230][WARN ][o.e.d.c.ParseField       ] Deprecated field [like_text] used, replaced by [like]
[2017-05-11T18:22:06,455][WARN ][o.e.d.c.ParseField       ] Deprecated field [like_text] used, replaced by [like]
[2017-05-11T18:22:06,556][WARN ][o.e.d.c.ParseField       ] Deprecated field [like_text] used, replaced by [like]
[2017-05-11T18:22:06,684][WARN ][o.e.d.c.ParseField       ] Deprecated field [like_text] used, replaced by [like]
[2017-05-11T18:22:06,759][WARN ][o.e.d.c.ParseField       ] Deprecated field [like_text] used, replaced by [like]
[2017-05-11T18:22:06,900][WARN ][o.e.d.c.ParseField       ] Deprecated field [like_text] used, replaced by [like]
[2017-05-11T18:22:07,008][WARN ][o.e.d.c.ParseField       ] Deprecated field [like_text] used, replaced by [like]
[2017-05-11T18:22:07,098][WARN ][o.e.d.c.ParseField       ] Deprecated field [like_text] used, replaced by [like]
[2017-05-11T18:22:07,210][WARN ][o.e.d.c.ParseField       ] Deprecated field [like_text] used, replaced by [like]
[2017-05-11T18:22:07,292][WARN ][o.e.d.c.ParseField       ] Deprecated field [like_text] used, replaced by [like]
[2017-05-11T18:22:07,374][WARN ][o.e.d.c.ParseField       ] Deprecated field [like_text] used, replaced by [like]
[2017-05-11T18:23:48,291][WARN ][o.e.d.c.ParseField       ] Deprecated field [like_text] used, replaced by [like]
[2017-05-11T18:23:50,489][WARN ][o.e.d.c.ParseField       ] Deprecated field [like_text] used, replaced by [like]
[2017-05-11T18:23:50,586][WARN ][o.e.d.c.ParseField       ] Deprecated field [like_text] used, replaced by [like]
[2017-05-11T18:23:50,724][WARN ][o.e.d.c.ParseField       ] Deprecated field [like_text] used, replaced by [like]
[2017-05-11T18:23:50,798][WARN ][o.e.d.c.ParseField       ] Deprecated field [like_text] used, replaced by [like]
[2017-05-11T18:32:42,109][WARN ][o.e.d.c.ParseField       ] Deprecated field [like_text] used, replaced by [like]
[2017-05-11T18:32:45,716][WARN ][o.e.d.c.ParseField       ] Deprecated field [like_text] used, replaced by [like]
[2017-05-11T18:32:45,872][WARN ][o.e.d.c.ParseField       ] Deprecated field [like_text] used, replaced by [like]
[2017-05-11T18:32:47,077][WARN ][o.e.d.c.ParseField       ] Deprecated field [like_text] used, replaced by [like]
[2017-05-11T18:32:47,271][WARN ][o.e.d.c.ParseField       ] Deprecated field [like_text] used, replaced by [like]
[2017-05-11T18:36:18,641][WARN ][o.e.d.c.ParseField       ] Deprecated field [like_text] used, replaced by [like]
[2017-05-11T18:37:15,720][WARN ][o.e.d.c.ParseField       ] Deprecated field [like_text] used, replaced by [like]
[2017-05-11T18:37:15,836][WARN ][o.e.d.c.ParseField       ] Deprecated field [like_text] used, replaced by [like]
[2017-05-11T18:43:17,165][WARN ][o.e.d.c.ParseField       ] Deprecated field [like_text] used, replaced by [like]
[2017-05-11T18:45:34,884][WARN ][o.e.d.c.ParseField       ] Deprecated field [like_text] used, replaced by [like]
[2017-05-11T18:45:46,055][WARN ][o.e.d.c.ParseField       ] Deprecated field [like_text] used, replaced by [like]
[2017-05-11T18:45:49,175][WARN ][o.e.d.c.ParseField       ] Deprecated field [like_text] used, replaced by [like]
[2017-05-11T18:45:50,681][WARN ][o.e.d.c.ParseField       ] Deprecated field [like_text] used, replaced by [like]
[2017-05-11T18:45:52,367][WARN ][o.e.d.c.ParseField       ] Deprecated field [like_text] used, replaced by [like]
[2017-05-11T18:47:11,877][WARN ][o.e.d.c.ParseField       ] Deprecated field [like_text] used, replaced by [like]
[2017-05-11T18:47:11,987][WARN ][o.e.d.c.ParseField       ] Deprecated field [like_text] used, replaced by [like]
[2017-05-11T18:47:12,106][WARN ][o.e.d.c.ParseField       ] Deprecated field [like_text] used, replaced by [like]
[2017-05-11T18:47:12,403][WARN ][o.e.d.c.ParseField       ] Deprecated field [like_text] used, replaced by [like]
[2017-05-11T18:47:14,217][WARN ][o.e.d.c.ParseField       ] Deprecated field [like_text] used, replaced by [like]
[2017-05-11T18:52:31,589][WARN ][o.e.d.c.ParseField       ] Deprecated field [like_text] used, replaced by [like]
[2017-05-11T18:59:54,680][WARN ][o.e.d.c.ParseField       ] Deprecated field [like_text] used, replaced by [like]
[2017-05-11T18:59:58,601][WARN ][o.e.d.c.ParseField       ] Deprecated field [like_text] used, replaced by [like]
[2017-05-11T19:00:00,382][WARN ][o.e.d.c.ParseField       ] Deprecated field [like_text] used, replaced by [like]
[2017-05-11T19:00:02,404][WARN ][o.e.d.c.ParseField       ] Deprecated field [like_text] used, replaced by [like]
[2017-05-11T19:00:03,485][WARN ][o.e.d.c.ParseField       ] Deprecated field [like_text] used, replaced by [like]
[2017-05-11T19:00:04,200][WARN ][o.e.d.c.ParseField       ] Deprecated field [like_text] used, replaced by [like]
[2017-05-11T19:00:04,536][WARN ][o.e.d.c.ParseField       ] Deprecated field [like_text] used, replaced by [like]
[2017-05-11T19:00:04,761][WARN ][o.e.d.c.ParseField       ] Deprecated field [like_text] used, replaced by [like]
[2017-05-11T19:00:05,029][WARN ][o.e.d.c.ParseField       ] Deprecated field [like_text] used, replaced by [like]
[2017-05-11T19:00:05,253][WARN ][o.e.d.c.ParseField       ] Deprecated field [like_text] used, replaced by [like]
[2017-05-11T19:00:05,468][WARN ][o.e.d.c.ParseField       ] Deprecated field [like_text] used, replaced by [like]
[2017-05-11T19:00:05,635][WARN ][o.e.d.c.ParseField       ] Deprecated field [like_text] used, replaced by [like]
[2017-05-11T19:00:05,828][WARN ][o.e.d.c.ParseField       ] Deprecated field [like_text] used, replaced by [like]
[2017-05-11T19:00:06,001][WARN ][o.e.d.c.ParseField       ] Deprecated field [like_text] used, replaced by [like]
[2017-05-11T19:00:06,171][WARN ][o.e.d.c.ParseField       ] Deprecated field [like_text] used, replaced by [like]
[2017-05-11T19:00:06,350][WARN ][o.e.d.c.ParseField       ] Deprecated field [like_text] used, replaced by [like]
[2017-05-11T19:04:33,312][WARN ][o.e.d.c.ParseField       ] Deprecated field [like_text] used, replaced by [like]
[2017-05-11T19:04:34,762][WARN ][o.e.d.c.ParseField       ] Deprecated field [like_text] used, replaced by [like]
[2017-05-11T19:04:36,338][WARN ][o.e.d.c.ParseField       ] Deprecated field [like_text] used, replaced by [like]
[2017-05-11T19:04:37,948][WARN ][o.e.d.c.ParseField       ] Deprecated field [like_text] used, replaced by [like]
[2017-05-11T19:04:39,139][WARN ][o.e.d.c.ParseField       ] Deprecated field [like_text] used, replaced by [like]
[2017-05-11T19:05:38,546][WARN ][o.e.d.c.ParseField       ] Deprecated field [like_text] used, replaced by [like]
[2017-05-11T19:05:41,384][WARN ][o.e.d.c.ParseField       ] Deprecated field [like_text] used, replaced by [like]
[2017-05-11T19:05:46,726][WARN ][o.e.d.c.ParseField       ] Deprecated field [like_text] used, replaced by [like]
[2017-05-11T19:05:48,077][WARN ][o.e.d.c.ParseField       ] Deprecated field [like_text] used, replaced by [like]
[2017-05-11T19:05:48,795][WARN ][o.e.d.c.ParseField       ] Deprecated field [like_text] used, replaced by [like]
[2017-05-11T19:07:51,562][WARN ][o.e.d.c.ParseField       ] Deprecated field [like_text] used, replaced by [like]
[2017-05-11T19:07:51,716][WARN ][o.e.d.c.ParseField       ] Deprecated field [like_text] used, replaced by [like]
[2017-05-11T19:07:51,848][WARN ][o.e.d.c.ParseField       ] Deprecated field [like_text] used, replaced by [like]
[2017-05-11T19:07:55,310][WARN ][o.e.d.c.ParseField       ] Deprecated field [like_text] used, replaced by [like]
[2017-05-11T19:07:56,513][WARN ][o.e.d.c.ParseField       ] Deprecated field [like_text] used, replaced by [like]
[2017-05-11T19:10:49,140][WARN ][o.e.d.c.ParseField       ] Deprecated field [like_text] used, replaced by [like]
[2017-05-11T19:10:54,779][WARN ][o.e.d.c.ParseField       ] Deprecated field [like_text] used, replaced by [like]
[2017-05-11T19:11:17,885][WARN ][o.e.d.c.ParseField       ] Deprecated field [like_text] used, replaced by [like]
[2017-05-11T19:11:18,746][WARN ][o.e.d.c.ParseField       ] Deprecated field [like_text] used, replaced by [like]
[2017-05-11T19:11:21,085][WARN ][o.e.d.c.ParseField       ] Deprecated field [like_text] used, replaced by [like]
[2017-05-11T19:11:22,458][WARN ][o.e.d.c.ParseField       ] Deprecated field [like_text] used, replaced by [like]
[2017-05-11T19:11:22,521][WARN ][o.e.d.c.ParseField       ] Deprecated field [like_text] used, replaced by [like]
[2017-05-11T19:11:29,572][WARN ][o.e.d.c.ParseField       ] Deprecated field [like_text] used, replaced by [like]
[2017-05-11T19:11:29,813][WARN ][o.e.d.c.ParseField       ] Deprecated field [like_text] used, replaced by [like]
[2017-05-11T19:11:30,122][WARN ][o.e.d.c.ParseField       ] Deprecated field [like_text] used, replaced by [like]
[2017-05-11T19:11:30,189][WARN ][o.e.d.c.ParseField       ] Deprecated field [like_text] used, replaced by [like]
[2017-05-11T19:11:30,674][WARN ][o.e.d.c.ParseField       ] Deprecated field [like_text] used, replaced by [like]
[2017-05-11T19:11:31,670][WARN ][o.e.d.c.ParseField       ] Deprecated field [like_text] used, replaced by [like]
[2017-05-11T19:11:31,772][WARN ][o.e.d.c.ParseField       ] Deprecated field [like_text] used, replaced by [like]
[2017-05-11T19:15:41,722][WARN ][o.e.d.c.ParseField       ] Deprecated field [like_text] used, replaced by [like]
[2017-05-11T19:15:45,268][WARN ][o.e.d.c.ParseField       ] Deprecated field [like_text] used, replaced by [like]
[2017-05-11T19:15:47,353][WARN ][o.e.d.c.ParseField       ] Deprecated field [like_text] used, replaced by [like]
[2017-05-11T19:15:47,807][WARN ][o.e.d.c.ParseField       ] Deprecated field [like_text] used, replaced by [like]
[2017-05-11T19:15:47,953][WARN ][o.e.d.c.ParseField       ] Deprecated field [like_text] used, replaced by [like]
[2017-05-11T19:16:36,337][WARN ][o.e.d.c.ParseField       ] Deprecated field [like_text] used, replaced by [like]
[2017-05-11T19:21:29,845][WARN ][o.e.d.c.ParseField       ] Deprecated field [like_text] used, replaced by [like]
[2017-05-11T19:23:00,881][WARN ][o.e.d.c.ParseField       ] Deprecated field [like_text] used, replaced by [like]
[2017-05-11T19:23:12,205][WARN ][o.e.d.c.ParseField       ] Deprecated field [like_text] used, replaced by [like]
[2017-05-11T19:23:13,499][WARN ][o.e.d.c.ParseField       ] Deprecated field [like_text] used, replaced by [like]
[2017-05-11T19:23:13,906][WARN ][o.e.d.c.ParseField       ] Deprecated field [like_text] used, replaced by [like]
[2017-05-11T19:23:14,034][WARN ][o.e.d.c.ParseField       ] Deprecated field [like_text] used, replaced by [like]
[2017-05-11T19:23:18,494][WARN ][o.e.d.c.ParseField       ] Deprecated field [like_text] used, replaced by [like]
[2017-05-11T19:23:19,309][WARN ][o.e.d.c.ParseField       ] Deprecated field [like_text] used, replaced by [like]
[2017-05-11T19:23:19,472][WARN ][o.e.d.c.ParseField       ] Deprecated field [like_text] used, replaced by [like]
[2017-05-11T19:23:19,634][WARN ][o.e.d.c.ParseField       ] Deprecated field [like_text] used, replaced by [like]
[2017-05-11T19:23:19,791][WARN ][o.e.d.c.ParseField       ] Deprecated field [like_text] used, replaced by [like]
[2017-05-11T19:23:20,001][WARN ][o.e.d.c.ParseField       ] Deprecated field [like_text] used, replaced by [like]
[2017-05-11T19:23:20,218][WARN ][o.e.d.c.ParseField       ] Deprecated field [like_text] used, replaced by [like]
[2017-05-11T19:23:20,315][WARN ][o.e.d.c.ParseField       ] Deprecated field [like_text] used, replaced by [like]
[2017-05-11T19:23:20,423][WARN ][o.e.d.c.ParseField       ] Deprecated field [like_text] used, replaced by [like]
[2017-05-11T19:23:20,583][WARN ][o.e.d.c.ParseField       ] Deprecated field [like_text] used, replaced by [like]
[2017-05-11T19:23:20,715][WARN ][o.e.d.c.ParseField       ] Deprecated field [like_text] used, replaced by [like]
[2017-05-11T19:23:20,893][WARN ][o.e.d.c.ParseField       ] Deprecated field [like_text] used, replaced by [like]
[2017-05-11T19:23:38,182][WARN ][o.e.d.c.ParseField       ] Deprecated field [like_text] used, replaced by [like]
[2017-05-11T19:23:38,358][WARN ][o.e.d.c.ParseField       ] Deprecated field [like_text] used, replaced by [like]
[2017-05-11T19:23:38,477][WARN ][o.e.d.c.ParseField       ] Deprecated field [like_text] used, replaced by [like]
[2017-05-11T19:23:38,736][WARN ][o.e.d.c.ParseField       ] Deprecated field [like_text] used, replaced by [like]
[2017-05-11T19:23:39,276][WARN ][o.e.d.c.ParseField       ] Deprecated field [like_text] used, replaced by [like]
[2017-05-11T19:23:39,518][WARN ][o.e.d.c.ParseField       ] Deprecated field [like_text] used, replaced by [like]
[2017-05-11T19:23:39,973][WARN ][o.e.d.c.ParseField       ] Deprecated field [like_text] used, replaced by [like]
[2017-05-11T19:23:40,074][WARN ][o.e.d.c.ParseField       ] Deprecated field [like_text] used, replaced by [like]
[2017-05-11T19:23:40,189][WARN ][o.e.d.c.ParseField       ] Deprecated field [like_text] used, replaced by [like]
[2017-05-11T19:23:40,351][WARN ][o.e.d.c.ParseField       ] Deprecated field [like_text] used, replaced by [like]
[2017-05-11T19:23:40,499][WARN ][o.e.d.c.ParseField       ] Deprecated field [like_text] used, replaced by [like]
[2017-05-11T19:23:40,659][WARN ][o.e.d.c.ParseField       ] Deprecated field [like_text] used, replaced by [like]
[2017-05-11T19:23:40,766][WARN ][o.e.d.c.ParseField       ] Deprecated field [like_text] used, replaced by [like]
[2017-05-11T19:23:40,902][WARN ][o.e.d.c.ParseField       ] Deprecated field [like_text] used, replaced by [like]
[2017-05-11T19:23:41,023][WARN ][o.e.d.c.ParseField       ] Deprecated field [like_text] used, replaced by [like]
[2017-05-11T19:23:41,151][WARN ][o.e.d.c.ParseField       ] Deprecated field [like_text] used, replaced by [like]
[2017-05-11T19:23:41,252][WARN ][o.e.d.c.ParseField       ] Deprecated field [like_text] used, replaced by [like]
[2017-05-11T19:23:41,393][WARN ][o.e.d.c.ParseField       ] Deprecated field [like_text] used, replaced by [like]
[2017-05-11T19:23:41,522][WARN ][o.e.d.c.ParseField       ] Deprecated field [like_text] used, replaced by [like]
[2017-05-11T19:23:41,814][WARN ][o.e.d.c.ParseField       ] Deprecated field [like_text] used, replaced by [like]
[2017-05-11T19:23:42,255][WARN ][o.e.d.c.ParseField       ] Deprecated field [like_text] used, replaced by [like]
[2017-05-11T19:23:42,438][WARN ][o.e.d.c.ParseField       ] Deprecated field [like_text] used, replaced by [like]
[2017-05-11T19:23:42,585][WARN ][o.e.d.c.ParseField       ] Deprecated field [like_text] used, replaced by [like]
[2017-05-11T19:23:42,826][WARN ][o.e.d.c.ParseField       ] Deprecated field [like_text] used, replaced by [like]
[2017-05-11T19:23:43,049][WARN ][o.e.d.c.ParseField       ] Deprecated field [like_text] used, replaced by [like]
[2017-05-11T19:23:43,474][WARN ][o.e.d.c.ParseField       ] Deprecated field [like_text] used, replaced by [like]
[2017-05-11T19:23:43,549][WARN ][o.e.d.c.ParseField       ] Deprecated field [like_text] used, replaced by [like]
[2017-05-11T19:23:43,806][WARN ][o.e.d.c.ParseField       ] Deprecated field [like_text] used, replaced by [like]
[2017-05-11T19:23:43,926][WARN ][o.e.d.c.ParseField       ] Deprecated field [like_text] used, replaced by [like]
[2017-05-11T19:23:44,115][WARN ][o.e.d.c.ParseField       ] Deprecated field [like_text] used, replaced by [like]
[2017-05-11T19:23:45,783][WARN ][o.e.d.c.ParseField       ] Deprecated field [like_text] used, replaced by [like]
[2017-05-11T19:23:46,085][WARN ][o.e.d.c.ParseField       ] Deprecated field [like_text] used, replaced by [like]
[2017-05-11T19:23:46,212][WARN ][o.e.d.c.ParseField       ] Deprecated field [like_text] used, replaced by [like]
[2017-05-11T19:23:46,318][WARN ][o.e.d.c.ParseField       ] Deprecated field [like_text] used, replaced by [like]
[2017-05-11T19:23:46,642][WARN ][o.e.d.c.ParseField       ] Deprecated field [like_text] used, replaced by [like]
[2017-05-11T19:23:46,646][WARN ][o.e.d.c.ParseField       ] Deprecated field [like_text] used, replaced by [like]
[2017-05-11T19:23:46,736][WARN ][o.e.d.c.ParseField       ] Deprecated field [like_text] used, replaced by [like]
[2017-05-11T20:08:03,714][WARN ][o.e.d.c.ParseField       ] Deprecated field [like_text] used, replaced by [like]
[2017-05-11T20:10:04,474][WARN ][o.e.d.c.ParseField       ] Deprecated field [like_text] used, replaced by [like]
[2017-05-11T20:10:20,660][WARN ][o.e.d.c.ParseField       ] Deprecated field [like_text] used, replaced by [like]
[2017-05-11T20:12:10,315][WARN ][o.e.d.c.ParseField       ] Deprecated field [like_text] used, replaced by [like]
[2017-05-11T20:12:12,470][WARN ][o.e.d.c.ParseField       ] Deprecated field [like_text] used, replaced by [like]
[2017-05-11T20:13:26,203][WARN ][o.e.d.c.ParseField       ] Deprecated field [like_text] used, replaced by [like]
[2017-05-11T20:13:27,727][WARN ][o.e.d.c.ParseField       ] Deprecated field [like_text] used, replaced by [like]
[2017-05-11T20:13:29,846][WARN ][o.e.d.c.ParseField       ] Deprecated field [like_text] used, replaced by [like]
[2017-05-11T20:13:30,106][WARN ][o.e.d.c.ParseField       ] Deprecated field [like_text] used, replaced by [like]
[2017-05-11T20:13:30,576][WARN ][o.e.d.c.ParseField       ] Deprecated field [like_text] used, replaced by [like]
[2017-05-11T21:02:04,197][WARN ][o.e.d.c.ParseField       ] Deprecated field [like_text] used, replaced by [like]
[2017-05-11T21:02:31,060][WARN ][o.e.d.c.ParseField       ] Deprecated field [like_text] used, replaced by [like]
[2017-05-11T21:02:31,671][WARN ][o.e.d.c.ParseField       ] Deprecated field [like_text] used, replaced by [like]
[2017-05-11T21:02:33,107][WARN ][o.e.d.c.ParseField       ] Deprecated field [like_text] used, replaced by [like]
[2017-05-11T21:02:34,026][WARN ][o.e.d.c.ParseField       ] Deprecated field [like_text] used, replaced by [like]
[2017-05-11T21:02:34,087][WARN ][o.e.d.c.ParseField       ] Deprecated field [like_text] used, replaced by [like]
[2017-05-11T21:03:17,022][WARN ][o.e.d.c.ParseField       ] Deprecated field [like_text] used, replaced by [like]
[2017-05-11T21:06:58,966][WARN ][o.e.d.c.ParseField       ] Deprecated field [like_text] used, replaced by [like]
[2017-05-11T21:10:27,784][WARN ][o.e.d.c.ParseField       ] Deprecated field [like_text] used, replaced by [like]
[2017-05-11T21:12:12,075][WARN ][o.e.d.c.ParseField       ] Deprecated field [like_text] used, replaced by [like]
[2017-05-11T21:14:02,575][WARN ][o.e.d.c.ParseField       ] Deprecated field [like_text] used, replaced by [like]
[2017-05-11T21:15:56,522][WARN ][o.e.d.c.ParseField       ] Deprecated field [like_text] used, replaced by [like]
[2017-05-11T21:18:01,886][WARN ][o.e.d.c.ParseField       ] Deprecated field [like_text] used, replaced by [like]
[2017-05-11T21:18:08,319][WARN ][o.e.d.c.ParseField       ] Deprecated field [like_text] used, replaced by [like]
[2017-05-11T21:18:10,804][WARN ][o.e.d.c.ParseField       ] Deprecated field [like_text] used, replaced by [like]
[2017-05-11T21:18:12,557][WARN ][o.e.d.c.ParseField       ] Deprecated field [like_text] used, replaced by [like]
[2017-05-11T21:21:35,072][WARN ][o.e.d.c.ParseField       ] Deprecated field [like_text] used, replaced by [like]
[2017-05-11T21:21:40,008][WARN ][o.e.d.c.ParseField       ] Deprecated field [like_text] used, replaced by [like]
[2017-05-11T21:21:45,580][WARN ][o.e.d.c.ParseField       ] Deprecated field [like_text] used, replaced by [like]
[2017-05-11T21:21:47,937][WARN ][o.e.d.c.ParseField       ] Deprecated field [like_text] used, replaced by [like]
[2017-05-11T21:21:50,164][WARN ][o.e.d.c.ParseField       ] Deprecated field [like_text] used, replaced by [like]
[2017-05-11T21:21:51,457][WARN ][o.e.d.c.ParseField       ] Deprecated field [like_text] used, replaced by [like]
[2017-05-11T21:21:52,122][WARN ][o.e.d.c.ParseField       ] Deprecated field [like_text] used, replaced by [like]
[2017-05-11T21:21:53,422][WARN ][o.e.d.c.ParseField       ] Deprecated field [like_text] used, replaced by [like]
[2017-05-11T21:21:53,669][WARN ][o.e.d.c.ParseField       ] Deprecated field [like_text] used, replaced by [like]
[2017-05-11T21:25:30,575][WARN ][o.e.d.c.ParseField       ] Deprecated field [like_text] used, replaced by [like]
[2017-05-11T22:07:00,161][WARN ][o.e.d.c.ParseField       ] Deprecated field [like_text] used, replaced by [like]
[2017-05-11T22:07:00,161][WARN ][o.e.d.c.ParseField       ] Deprecated field [like_text] used, replaced by [like]
[2017-05-11T22:07:00,312][WARN ][o.e.d.c.ParseField       ] Deprecated field [like_text] used, replaced by [like]
[2017-05-11T22:07:09,356][WARN ][o.e.d.c.ParseField       ] Deprecated field [like_text] used, replaced by [like]
[2017-05-11T22:09:33,303][WARN ][o.e.d.c.ParseField       ] Deprecated field [like_text] used, replaced by [like]
[2017-05-11T22:09:33,413][WARN ][o.e.d.c.ParseField       ] Deprecated field [like_text] used, replaced by [like]
[2017-05-11T22:09:33,533][WARN ][o.e.d.c.ParseField       ] Deprecated field [like_text] used, replaced by [like]
[2017-05-11T22:09:39,732][WARN ][o.e.d.c.ParseField       ] Deprecated field [like_text] used, replaced by [like]
[2017-05-11T22:11:14,491][WARN ][o.e.d.c.ParseField       ] Deprecated field [like_text] used, replaced by [like]
[2017-05-11T22:11:21,047][WARN ][o.e.d.c.ParseField       ] Deprecated field [like_text] used, replaced by [like]
[2017-05-11T22:16:07,610][WARN ][o.e.d.c.ParseField       ] Deprecated field [like_text] used, replaced by [like]
[2017-05-11T22:16:21,820][WARN ][o.e.d.c.ParseField       ] Deprecated field [like_text] used, replaced by [like]
[2017-05-11T22:23:12,379][WARN ][o.e.d.c.ParseField       ] Deprecated field [like_text] used, replaced by [like]
[2017-05-11T22:23:47,866][WARN ][o.e.d.c.ParseField       ] Deprecated field [like_text] used, replaced by [like]
[2017-05-11T22:28:37,349][WARN ][o.e.d.c.ParseField       ] Deprecated field [like_text] used, replaced by [like]
[2017-05-11T22:30:26,135][WARN ][o.e.d.c.ParseField       ] Deprecated field [like_text] used, replaced by [like]
[2017-05-11T22:31:35,618][WARN ][o.e.d.c.ParseField       ] Deprecated field [like_text] used, replaced by [like]
[2017-05-11T22:31:42,331][WARN ][o.e.d.c.ParseField       ] Deprecated field [like_text] used, replaced by [like]
[2017-05-11T22:34:46,457][WARN ][o.e.d.c.ParseField       ] Deprecated field [like_text] used, replaced by [like]
[2017-05-11T22:34:46,522][WARN ][o.e.d.c.ParseField       ] Deprecated field [like_text] used, replaced by [like]
[2017-05-11T22:34:52,385][WARN ][o.e.d.c.ParseField       ] Deprecated field [like_text] used, replaced by [like]
[2017-05-11T22:35:04,785][WARN ][o.e.d.c.ParseField       ] Deprecated field [like_text] used, replaced by [like]
[2017-05-11T22:35:20,514][WARN ][o.e.d.c.ParseField       ] Deprecated field [like_text] used, replaced by [like]
[2017-05-11T22:35:20,757][WARN ][o.e.d.c.ParseField       ] Deprecated field [like_text] used, replaced by [like]
[2017-05-11T22:35:20,911][WARN ][o.e.d.c.ParseField       ] Deprecated field [like_text] used, replaced by [like]
[2017-05-11T22:35:21,212][WARN ][o.e.d.c.ParseField       ] Deprecated field [like_text] used, replaced by [like]
[2017-05-11T22:35:21,318][WARN ][o.e.d.c.ParseField       ] Deprecated field [like_text] used, replaced by [like]
[2017-05-11T22:38:45,947][WARN ][o.e.d.c.ParseField       ] Deprecated field [like_text] used, replaced by [like]
[2017-05-11T22:39:32,159][WARN ][o.e.d.c.ParseField       ] Deprecated field [like_text] used, replaced by [like]
[2017-05-11T22:39:34,203][WARN ][o.e.d.c.ParseField       ] Deprecated field [like_text] used, replaced by [like]
[2017-05-11T22:39:36,818][WARN ][o.e.d.c.ParseField       ] Deprecated field [like_text] used, replaced by [like]
[2017-05-11T22:39:37,963][WARN ][o.e.d.c.ParseField       ] Deprecated field [like_text] used, replaced by [like]
[2017-05-11T22:41:15,272][WARN ][o.e.d.c.ParseField       ] Deprecated field [like_text] used, replaced by [like]
[2017-05-11T22:43:09,994][WARN ][o.e.d.c.ParseField       ] Deprecated field [like_text] used, replaced by [like]
[2017-05-11T22:44:02,272][WARN ][o.e.d.c.ParseField       ] Deprecated field [like_text] used, replaced by [like]
[2017-05-11T22:44:02,549][WARN ][o.e.d.c.ParseField       ] Deprecated field [like_text] used, replaced by [like]
[2017-05-11T22:44:02,979][WARN ][o.e.d.c.ParseField       ] Deprecated field [like_text] used, replaced by [like]
[2017-05-11T22:44:03,198][WARN ][o.e.d.c.ParseField       ] Deprecated field [like_text] used, replaced by [like]
[2017-05-11T22:44:04,469][WARN ][o.e.d.c.ParseField       ] Deprecated field [like_text] used, replaced by [like]
[2017-05-11T22:44:05,133][WARN ][o.e.d.c.ParseField       ] Deprecated field [like_text] used, replaced by [like]
[2017-05-11T22:44:05,188][WARN ][o.e.d.c.ParseField       ] Deprecated field [like_text] used, replaced by [like]
[2017-05-11T22:44:06,482][WARN ][o.e.d.c.ParseField       ] Deprecated field [like_text] used, replaced by [like]
[2017-05-11T22:44:06,644][WARN ][o.e.d.c.ParseField       ] Deprecated field [like_text] used, replaced by [like]
[2017-05-11T22:44:06,927][WARN ][o.e.d.c.ParseField       ] Deprecated field [like_text] used, replaced by [like]
[2017-05-11T22:44:20,961][WARN ][o.e.d.c.ParseField       ] Deprecated field [like_text] used, replaced by [like]
[2017-05-11T22:44:25,812][WARN ][o.e.d.c.ParseField       ] Deprecated field [like_text] used, replaced by [like]
[2017-05-11T22:44:25,957][WARN ][o.e.d.c.ParseField       ] Deprecated field [like_text] used, replaced by [like]
[2017-05-11T22:50:20,727][WARN ][o.e.d.c.ParseField       ] Deprecated field [like_text] used, replaced by [like]
[2017-05-11T22:50:26,180][WARN ][o.e.d.c.ParseField       ] Deprecated field [like_text] used, replaced by [like]
[2017-05-11T22:50:26,322][WARN ][o.e.d.c.ParseField       ] Deprecated field [like_text] used, replaced by [like]
[2017-05-11T22:50:26,649][WARN ][o.e.d.c.ParseField       ] Deprecated field [like_text] used, replaced by [like]
[2017-05-11T22:50:26,683][WARN ][o.e.d.c.ParseField       ] Deprecated field [like_text] used, replaced by [like]
[2017-05-11T22:50:36,587][WARN ][o.e.d.c.ParseField       ] Deprecated field [like_text] used, replaced by [like]
[2017-05-11T22:50:49,933][WARN ][o.e.d.c.ParseField       ] Deprecated field [like_text] used, replaced by [like]
[2017-05-11T22:50:51,284][WARN ][o.e.d.c.ParseField       ] Deprecated field [like_text] used, replaced by [like]
[2017-05-11T22:50:51,336][WARN ][o.e.d.c.ParseField       ] Deprecated field [like_text] used, replaced by [like]
[2017-05-11T22:53:39,213][WARN ][o.e.d.c.ParseField       ] Deprecated field [like_text] used, replaced by [like]
[2017-05-11T22:53:39,331][WARN ][o.e.d.c.ParseField       ] Deprecated field [like_text] used, replaced by [like]
[2017-05-11T22:53:39,419][WARN ][o.e.d.c.ParseField       ] Deprecated field [like_text] used, replaced by [like]
[2017-05-11T22:53:39,494][WARN ][o.e.d.c.ParseField       ] Deprecated field [like_text] used, replaced by [like]
[2017-05-11T23:12:52,925][WARN ][o.e.d.c.ParseField       ] Deprecated field [like_text] used, replaced by [like]
[2017-05-11T23:13:06,889][WARN ][o.e.d.c.ParseField       ] Deprecated field [like_text] used, replaced by [like]
[2017-05-11T23:13:07,024][WARN ][o.e.d.c.ParseField       ] Deprecated field [like_text] used, replaced by [like]
[2017-05-11T23:13:07,218][WARN ][o.e.d.c.ParseField       ] Deprecated field [like_text] used, replaced by [like]
[2017-05-11T23:13:07,424][WARN ][o.e.d.c.ParseField       ] Deprecated field [like_text] used, replaced by [like]
[2017-05-11T23:13:18,854][WARN ][o.e.d.c.ParseField       ] Deprecated field [like_text] used, replaced by [like]
[2017-05-11T23:13:21,223][WARN ][o.e.d.c.ParseField       ] Deprecated field [like_text] used, replaced by [like]
[2017-05-11T23:13:21,299][WARN ][o.e.d.c.ParseField       ] Deprecated field [like_text] used, replaced by [like]
[2017-05-11T23:13:29,285][WARN ][o.e.d.c.ParseField       ] Deprecated field [like_text] used, replaced by [like]
[2017-05-11T23:13:29,823][WARN ][o.e.d.c.ParseField       ] Deprecated field [like_text] used, replaced by [like]
[2017-05-11T23:13:29,890][WARN ][o.e.d.c.ParseField       ] Deprecated field [like_text] used, replaced by [like]
[2017-05-11T23:13:32,498][WARN ][o.e.d.c.ParseField       ] Deprecated field [like_text] used, replaced by [like]
[2017-05-11T23:13:32,536][WARN ][o.e.d.c.ParseField       ] Deprecated field [like_text] used, replaced by [like]
[2017-05-11T23:13:32,564][WARN ][o.e.d.c.ParseField       ] Deprecated field [like_text] used, replaced by [like]
[2017-05-11T23:13:32,627][WARN ][o.e.d.c.ParseField       ] Deprecated field [like_text] used, replaced by [like]
[2017-05-11T23:13:32,685][WARN ][o.e.d.c.ParseField       ] Deprecated field [like_text] used, replaced by [like]
[2017-05-11T23:13:35,555][WARN ][o.e.d.c.ParseField       ] Deprecated field [like_text] used, replaced by [like]
[2017-05-11T23:13:35,732][WARN ][o.e.d.c.ParseField       ] Deprecated field [like_text] used, replaced by [like]
[2017-05-11T23:13:35,848][WARN ][o.e.d.c.ParseField       ] Deprecated field [like_text] used, replaced by [like]
[2017-05-11T23:13:35,991][WARN ][o.e.d.c.ParseField       ] Deprecated field [like_text] used, replaced by [like]
[2017-05-11T23:13:36,142][WARN ][o.e.d.c.ParseField       ] Deprecated field [like_text] used, replaced by [like]
[2017-05-11T23:13:36,289][WARN ][o.e.d.c.ParseField       ] Deprecated field [like_text] used, replaced by [like]
[2017-05-11T23:13:36,518][WARN ][o.e.d.c.ParseField       ] Deprecated field [like_text] used, replaced by [like]
[2017-05-11T23:13:36,615][WARN ][o.e.d.c.ParseField       ] Deprecated field [like_text] used, replaced by [like]
[2017-05-11T23:13:36,714][WARN ][o.e.d.c.ParseField       ] Deprecated field [like_text] used, replaced by [like]
[2017-05-11T23:18:21,547][WARN ][o.e.d.c.ParseField       ] Deprecated field [like_text] used, replaced by [like]
[2017-05-11T23:18:39,605][WARN ][o.e.d.c.ParseField       ] Deprecated field [like_text] used, replaced by [like]
[2017-05-11T23:18:42,599][WARN ][o.e.d.c.ParseField       ] Deprecated field [like_text] used, replaced by [like]
[2017-05-11T23:18:43,770][WARN ][o.e.d.c.ParseField       ] Deprecated field [like_text] used, replaced by [like]
[2017-05-11T23:18:43,938][WARN ][o.e.d.c.ParseField       ] Deprecated field [like_text] used, replaced by [like]
[2017-05-11T23:22:25,455][WARN ][o.e.d.c.ParseField       ] Deprecated field [like_text] used, replaced by [like]
[2017-05-11T23:22:28,779][WARN ][o.e.d.c.ParseField       ] Deprecated field [like_text] used, replaced by [like]
[2017-05-11T23:22:29,408][WARN ][o.e.d.c.ParseField       ] Deprecated field [like_text] used, replaced by [like]
[2017-05-11T23:22:29,754][WARN ][o.e.d.c.ParseField       ] Deprecated field [like_text] used, replaced by [like]
[2017-05-11T23:22:29,811][WARN ][o.e.d.c.ParseField       ] Deprecated field [like_text] used, replaced by [like]
[2017-05-11T23:23:27,299][WARN ][o.e.d.c.ParseField       ] Deprecated field [like_text] used, replaced by [like]
[2017-05-11T23:25:07,968][WARN ][o.e.d.c.ParseField       ] Deprecated field [like_text] used, replaced by [like]
[2017-05-11T23:34:39,869][WARN ][o.e.d.c.ParseField       ] Deprecated field [like_text] used, replaced by [like]
[2017-05-11T23:43:32,828][WARN ][o.e.d.c.ParseField       ] Deprecated field [like_text] used, replaced by [like]
[2017-05-11T23:47:01,783][WARN ][o.e.d.c.ParseField       ] Deprecated field [like_text] used, replaced by [like]
[2017-05-11T23:49:47,983][WARN ][o.e.d.c.ParseField       ] Deprecated field [like_text] used, replaced by [like]
[2017-05-11T23:56:52,590][WARN ][o.e.d.c.ParseField       ] Deprecated field [like_text] used, replaced by [like]
[2017-05-12T00:01:52,797][WARN ][o.e.d.c.ParseField       ] Deprecated field [like_text] used, replaced by [like]
[2017-05-12T00:03:58,076][WARN ][o.e.d.c.ParseField       ] Deprecated field [like_text] used, replaced by [like]
[2017-05-12T00:04:17,669][WARN ][o.e.d.c.ParseField       ] Deprecated field [like_text] used, replaced by [like]
[2017-05-12T00:04:46,994][WARN ][o.e.d.c.ParseField       ] Deprecated field [like_text] used, replaced by [like]
[2017-05-12T00:05:18,762][WARN ][o.e.d.c.ParseField       ] Deprecated field [like_text] used, replaced by [like]
[2017-05-12T00:11:53,398][WARN ][o.e.d.c.ParseField       ] Deprecated field [like_text] used, replaced by [like]
[2017-05-12T00:14:10,357][WARN ][o.e.d.c.ParseField       ] Deprecated field [like_text] used, replaced by [like]
[2017-05-12T00:17:53,256][WARN ][o.e.d.c.ParseField       ] Deprecated field [like_text] used, replaced by [like]
[2017-05-12T00:20:15,431][WARN ][o.e.d.c.ParseField       ] Deprecated field [like_text] used, replaced by [like]
[2017-05-12T00:20:28,945][WARN ][o.e.d.c.ParseField       ] Deprecated field [like_text] used, replaced by [like]
[2017-05-12T00:25:01,188][WARN ][o.e.d.c.ParseField       ] Deprecated field [like_text] used, replaced by [like]
[2017-05-12T00:27:49,749][WARN ][o.e.d.c.ParseField       ] Deprecated field [like_text] used, replaced by [like]
[2017-05-12T00:27:55,826][WARN ][o.e.d.c.ParseField       ] Deprecated field [like_text] used, replaced by [like]
[2017-05-14T14:00:57,454][WARN ][o.e.d.i.m.StringFieldMapper$TypeParser] The [string] field is deprecated, please use [text] or [keyword] instead on [buildNum]
[2017-05-14T14:02:40,208][WARN ][o.e.d.i.m.StringFieldMapper$TypeParser] The [string] field is deprecated, please use [text] or [keyword] instead on [title]
[2017-05-14T14:02:40,208][WARN ][o.e.d.i.m.StringFieldMapper$TypeParser] The [string] field is deprecated, please use [text] or [keyword] instead on [description]
[2017-05-14T14:02:40,208][WARN ][o.e.d.i.m.StringFieldMapper$TypeParser] The [string] field is deprecated, please use [text] or [keyword] instead on [wsState]
[2017-05-14T14:02:40,209][WARN ][o.e.d.i.m.StringFieldMapper$TypeParser] The [string] field is deprecated, please use [text] or [keyword] instead on [searchSourceJSON]
[2017-05-14T14:02:40,210][WARN ][o.e.d.i.m.StringFieldMapper$TypeParser] The [string] field is deprecated, please use [text] or [keyword] instead on [title]
[2017-05-14T14:02:40,210][WARN ][o.e.d.i.m.StringFieldMapper$TypeParser] The [string] field is deprecated, please use [text] or [keyword] instead on [description]
[2017-05-14T14:02:40,210][WARN ][o.e.d.i.m.StringFieldMapper$TypeParser] The [string] field is deprecated, please use [text] or [keyword] instead on [wsState]
[2017-05-14T14:02:40,210][WARN ][o.e.d.i.m.StringFieldMapper$TypeParser] The [string] field is deprecated, please use [text] or [keyword] instead on [searchSourceJSON]
[2017-05-14T14:03:36,695][WARN ][o.e.d.r.a.RestFieldStatsAction] [_field_stats] endpoint is deprecated! Use [_field_caps] instead or run a min/max aggregations on the desired fields.
[2017-05-14T14:03:57,920][WARN ][o.e.d.r.a.RestFieldStatsAction] [_field_stats] endpoint is deprecated! Use [_field_caps] instead or run a min/max aggregations on the desired fields.
[2017-05-14T14:04:02,730][WARN ][o.e.d.r.a.RestFieldStatsAction] [_field_stats] endpoint is deprecated! Use [_field_caps] instead or run a min/max aggregations on the desired fields.
[2017-05-14T14:04:44,654][WARN ][o.e.d.i.m.StringFieldMapper$TypeParser] The [string] field is deprecated, please use [text] or [keyword] instead on [title]
[2017-05-14T14:04:44,654][WARN ][o.e.d.i.m.StringFieldMapper$TypeParser] The [string] field is deprecated, please use [text] or [keyword] instead on [visState]
[2017-05-14T14:04:44,655][WARN ][o.e.d.i.m.StringFieldMapper$TypeParser] The [string] field is deprecated, please use [text] or [keyword] instead on [uiStateJSON]
[2017-05-14T14:04:44,655][WARN ][o.e.d.i.m.StringFieldMapper$TypeParser] The [string] field is deprecated, please use [text] or [keyword] instead on [description]
[2017-05-14T14:04:44,655][WARN ][o.e.d.i.m.StringFieldMapper$TypeParser] The [string] field is deprecated, please use [text] or [keyword] instead on [savedSearchId]
[2017-05-14T14:04:44,655][WARN ][o.e.d.i.m.StringFieldMapper$TypeParser] The [string] field is deprecated, please use [text] or [keyword] instead on [searchSourceJSON]
[2017-05-14T14:04:44,656][WARN ][o.e.d.i.m.StringFieldMapper$TypeParser] The [string] field is deprecated, please use [text] or [keyword] instead on [title]
[2017-05-14T14:04:44,656][WARN ][o.e.d.i.m.StringFieldMapper$TypeParser] The [string] field is deprecated, please use [text] or [keyword] instead on [visState]
[2017-05-14T14:04:44,656][WARN ][o.e.d.i.m.StringFieldMapper$TypeParser] The [string] field is deprecated, please use [text] or [keyword] instead on [uiStateJSON]
[2017-05-14T14:04:44,657][WARN ][o.e.d.i.m.StringFieldMapper$TypeParser] The [string] field is deprecated, please use [text] or [keyword] instead on [description]
[2017-05-14T14:04:44,657][WARN ][o.e.d.i.m.StringFieldMapper$TypeParser] The [string] field is deprecated, please use [text] or [keyword] instead on [savedSearchId]
[2017-05-14T14:04:44,657][WARN ][o.e.d.i.m.StringFieldMapper$TypeParser] The [string] field is deprecated, please use [text] or [keyword] instead on [searchSourceJSON]
[2017-05-14T14:04:45,065][WARN ][o.e.d.r.a.RestFieldStatsAction] [_field_stats] endpoint is deprecated! Use [_field_caps] instead or run a min/max aggregations on the desired fields.
[2017-05-14T14:04:58,140][WARN ][o.e.d.r.a.RestFieldStatsAction] [_field_stats] endpoint is deprecated! Use [_field_caps] instead or run a min/max aggregations on the desired fields.
[2017-05-14T14:04:58,170][WARN ][o.e.d.r.a.RestFieldStatsAction] [_field_stats] endpoint is deprecated! Use [_field_caps] instead or run a min/max aggregations on the desired fields.
[2017-05-14T14:04:58,171][WARN ][o.e.d.r.a.RestFieldStatsAction] [_field_stats] endpoint is deprecated! Use [_field_caps] instead or run a min/max aggregations on the desired fields.
[2017-05-14T14:05:51,965][WARN ][o.e.d.i.m.StringFieldMapper$TypeParser] The [string] field is deprecated, please use [text] or [keyword] instead on [title]
[2017-05-14T14:05:51,966][WARN ][o.e.d.i.m.StringFieldMapper$TypeParser] The [string] field is deprecated, please use [text] or [keyword] instead on [description]
[2017-05-14T14:05:51,966][WARN ][o.e.d.i.m.StringFieldMapper$TypeParser] The [string] field is deprecated, please use [text] or [keyword] instead on [timelion_sheet]
[2017-05-14T14:05:51,970][WARN ][o.e.d.i.m.StringFieldMapper$TypeParser] The [string] field is deprecated, please use [text] or [keyword] instead on [timelion_interval]
[2017-05-14T14:05:51,971][WARN ][o.e.d.i.m.StringFieldMapper$TypeParser] The [string] field is deprecated, please use [text] or [keyword] instead on [timelion_other_interval]
[2017-05-14T14:05:51,971][WARN ][o.e.d.i.m.StringFieldMapper$TypeParser] The [string] field is deprecated, please use [text] or [keyword] instead on [searchSourceJSON]
[2017-05-14T14:05:51,972][WARN ][o.e.d.i.m.StringFieldMapper$TypeParser] The [string] field is deprecated, please use [text] or [keyword] instead on [title]
[2017-05-14T14:05:51,973][WARN ][o.e.d.i.m.StringFieldMapper$TypeParser] The [string] field is deprecated, please use [text] or [keyword] instead on [description]
[2017-05-14T14:05:51,973][WARN ][o.e.d.i.m.StringFieldMapper$TypeParser] The [string] field is deprecated, please use [text] or [keyword] instead on [timelion_sheet]
[2017-05-14T14:05:51,973][WARN ][o.e.d.i.m.StringFieldMapper$TypeParser] The [string] field is deprecated, please use [text] or [keyword] instead on [timelion_interval]
[2017-05-14T14:05:51,973][WARN ][o.e.d.i.m.StringFieldMapper$TypeParser] The [string] field is deprecated, please use [text] or [keyword] instead on [timelion_other_interval]
[2017-05-14T14:05:51,973][WARN ][o.e.d.i.m.StringFieldMapper$TypeParser] The [string] field is deprecated, please use [text] or [keyword] instead on [searchSourceJSON]
[2017-05-14T14:05:52,223][WARN ][o.e.d.i.q.QueryParseContext] query malformed, empty clause found at [1:143]
[2017-05-14T14:08:32,652][WARN ][o.e.d.r.a.RestFieldStatsAction] [_field_stats] endpoint is deprecated! Use [_field_caps] instead or run a min/max aggregations on the desired fields.
[2017-05-14T14:08:32,657][WARN ][o.e.d.r.a.RestFieldStatsAction] [_field_stats] endpoint is deprecated! Use [_field_caps] instead or run a min/max aggregations on the desired fields.
[2017-05-14T14:08:32,658][WARN ][o.e.d.r.a.RestFieldStatsAction] [_field_stats] endpoint is deprecated! Use [_field_caps] instead or run a min/max aggregations on the desired fields.
[2017-05-14T14:08:32,822][WARN ][o.e.d.r.a.RestFieldStatsAction] [_field_stats] endpoint is deprecated! Use [_field_caps] instead or run a min/max aggregations on the desired fields.
[2017-05-14T14:08:32,826][WARN ][o.e.d.r.a.RestFieldStatsAction] [_field_stats] endpoint is deprecated! Use [_field_caps] instead or run a min/max aggregations on the desired fields.
[2017-05-14T14:08:32,828][WARN ][o.e.d.r.a.RestFieldStatsAction] [_field_stats] endpoint is deprecated! Use [_field_caps] instead or run a min/max aggregations on the desired fields.
[2017-05-14T14:08:32,939][WARN ][o.e.d.r.a.RestFieldStatsAction] [_field_stats] endpoint is deprecated! Use [_field_caps] instead or run a min/max aggregations on the desired fields.
[2017-05-14T14:08:32,941][WARN ][o.e.d.r.a.RestFieldStatsAction] [_field_stats] endpoint is deprecated! Use [_field_caps] instead or run a min/max aggregations on the desired fields.
[2017-05-14T14:08:32,945][WARN ][o.e.d.r.a.RestFieldStatsAction] [_field_stats] endpoint is deprecated! Use [_field_caps] instead or run a min/max aggregations on the desired fields.
[2017-05-14T14:08:32,945][WARN ][o.e.d.r.a.RestFieldStatsAction] [_field_stats] endpoint is deprecated! Use [_field_caps] instead or run a min/max aggregations on the desired fields.
[2017-05-14T14:08:32,946][WARN ][o.e.d.r.a.RestFieldStatsAction] [_field_stats] endpoint is deprecated! Use [_field_caps] instead or run a min/max aggregations on the desired fields.
[2017-05-14T14:08:32,950][WARN ][o.e.d.r.a.RestFieldStatsAction] [_field_stats] endpoint is deprecated! Use [_field_caps] instead or run a min/max aggregations on the desired fields.
[2017-05-14T14:08:43,072][WARN ][o.e.d.r.a.RestFieldStatsAction] [_field_stats] endpoint is deprecated! Use [_field_caps] instead or run a min/max aggregations on the desired fields.
[2017-05-14T14:08:43,074][WARN ][o.e.d.r.a.RestFieldStatsAction] [_field_stats] endpoint is deprecated! Use [_field_caps] instead or run a min/max aggregations on the desired fields.
[2017-05-14T14:08:43,074][WARN ][o.e.d.r.a.RestFieldStatsAction] [_field_stats] endpoint is deprecated! Use [_field_caps] instead or run a min/max aggregations on the desired fields.
[2017-05-14T14:10:26,022][WARN ][o.e.d.i.m.StringFieldMapper$TypeParser] The [string] field is deprecated, please use [text] or [keyword] instead on [title]
[2017-05-14T14:10:26,022][WARN ][o.e.d.i.m.StringFieldMapper$TypeParser] The [string] field is deprecated, please use [text] or [keyword] instead on [description]
[2017-05-14T14:10:26,022][WARN ][o.e.d.i.m.StringFieldMapper$TypeParser] The [string] field is deprecated, please use [text] or [keyword] instead on [columns]
[2017-05-14T14:10:26,022][WARN ][o.e.d.i.m.StringFieldMapper$TypeParser] The [string] field is deprecated, please use [text] or [keyword] instead on [sort]
[2017-05-14T14:10:26,022][WARN ][o.e.d.i.m.StringFieldMapper$TypeParser] The [string] field is deprecated, please use [text] or [keyword] instead on [searchSourceJSON]
[2017-05-14T14:10:26,023][WARN ][o.e.d.i.m.StringFieldMapper$TypeParser] The [string] field is deprecated, please use [text] or [keyword] instead on [title]
[2017-05-14T14:10:26,023][WARN ][o.e.d.i.m.StringFieldMapper$TypeParser] The [string] field is deprecated, please use [text] or [keyword] instead on [description]
[2017-05-14T14:10:26,024][WARN ][o.e.d.i.m.StringFieldMapper$TypeParser] The [string] field is deprecated, please use [text] or [keyword] instead on [columns]
[2017-05-14T14:10:26,024][WARN ][o.e.d.i.m.StringFieldMapper$TypeParser] The [string] field is deprecated, please use [text] or [keyword] instead on [sort]
[2017-05-14T14:10:26,024][WARN ][o.e.d.i.m.StringFieldMapper$TypeParser] The [string] field is deprecated, please use [text] or [keyword] instead on [searchSourceJSON]
[2017-05-14T14:23:07,363][WARN ][o.e.d.c.ParseField       ] Deprecated field [type] used, replaced by [match_phrase and match_phrase_prefix query]
[2017-05-14T14:27:58,407][WARN ][o.e.d.i.m.StringFieldMapper$TypeParser] The [string] field is deprecated, please use [text] or [keyword] instead on [title]
[2017-05-14T14:27:58,407][WARN ][o.e.d.i.m.StringFieldMapper$TypeParser] The [string] field is deprecated, please use [text] or [keyword] instead on [description]
[2017-05-14T14:27:58,407][WARN ][o.e.d.i.m.StringFieldMapper$TypeParser] The [string] field is deprecated, please use [text] or [keyword] instead on [panelsJSON]
[2017-05-14T14:27:58,407][WARN ][o.e.d.i.m.StringFieldMapper$TypeParser] The [string] field is deprecated, please use [text] or [keyword] instead on [optionsJSON]
[2017-05-14T14:27:58,408][WARN ][o.e.d.i.m.StringFieldMapper$TypeParser] The [string] field is deprecated, please use [text] or [keyword] instead on [uiStateJSON]
[2017-05-14T14:27:58,408][WARN ][o.e.d.i.m.StringFieldMapper$TypeParser] The [string] field is deprecated, please use [text] or [keyword] instead on [timeTo]
[2017-05-14T14:27:58,408][WARN ][o.e.d.i.m.StringFieldMapper$TypeParser] The [string] field is deprecated, please use [text] or [keyword] instead on [timeFrom]
[2017-05-14T14:27:58,408][WARN ][o.e.d.i.m.StringFieldMapper$TypeParser] The [string] field is deprecated, please use [text] or [keyword] instead on [display]
[2017-05-14T14:27:58,408][WARN ][o.e.d.i.m.StringFieldMapper$TypeParser] The [string] field is deprecated, please use [text] or [keyword] instead on [searchSourceJSON]
[2017-05-14T14:27:58,409][WARN ][o.e.d.i.m.StringFieldMapper$TypeParser] The [string] field is deprecated, please use [text] or [keyword] instead on [title]
[2017-05-14T14:27:58,409][WARN ][o.e.d.i.m.StringFieldMapper$TypeParser] The [string] field is deprecated, please use [text] or [keyword] instead on [description]
[2017-05-14T14:27:58,410][WARN ][o.e.d.i.m.StringFieldMapper$TypeParser] The [string] field is deprecated, please use [text] or [keyword] instead on [panelsJSON]
[2017-05-14T14:27:58,410][WARN ][o.e.d.i.m.StringFieldMapper$TypeParser] The [string] field is deprecated, please use [text] or [keyword] instead on [optionsJSON]
[2017-05-14T14:27:58,410][WARN ][o.e.d.i.m.StringFieldMapper$TypeParser] The [string] field is deprecated, please use [text] or [keyword] instead on [uiStateJSON]
[2017-05-14T14:27:58,410][WARN ][o.e.d.i.m.StringFieldMapper$TypeParser] The [string] field is deprecated, please use [text] or [keyword] instead on [timeTo]
[2017-05-14T14:27:58,410][WARN ][o.e.d.i.m.StringFieldMapper$TypeParser] The [string] field is deprecated, please use [text] or [keyword] instead on [timeFrom]
[2017-05-14T14:27:58,410][WARN ][o.e.d.i.m.StringFieldMapper$TypeParser] The [string] field is deprecated, please use [text] or [keyword] instead on [display]
[2017-05-14T14:27:58,411][WARN ][o.e.d.i.m.StringFieldMapper$TypeParser] The [string] field is deprecated, please use [text] or [keyword] instead on [searchSourceJSON]
[2017-05-14T15:02:18,817][WARN ][o.e.d.i.q.QueryParseContext] query malformed, empty clause found at [1:143]
[2017-05-14T15:03:34,015][WARN ][o.e.d.r.a.RestFieldStatsAction] [_field_stats] endpoint is deprecated! Use [_field_caps] instead or run a min/max aggregations on the desired fields.
[2017-05-14T15:03:34,017][WARN ][o.e.d.r.a.RestFieldStatsAction] [_field_stats] endpoint is deprecated! Use [_field_caps] instead or run a min/max aggregations on the desired fields.
[2017-05-14T15:03:34,018][WARN ][o.e.d.r.a.RestFieldStatsAction] [_field_stats] endpoint is deprecated! Use [_field_caps] instead or run a min/max aggregations on the desired fields.
[2017-05-14T15:03:34,149][WARN ][o.e.d.r.a.RestFieldStatsAction] [_field_stats] endpoint is deprecated! Use [_field_caps] instead or run a min/max aggregations on the desired fields.
[2017-05-14T15:03:34,150][WARN ][o.e.d.r.a.RestFieldStatsAction] [_field_stats] endpoint is deprecated! Use [_field_caps] instead or run a min/max aggregations on the desired fields.
[2017-05-14T15:03:34,150][WARN ][o.e.d.r.a.RestFieldStatsAction] [_field_stats] endpoint is deprecated! Use [_field_caps] instead or run a min/max aggregations on the desired fields.
[2017-05-14T15:03:34,239][WARN ][o.e.d.r.a.RestFieldStatsAction] [_field_stats] endpoint is deprecated! Use [_field_caps] instead or run a min/max aggregations on the desired fields.
[2017-05-14T15:03:34,239][WARN ][o.e.d.r.a.RestFieldStatsAction] [_field_stats] endpoint is deprecated! Use [_field_caps] instead or run a min/max aggregations on the desired fields.
[2017-05-14T15:03:34,240][WARN ][o.e.d.r.a.RestFieldStatsAction] [_field_stats] endpoint is deprecated! Use [_field_caps] instead or run a min/max aggregations on the desired fields.
[2017-05-14T15:03:34,254][WARN ][o.e.d.r.a.RestFieldStatsAction] [_field_stats] endpoint is deprecated! Use [_field_caps] instead or run a min/max aggregations on the desired fields.
[2017-05-14T15:03:34,255][WARN ][o.e.d.r.a.RestFieldStatsAction] [_field_stats] endpoint is deprecated! Use [_field_caps] instead or run a min/max aggregations on the desired fields.
[2017-05-14T15:03:34,255][WARN ][o.e.d.r.a.RestFieldStatsAction] [_field_stats] endpoint is deprecated! Use [_field_caps] instead or run a min/max aggregations on the desired fields.
[2017-05-14T15:03:38,399][WARN ][o.e.d.r.a.RestFieldStatsAction] [_field_stats] endpoint is deprecated! Use [_field_caps] instead or run a min/max aggregations on the desired fields.
[2017-05-14T15:03:38,399][WARN ][o.e.d.r.a.RestFieldStatsAction] [_field_stats] endpoint is deprecated! Use [_field_caps] instead or run a min/max aggregations on the desired fields.
[2017-05-14T15:03:38,400][WARN ][o.e.d.r.a.RestFieldStatsAction] [_field_stats] endpoint is deprecated! Use [_field_caps] instead or run a min/max aggregations on the desired fields.
[2017-05-14T15:03:38,402][WARN ][o.e.d.r.a.RestFieldStatsAction] [_field_stats] endpoint is deprecated! Use [_field_caps] instead or run a min/max aggregations on the desired fields.
[2017-05-14T15:03:48,579][WARN ][o.e.d.r.a.RestFieldStatsAction] [_field_stats] endpoint is deprecated! Use [_field_caps] instead or run a min/max aggregations on the desired fields.
[2017-05-14T15:03:55,713][WARN ][o.e.d.r.a.RestFieldStatsAction] [_field_stats] endpoint is deprecated! Use [_field_caps] instead or run a min/max aggregations on the desired fields.
[2017-05-14T15:04:00,142][WARN ][o.e.d.r.a.RestFieldStatsAction] [_field_stats] endpoint is deprecated! Use [_field_caps] instead or run a min/max aggregations on the desired fields.
[2017-05-14T15:04:00,144][WARN ][o.e.d.r.a.RestFieldStatsAction] [_field_stats] endpoint is deprecated! Use [_field_caps] instead or run a min/max aggregations on the desired fields.
[2017-05-14T15:04:00,144][WARN ][o.e.d.r.a.RestFieldStatsAction] [_field_stats] endpoint is deprecated! Use [_field_caps] instead or run a min/max aggregations on the desired fields.
[2017-05-14T15:04:00,146][WARN ][o.e.d.r.a.RestFieldStatsAction] [_field_stats] endpoint is deprecated! Use [_field_caps] instead or run a min/max aggregations on the desired fields.
[2017-05-14T15:04:10,254][WARN ][o.e.d.r.a.RestFieldStatsAction] [_field_stats] endpoint is deprecated! Use [_field_caps] instead or run a min/max aggregations on the desired fields.
[2017-05-14T15:04:19,764][WARN ][o.e.d.r.a.RestFieldStatsAction] [_field_stats] endpoint is deprecated! Use [_field_caps] instead or run a min/max aggregations on the desired fields.
[2017-05-14T15:04:19,767][WARN ][o.e.d.r.a.RestFieldStatsAction] [_field_stats] endpoint is deprecated! Use [_field_caps] instead or run a min/max aggregations on the desired fields.
[2017-05-14T15:04:19,767][WARN ][o.e.d.r.a.RestFieldStatsAction] [_field_stats] endpoint is deprecated! Use [_field_caps] instead or run a min/max aggregations on the desired fields.
[2017-05-14T15:04:19,768][WARN ][o.e.d.r.a.RestFieldStatsAction] [_field_stats] endpoint is deprecated! Use [_field_caps] instead or run a min/max aggregations on the desired fields.
[2017-05-14T15:04:29,886][WARN ][o.e.d.r.a.RestFieldStatsAction] [_field_stats] endpoint is deprecated! Use [_field_caps] instead or run a min/max aggregations on the desired fields.
[2017-05-14T15:04:31,517][WARN ][o.e.d.r.a.RestFieldStatsAction] [_field_stats] endpoint is deprecated! Use [_field_caps] instead or run a min/max aggregations on the desired fields.
[2017-05-14T15:04:31,517][WARN ][o.e.d.r.a.RestFieldStatsAction] [_field_stats] endpoint is deprecated! Use [_field_caps] instead or run a min/max aggregations on the desired fields.
[2017-05-14T15:04:31,520][WARN ][o.e.d.r.a.RestFieldStatsAction] [_field_stats] endpoint is deprecated! Use [_field_caps] instead or run a min/max aggregations on the desired fields.
[2017-05-14T15:04:31,523][WARN ][o.e.d.r.a.RestFieldStatsAction] [_field_stats] endpoint is deprecated! Use [_field_caps] instead or run a min/max aggregations on the desired fields.
[2017-05-14T15:04:51,490][WARN ][o.e.d.r.a.RestFieldStatsAction] [_field_stats] endpoint is deprecated! Use [_field_caps] instead or run a min/max aggregations on the desired fields.
[2017-05-14T15:04:51,493][WARN ][o.e.d.r.a.RestFieldStatsAction] [_field_stats] endpoint is deprecated! Use [_field_caps] instead or run a min/max aggregations on the desired fields.
[2017-05-14T15:04:51,514][WARN ][o.e.d.r.a.RestFieldStatsAction] [_field_stats] endpoint is deprecated! Use [_field_caps] instead or run a min/max aggregations on the desired fields.
[2017-05-14T15:04:51,521][WARN ][o.e.d.r.a.RestFieldStatsAction] [_field_stats] endpoint is deprecated! Use [_field_caps] instead or run a min/max aggregations on the desired fields.
[2017-05-14T15:05:01,733][WARN ][o.e.d.r.a.RestFieldStatsAction] [_field_stats] endpoint is deprecated! Use [_field_caps] instead or run a min/max aggregations on the desired fields.
[2017-05-14T15:05:11,789][WARN ][o.e.d.r.a.RestFieldStatsAction] [_field_stats] endpoint is deprecated! Use [_field_caps] instead or run a min/max aggregations on the desired fields.
[2017-05-14T17:04:31,364][WARN ][o.e.d.r.a.RestFieldStatsAction] [_field_stats] endpoint is deprecated! Use [_field_caps] instead or run a min/max aggregations on the desired fields.
[2017-05-14T17:04:31,390][WARN ][o.e.d.r.a.RestFieldStatsAction] [_field_stats] endpoint is deprecated! Use [_field_caps] instead or run a min/max aggregations on the desired fields.
[2017-05-14T17:04:31,391][WARN ][o.e.d.r.a.RestFieldStatsAction] [_field_stats] endpoint is deprecated! Use [_field_caps] instead or run a min/max aggregations on the desired fields.
[2017-05-14T17:15:13,228][WARN ][o.e.d.r.a.RestFieldStatsAction] [_field_stats] endpoint is deprecated! Use [_field_caps] instead or run a min/max aggregations on the desired fields.
[2017-05-14T17:15:13,253][WARN ][o.e.d.r.a.RestFieldStatsAction] [_field_stats] endpoint is deprecated! Use [_field_caps] instead or run a min/max aggregations on the desired fields.
[2017-05-14T17:15:13,254][WARN ][o.e.d.r.a.RestFieldStatsAction] [_field_stats] endpoint is deprecated! Use [_field_caps] instead or run a min/max aggregations on the desired fields.
[2017-05-14T17:18:31,805][WARN ][o.e.d.c.ParseField       ] Deprecated field [type] used, replaced by [match_phrase and match_phrase_prefix query]
[2017-05-14T17:18:31,814][WARN ][o.e.d.c.ParseField       ] Deprecated field [type] used, replaced by [match_phrase and match_phrase_prefix query]
[2017-05-14T17:18:31,814][WARN ][o.e.d.c.ParseField       ] Deprecated field [type] used, replaced by [match_phrase and match_phrase_prefix query]
[2017-05-14T17:18:31,814][WARN ][o.e.d.c.ParseField       ] Deprecated field [type] used, replaced by [match_phrase and match_phrase_prefix query]
[2017-05-14T17:18:31,814][WARN ][o.e.d.c.ParseField       ] Deprecated field [type] used, replaced by [match_phrase and match_phrase_prefix query]
[2017-05-14T17:18:31,814][WARN ][o.e.d.c.ParseField       ] Deprecated field [type] used, replaced by [match_phrase and match_phrase_prefix query]
[2017-05-14T17:18:54,788][WARN ][o.e.d.c.ParseField       ] Deprecated field [type] used, replaced by [match_phrase and match_phrase_prefix query]
[2017-05-14T17:18:54,788][WARN ][o.e.d.c.ParseField       ] Deprecated field [type] used, replaced by [match_phrase and match_phrase_prefix query]
[2017-05-14T17:18:54,789][WARN ][o.e.d.c.ParseField       ] Deprecated field [type] used, replaced by [match_phrase and match_phrase_prefix query]
[2017-05-14T17:18:54,789][WARN ][o.e.d.c.ParseField       ] Deprecated field [type] used, replaced by [match_phrase and match_phrase_prefix query]
[2017-05-14T17:18:54,789][WARN ][o.e.d.c.ParseField       ] Deprecated field [type] used, replaced by [match_phrase and match_phrase_prefix query]
[2017-05-14T17:18:54,789][WARN ][o.e.d.c.ParseField       ] Deprecated field [type] used, replaced by [match_phrase and match_phrase_prefix query]
[2017-05-14T17:18:54,789][WARN ][o.e.d.c.ParseField       ] Deprecated field [type] used, replaced by [match_phrase and match_phrase_prefix query]
[2017-05-14T17:18:54,789][WARN ][o.e.d.c.ParseField       ] Deprecated field [type] used, replaced by [match_phrase and match_phrase_prefix query]
[2017-05-14T17:19:01,000][WARN ][o.e.d.c.ParseField       ] Deprecated field [type] used, replaced by [match_phrase and match_phrase_prefix query]
[2017-05-14T17:19:01,001][WARN ][o.e.d.c.ParseField       ] Deprecated field [type] used, replaced by [match_phrase and match_phrase_prefix query]
[2017-05-14T17:19:01,001][WARN ][o.e.d.c.ParseField       ] Deprecated field [type] used, replaced by [match_phrase and match_phrase_prefix query]
[2017-05-14T17:19:01,001][WARN ][o.e.d.c.ParseField       ] Deprecated field [type] used, replaced by [match_phrase and match_phrase_prefix query]
[2017-05-14T17:19:10,008][WARN ][o.e.d.c.ParseField       ] Deprecated field [type] used, replaced by [match_phrase and match_phrase_prefix query]
[2017-05-14T17:19:10,008][WARN ][o.e.d.c.ParseField       ] Deprecated field [type] used, replaced by [match_phrase and match_phrase_prefix query]
[2017-05-14T17:19:10,009][WARN ][o.e.d.c.ParseField       ] Deprecated field [type] used, replaced by [match_phrase and match_phrase_prefix query]
[2017-05-14T17:19:10,009][WARN ][o.e.d.c.ParseField       ] Deprecated field [type] used, replaced by [match_phrase and match_phrase_prefix query]
[2017-05-14T17:19:10,009][WARN ][o.e.d.c.ParseField       ] Deprecated field [type] used, replaced by [match_phrase and match_phrase_prefix query]
[2017-05-14T17:19:10,009][WARN ][o.e.d.c.ParseField       ] Deprecated field [type] used, replaced by [match_phrase and match_phrase_prefix query]
[2017-05-14T17:33:00,445][WARN ][o.e.d.c.ParseField       ] Deprecated field [type] used, replaced by [match_phrase and match_phrase_prefix query]
[2017-05-14T17:33:00,446][WARN ][o.e.d.c.ParseField       ] Deprecated field [type] used, replaced by [match_phrase and match_phrase_prefix query]
[2017-05-14T17:33:00,446][WARN ][o.e.d.c.ParseField       ] Deprecated field [type] used, replaced by [match_phrase and match_phrase_prefix query]
[2017-05-14T17:33:00,447][WARN ][o.e.d.c.ParseField       ] Deprecated field [type] used, replaced by [match_phrase and match_phrase_prefix query]
[2017-05-14T17:33:00,447][WARN ][o.e.d.c.ParseField       ] Deprecated field [type] used, replaced by [match_phrase and match_phrase_prefix query]
[2017-05-14T17:33:00,447][WARN ][o.e.d.c.ParseField       ] Deprecated field [type] used, replaced by [match_phrase and match_phrase_prefix query]
[2017-05-14T17:33:13,740][WARN ][o.e.d.c.ParseField       ] Deprecated field [type] used, replaced by [match_phrase and match_phrase_prefix query]
[2017-05-14T17:33:13,740][WARN ][o.e.d.c.ParseField       ] Deprecated field [type] used, replaced by [match_phrase and match_phrase_prefix query]
[2017-05-14T17:33:13,740][WARN ][o.e.d.c.ParseField       ] Deprecated field [type] used, replaced by [match_phrase and match_phrase_prefix query]
[2017-05-14T17:33:13,741][WARN ][o.e.d.c.ParseField       ] Deprecated field [type] used, replaced by [match_phrase and match_phrase_prefix query]
[2017-05-14T17:33:13,741][WARN ][o.e.d.c.ParseField       ] Deprecated field [type] used, replaced by [match_phrase and match_phrase_prefix query]
[2017-05-14T17:33:13,741][WARN ][o.e.d.c.ParseField       ] Deprecated field [type] used, replaced by [match_phrase and match_phrase_prefix query]
[2017-05-14T17:33:17,121][WARN ][o.e.d.c.ParseField       ] Deprecated field [type] used, replaced by [match_phrase and match_phrase_prefix query]
[2017-05-14T17:33:17,122][WARN ][o.e.d.c.ParseField       ] Deprecated field [type] used, replaced by [match_phrase and match_phrase_prefix query]
[2017-05-14T17:33:17,122][WARN ][o.e.d.c.ParseField       ] Deprecated field [type] used, replaced by [match_phrase and match_phrase_prefix query]
[2017-05-14T17:33:17,122][WARN ][o.e.d.c.ParseField       ] Deprecated field [type] used, replaced by [match_phrase and match_phrase_prefix query]
[2017-05-14T17:33:17,123][WARN ][o.e.d.c.ParseField       ] Deprecated field [type] used, replaced by [match_phrase and match_phrase_prefix query]
[2017-05-14T17:33:17,123][WARN ][o.e.d.c.ParseField       ] Deprecated field [type] used, replaced by [match_phrase and match_phrase_prefix query]
[2017-05-14T17:33:32,151][WARN ][o.e.d.c.ParseField       ] Deprecated field [type] used, replaced by [match_phrase and match_phrase_prefix query]
[2017-05-14T17:33:32,151][WARN ][o.e.d.c.ParseField       ] Deprecated field [type] used, replaced by [match_phrase and match_phrase_prefix query]
[2017-05-14T17:33:32,152][WARN ][o.e.d.c.ParseField       ] Deprecated field [type] used, replaced by [match_phrase and match_phrase_prefix query]
[2017-05-14T17:33:32,152][WARN ][o.e.d.c.ParseField       ] Deprecated field [type] used, replaced by [match_phrase and match_phrase_prefix query]
[2017-05-14T17:33:32,152][WARN ][o.e.d.c.ParseField       ] Deprecated field [type] used, replaced by [match_phrase and match_phrase_prefix query]
[2017-05-14T17:33:32,152][WARN ][o.e.d.c.ParseField       ] Deprecated field [type] used, replaced by [match_phrase and match_phrase_prefix query]
[2017-05-14T17:34:55,945][WARN ][o.e.d.c.ParseField       ] Deprecated field [type] used, replaced by [match_phrase and match_phrase_prefix query]
[2017-05-14T17:34:55,945][WARN ][o.e.d.c.ParseField       ] Deprecated field [type] used, replaced by [match_phrase and match_phrase_prefix query]
[2017-05-14T17:34:55,945][WARN ][o.e.d.c.ParseField       ] Deprecated field [type] used, replaced by [match_phrase and match_phrase_prefix query]
[2017-05-14T17:34:55,945][WARN ][o.e.d.c.ParseField       ] Deprecated field [type] used, replaced by [match_phrase and match_phrase_prefix query]
[2017-05-14T17:38:49,575][WARN ][o.e.d.c.ParseField       ] Deprecated field [type] used, replaced by [match_phrase and match_phrase_prefix query]
[2017-05-14T17:57:28,649][WARN ][o.e.d.c.ParseField       ] Deprecated field [type] used, replaced by [match_phrase and match_phrase_prefix query]
[2017-05-14T17:57:55,702][WARN ][o.e.d.c.ParseField       ] Deprecated field [type] used, replaced by [match_phrase and match_phrase_prefix query]
[2017-05-14T17:58:38,546][WARN ][o.e.d.c.ParseField       ] Deprecated field [type] used, replaced by [match_phrase and match_phrase_prefix query]
[2017-05-14T18:00:55,624][WARN ][o.e.d.r.a.RestFieldStatsAction] [_field_stats] endpoint is deprecated! Use [_field_caps] instead or run a min/max aggregations on the desired fields.
[2017-05-14T18:01:14,614][WARN ][o.e.d.r.a.RestFieldStatsAction] [_field_stats] endpoint is deprecated! Use [_field_caps] instead or run a min/max aggregations on the desired fields.
[2017-05-14T18:01:14,614][WARN ][o.e.d.r.a.RestFieldStatsAction] [_field_stats] endpoint is deprecated! Use [_field_caps] instead or run a min/max aggregations on the desired fields.
[2017-05-14T18:01:18,951][WARN ][o.e.d.r.a.RestFieldStatsAction] [_field_stats] endpoint is deprecated! Use [_field_caps] instead or run a min/max aggregations on the desired fields.
[2017-05-14T18:01:23,406][WARN ][o.e.d.r.a.RestFieldStatsAction] [_field_stats] endpoint is deprecated! Use [_field_caps] instead or run a min/max aggregations on the desired fields.
[2017-05-14T18:01:38,222][WARN ][o.e.d.r.a.RestFieldStatsAction] [_field_stats] endpoint is deprecated! Use [_field_caps] instead or run a min/max aggregations on the desired fields.
[2017-05-14T18:01:52,258][WARN ][o.e.d.r.a.RestFieldStatsAction] [_field_stats] endpoint is deprecated! Use [_field_caps] instead or run a min/max aggregations on the desired fields.
[2017-05-14T18:01:55,679][WARN ][o.e.d.r.a.RestFieldStatsAction] [_field_stats] endpoint is deprecated! Use [_field_caps] instead or run a min/max aggregations on the desired fields.
[2017-05-14T18:02:00,150][WARN ][o.e.d.r.a.RestFieldStatsAction] [_field_stats] endpoint is deprecated! Use [_field_caps] instead or run a min/max aggregations on the desired fields.
[2017-05-14T22:41:28,446][WARN ][o.e.d.r.a.RestFieldStatsAction] [_field_stats] endpoint is deprecated! Use [_field_caps] instead or run a min/max aggregations on the desired fields.
[2017-05-14T22:41:28,485][WARN ][o.e.d.r.a.RestFieldStatsAction] [_field_stats] endpoint is deprecated! Use [_field_caps] instead or run a min/max aggregations on the desired fields.
[2017-05-14T22:41:28,487][WARN ][o.e.d.r.a.RestFieldStatsAction] [_field_stats] endpoint is deprecated! Use [_field_caps] instead or run a min/max aggregations on the desired fields.
[2017-05-14T22:53:05,441][WARN ][o.e.d.r.a.RestFieldStatsAction] [_field_stats] endpoint is deprecated! Use [_field_caps] instead or run a min/max aggregations on the desired fields.
[2017-05-14T22:53:05,462][WARN ][o.e.d.r.a.RestFieldStatsAction] [_field_stats] endpoint is deprecated! Use [_field_caps] instead or run a min/max aggregations on the desired fields.
[2017-05-14T22:53:05,463][WARN ][o.e.d.r.a.RestFieldStatsAction] [_field_stats] endpoint is deprecated! Use [_field_caps] instead or run a min/max aggregations on the desired fields.
[2017-05-14T22:53:50,344][WARN ][o.e.d.r.a.RestFieldStatsAction] [_field_stats] endpoint is deprecated! Use [_field_caps] instead or run a min/max aggregations on the desired fields.
[2017-05-14T22:53:50,359][WARN ][o.e.d.r.a.RestFieldStatsAction] [_field_stats] endpoint is deprecated! Use [_field_caps] instead or run a min/max aggregations on the desired fields.
[2017-05-14T22:53:50,359][WARN ][o.e.d.r.a.RestFieldStatsAction] [_field_stats] endpoint is deprecated! Use [_field_caps] instead or run a min/max aggregations on the desired fields.
[2017-05-14T23:28:29,301][WARN ][o.e.d.c.ParseField       ] Deprecated field [type] used, replaced by [match_phrase and match_phrase_prefix query]
[2017-05-14T23:28:29,309][WARN ][o.e.d.c.ParseField       ] Deprecated field [type] used, replaced by [match_phrase and match_phrase_prefix query]
[2017-05-14T23:28:29,310][WARN ][o.e.d.c.ParseField       ] Deprecated field [type] used, replaced by [match_phrase and match_phrase_prefix query]
[2017-05-14T23:28:29,311][WARN ][o.e.d.c.ParseField       ] Deprecated field [type] used, replaced by [match_phrase and match_phrase_prefix query]
[2017-05-14T23:28:29,311][WARN ][o.e.d.c.ParseField       ] Deprecated field [type] used, replaced by [match_phrase and match_phrase_prefix query]
[2017-05-14T23:28:29,312][WARN ][o.e.d.c.ParseField       ] Deprecated field [type] used, replaced by [match_phrase and match_phrase_prefix query]
[2017-05-14T23:28:29,312][WARN ][o.e.d.c.ParseField       ] Deprecated field [type] used, replaced by [match_phrase and match_phrase_prefix query]
[2017-05-14T23:28:29,312][WARN ][o.e.d.c.ParseField       ] Deprecated field [type] used, replaced by [match_phrase and match_phrase_prefix query]
[2017-05-14T23:28:56,733][WARN ][o.e.d.c.ParseField       ] Deprecated field [type] used, replaced by [match_phrase and match_phrase_prefix query]
[2017-05-14T23:28:56,733][WARN ][o.e.d.c.ParseField       ] Deprecated field [type] used, replaced by [match_phrase and match_phrase_prefix query]
[2017-05-14T23:28:56,734][WARN ][o.e.d.c.ParseField       ] Deprecated field [type] used, replaced by [match_phrase and match_phrase_prefix query]
[2017-05-14T23:28:56,734][WARN ][o.e.d.c.ParseField       ] Deprecated field [type] used, replaced by [match_phrase and match_phrase_prefix query]
[2017-05-14T23:28:56,734][WARN ][o.e.d.c.ParseField       ] Deprecated field [type] used, replaced by [match_phrase and match_phrase_prefix query]
[2017-05-14T23:28:56,734][WARN ][o.e.d.c.ParseField       ] Deprecated field [type] used, replaced by [match_phrase and match_phrase_prefix query]
[2017-05-14T23:28:56,734][WARN ][o.e.d.c.ParseField       ] Deprecated field [type] used, replaced by [match_phrase and match_phrase_prefix query]
[2017-05-14T23:28:56,735][WARN ][o.e.d.c.ParseField       ] Deprecated field [type] used, replaced by [match_phrase and match_phrase_prefix query]
[2017-05-14T23:33:31,559][WARN ][o.e.d.c.ParseField       ] Deprecated field [type] used, replaced by [match_phrase and match_phrase_prefix query]
[2017-05-14T23:33:31,560][WARN ][o.e.d.c.ParseField       ] Deprecated field [type] used, replaced by [match_phrase and match_phrase_prefix query]
[2017-05-14T23:33:31,560][WARN ][o.e.d.c.ParseField       ] Deprecated field [type] used, replaced by [match_phrase and match_phrase_prefix query]
[2017-05-14T23:33:31,561][WARN ][o.e.d.c.ParseField       ] Deprecated field [type] used, replaced by [match_phrase and match_phrase_prefix query]
[2017-05-14T23:33:31,561][WARN ][o.e.d.c.ParseField       ] Deprecated field [type] used, replaced by [match_phrase and match_phrase_prefix query]
[2017-05-14T23:33:31,561][WARN ][o.e.d.c.ParseField       ] Deprecated field [type] used, replaced by [match_phrase and match_phrase_prefix query]
[2017-05-14T23:33:31,561][WARN ][o.e.d.c.ParseField       ] Deprecated field [type] used, replaced by [match_phrase and match_phrase_prefix query]
[2017-05-14T23:33:31,561][WARN ][o.e.d.c.ParseField       ] Deprecated field [type] used, replaced by [match_phrase and match_phrase_prefix query]
