[2017-05-17T01:34:46,138][WARN ][logstash.runner          ] SIGINT received. Shutting down the agent.
[2017-05-17T01:34:46,842][WARN ][logstash.agent           ] stopping pipeline {:id=>"main"}
[2017-05-17T11:44:43,799][INFO ][logstash.outputs.elasticsearch] Elasticsearch pool URLs updated {:changes=>{:removed=>[], :added=>[http://elastic:xxxxxx@localhost:9200/]}}
[2017-05-17T11:44:43,806][INFO ][logstash.outputs.elasticsearch] Running health check to see if an Elasticsearch connection is working {:healthcheck_url=>http://elastic:xxxxxx@localhost:9200/, :path=>"/"}
[2017-05-17T11:44:44,136][WARN ][logstash.outputs.elasticsearch] Restored connection to ES instance {:url=>#<URI::HTTP:0x13a904ca URL:http://elastic:xxxxxx@localhost:9200/>}
[2017-05-17T11:44:44,137][INFO ][logstash.outputs.elasticsearch] Using mapping template from {:path=>nil}
[2017-05-17T11:44:44,215][INFO ][logstash.outputs.elasticsearch] Attempting to install template {:manage_template=>{"template"=>"logstash-*", "version"=>50001, "settings"=>{"index.refresh_interval"=>"5s"}, "mappings"=>{"_default_"=>{"_all"=>{"enabled"=>true, "norms"=>false}, "dynamic_templates"=>[{"message_field"=>{"path_match"=>"message", "match_mapping_type"=>"string", "mapping"=>{"type"=>"text", "norms"=>false}}}, {"string_fields"=>{"match"=>"*", "match_mapping_type"=>"string", "mapping"=>{"type"=>"text", "norms"=>false, "fields"=>{"keyword"=>{"type"=>"keyword"}}}}}], "properties"=>{"@timestamp"=>{"type"=>"date", "include_in_all"=>false}, "@version"=>{"type"=>"keyword", "include_in_all"=>false}, "geoip"=>{"dynamic"=>true, "properties"=>{"ip"=>{"type"=>"ip"}, "location"=>{"type"=>"geo_point"}, "latitude"=>{"type"=>"half_float"}, "longitude"=>{"type"=>"half_float"}}}}}}}}
[2017-05-17T11:44:44,233][INFO ][logstash.outputs.elasticsearch] New Elasticsearch output {:class=>"LogStash::Outputs::ElasticSearch", :hosts=>[#<URI::Generic:0x60d8f0d3 URL://localhost:9200>]}
[2017-05-17T11:44:44,308][INFO ][logstash.filters.geoip   ] Using geoip database {:path=>"/home/tony/Desktop/tap-news/tap-news/elasticsearch_server/logstash-5.4.0/vendor/bundle/jruby/1.9/gems/logstash-filter-geoip-4.0.4-java/vendor/GeoLite2-City.mmdb"}
[2017-05-17T11:44:44,348][INFO ][logstash.pipeline        ] Starting pipeline {"id"=>"main", "pipeline.workers"=>6, "pipeline.batch.size"=>125, "pipeline.batch.delay"=>5, "pipeline.max_inflight"=>750}
[2017-05-17T11:44:44,576][INFO ][logstash.pipeline        ] Pipeline main started
[2017-05-17T11:44:44,649][INFO ][logstash.agent           ] Successfully started Logstash API endpoint {:port=>9600}
[2017-05-17T11:56:45,552][WARN ][logstash.runner          ] SIGINT received. Shutting down the agent.
[2017-05-17T11:56:45,563][WARN ][logstash.agent           ] stopping pipeline {:id=>"main"}
[2017-05-17T12:04:33,045][INFO ][logstash.outputs.elasticsearch] Elasticsearch pool URLs updated {:changes=>{:removed=>[], :added=>[http://logstash_system:xxxxxx@localhost:9200/_xpack/monitoring/?system_id=logstash&system_api_version=2&interval=1s]}}
[2017-05-17T12:04:33,050][INFO ][logstash.outputs.elasticsearch] Running health check to see if an Elasticsearch connection is working {:healthcheck_url=>http://logstash_system:xxxxxx@localhost:9200/, :path=>"/"}
[2017-05-17T12:04:33,349][WARN ][logstash.outputs.elasticsearch] Restored connection to ES instance {:url=>#<URI::HTTP:0x3f828281 URL:http://logstash_system:xxxxxx@localhost:9200/>}
[2017-05-17T12:04:33,351][INFO ][logstash.outputs.elasticsearch] New Elasticsearch output {:class=>"LogStash::Outputs::ElasticSearch", :hosts=>[#<URI::HTTP:0x171ea78e URL:http://localhost:9200>]}
[2017-05-17T12:04:33,357][INFO ][logstash.outputs.elasticsearch] Elasticsearch pool URLs updated {:changes=>{:removed=>[], :added=>[http://logstash_system:xxxxxx@localhost:9200/_xpack/monitoring/?system_id=logstash&system_api_version=2&interval=1s]}}
[2017-05-17T12:04:33,358][INFO ][logstash.outputs.elasticsearch] Running health check to see if an Elasticsearch connection is working {:healthcheck_url=>http://logstash_system:xxxxxx@localhost:9200/, :path=>"/"}
[2017-05-17T12:04:33,477][WARN ][logstash.outputs.elasticsearch] Restored connection to ES instance {:url=>#<URI::HTTP:0x76ffd28d URL:http://logstash_system:xxxxxx@localhost:9200/>}
[2017-05-17T12:04:33,479][INFO ][logstash.outputs.elasticsearch] New Elasticsearch output {:class=>"LogStash::Outputs::ElasticSearch", :hosts=>[#<URI::HTTP:0x5dfd219a URL:http://localhost:9200>]}
[2017-05-17T12:04:33,479][INFO ][logstash.pipeline        ] Starting pipeline {"id"=>".monitoring-logstash", "pipeline.workers"=>1, "pipeline.batch.size"=>2, "pipeline.batch.delay"=>5, "pipeline.max_inflight"=>2}
[2017-05-17T12:04:33,482][INFO ][logstash.pipeline        ] Pipeline .monitoring-logstash started
[2017-05-17T12:04:33,519][INFO ][logstash.outputs.elasticsearch] Elasticsearch pool URLs updated {:changes=>{:removed=>[], :added=>[http://elastic:xxxxxx@localhost:9200/]}}
[2017-05-17T12:04:33,523][INFO ][logstash.outputs.elasticsearch] Running health check to see if an Elasticsearch connection is working {:healthcheck_url=>http://elastic:xxxxxx@localhost:9200/, :path=>"/"}
[2017-05-17T12:04:33,693][WARN ][logstash.outputs.elasticsearch] Restored connection to ES instance {:url=>#<URI::HTTP:0x22ff8b7c URL:http://elastic:xxxxxx@localhost:9200/>}
[2017-05-17T12:04:33,695][INFO ][logstash.outputs.elasticsearch] Using mapping template from {:path=>nil}
[2017-05-17T12:04:33,770][INFO ][logstash.outputs.elasticsearch] Attempting to install template {:manage_template=>{"template"=>"logstash-*", "version"=>50001, "settings"=>{"index.refresh_interval"=>"5s"}, "mappings"=>{"_default_"=>{"_all"=>{"enabled"=>true, "norms"=>false}, "dynamic_templates"=>[{"message_field"=>{"path_match"=>"message", "match_mapping_type"=>"string", "mapping"=>{"type"=>"text", "norms"=>false}}}, {"string_fields"=>{"match"=>"*", "match_mapping_type"=>"string", "mapping"=>{"type"=>"text", "norms"=>false, "fields"=>{"keyword"=>{"type"=>"keyword"}}}}}], "properties"=>{"@timestamp"=>{"type"=>"date", "include_in_all"=>false}, "@version"=>{"type"=>"keyword", "include_in_all"=>false}, "geoip"=>{"dynamic"=>true, "properties"=>{"ip"=>{"type"=>"ip"}, "location"=>{"type"=>"geo_point"}, "latitude"=>{"type"=>"half_float"}, "longitude"=>{"type"=>"half_float"}}}}}}}}
[2017-05-17T12:04:33,778][INFO ][logstash.outputs.elasticsearch] New Elasticsearch output {:class=>"LogStash::Outputs::ElasticSearch", :hosts=>[#<URI::Generic:0x69dbc4f2 URL://localhost:9200>]}
[2017-05-17T12:04:33,828][INFO ][logstash.filters.geoip   ] Using geoip database {:path=>"/home/tony/Desktop/tap-news/tap-news/elasticsearch_server/logstash-5.4.0/vendor/bundle/jruby/1.9/gems/logstash-filter-geoip-4.0.4-java/vendor/GeoLite2-City.mmdb"}
[2017-05-17T12:04:33,852][INFO ][logstash.pipeline        ] Starting pipeline {"id"=>"main", "pipeline.workers"=>6, "pipeline.batch.size"=>125, "pipeline.batch.delay"=>5, "pipeline.max_inflight"=>750}
[2017-05-17T12:04:34,057][INFO ][logstash.pipeline        ] Pipeline main started
[2017-05-17T12:04:34,098][INFO ][logstash.agent           ] Successfully started Logstash API endpoint {:port=>9600}
[2017-05-17T20:34:01,244][WARN ][logstash.runner          ] SIGINT received. Shutting down the agent.
[2017-05-17T20:34:01,343][WARN ][logstash.agent           ] stopping pipeline {:id=>".monitoring-logstash"}
[2017-05-17T20:34:03,161][WARN ][logstash.agent           ] stopping pipeline {:id=>"main"}
[2017-05-17T20:47:43,552][INFO ][logstash.outputs.elasticsearch] Elasticsearch pool URLs updated {:changes=>{:removed=>[], :added=>[http://logstash_system:xxxxxx@localhost:9200/_xpack/monitoring/?system_id=logstash&system_api_version=2&interval=1s]}}
[2017-05-17T20:47:43,561][INFO ][logstash.outputs.elasticsearch] Running health check to see if an Elasticsearch connection is working {:healthcheck_url=>http://logstash_system:xxxxxx@localhost:9200/, :path=>"/"}
[2017-05-17T20:47:43,940][WARN ][logstash.outputs.elasticsearch] Restored connection to ES instance {:url=>#<URI::HTTP:0x4df76ff0 URL:http://logstash_system:xxxxxx@localhost:9200/>}
[2017-05-17T20:47:43,942][INFO ][logstash.outputs.elasticsearch] New Elasticsearch output {:class=>"LogStash::Outputs::ElasticSearch", :hosts=>[#<URI::HTTP:0x25a2cbb URL:http://localhost:9200>]}
[2017-05-17T20:47:43,958][INFO ][logstash.outputs.elasticsearch] Elasticsearch pool URLs updated {:changes=>{:removed=>[], :added=>[http://logstash_system:xxxxxx@localhost:9200/_xpack/monitoring/?system_id=logstash&system_api_version=2&interval=1s]}}
[2017-05-17T20:47:43,959][INFO ][logstash.outputs.elasticsearch] Running health check to see if an Elasticsearch connection is working {:healthcheck_url=>http://logstash_system:xxxxxx@localhost:9200/, :path=>"/"}
[2017-05-17T20:47:44,126][WARN ][logstash.outputs.elasticsearch] Restored connection to ES instance {:url=>#<URI::HTTP:0x43a30b7d URL:http://logstash_system:xxxxxx@localhost:9200/>}
[2017-05-17T20:47:44,128][INFO ][logstash.outputs.elasticsearch] New Elasticsearch output {:class=>"LogStash::Outputs::ElasticSearch", :hosts=>[#<URI::HTTP:0x11a6eaf4 URL:http://localhost:9200>]}
[2017-05-17T20:47:44,130][INFO ][logstash.pipeline        ] Starting pipeline {"id"=>".monitoring-logstash", "pipeline.workers"=>1, "pipeline.batch.size"=>2, "pipeline.batch.delay"=>5, "pipeline.max_inflight"=>2}
[2017-05-17T20:47:44,135][INFO ][logstash.pipeline        ] Pipeline .monitoring-logstash started
[2017-05-17T20:47:44,173][INFO ][logstash.outputs.elasticsearch] Elasticsearch pool URLs updated {:changes=>{:removed=>[], :added=>[http://elastic:xxxxxx@localhost:9200/]}}
[2017-05-17T20:47:44,175][INFO ][logstash.outputs.elasticsearch] Running health check to see if an Elasticsearch connection is working {:healthcheck_url=>http://elastic:xxxxxx@localhost:9200/, :path=>"/"}
[2017-05-17T20:47:44,401][WARN ][logstash.outputs.elasticsearch] Restored connection to ES instance {:url=>#<URI::HTTP:0x1f1776e9 URL:http://elastic:xxxxxx@localhost:9200/>}
[2017-05-17T20:47:44,402][INFO ][logstash.outputs.elasticsearch] Using mapping template from {:path=>nil}
[2017-05-17T20:47:44,513][INFO ][logstash.outputs.elasticsearch] Attempting to install template {:manage_template=>{"template"=>"logstash-*", "version"=>50001, "settings"=>{"index.refresh_interval"=>"5s"}, "mappings"=>{"_default_"=>{"_all"=>{"enabled"=>true, "norms"=>false}, "dynamic_templates"=>[{"message_field"=>{"path_match"=>"message", "match_mapping_type"=>"string", "mapping"=>{"type"=>"text", "norms"=>false}}}, {"string_fields"=>{"match"=>"*", "match_mapping_type"=>"string", "mapping"=>{"type"=>"text", "norms"=>false, "fields"=>{"keyword"=>{"type"=>"keyword"}}}}}], "properties"=>{"@timestamp"=>{"type"=>"date", "include_in_all"=>false}, "@version"=>{"type"=>"keyword", "include_in_all"=>false}, "geoip"=>{"dynamic"=>true, "properties"=>{"ip"=>{"type"=>"ip"}, "location"=>{"type"=>"geo_point"}, "latitude"=>{"type"=>"half_float"}, "longitude"=>{"type"=>"half_float"}}}}}}}}
[2017-05-17T20:47:44,522][INFO ][logstash.outputs.elasticsearch] New Elasticsearch output {:class=>"LogStash::Outputs::ElasticSearch", :hosts=>[#<URI::Generic:0x1a5d980d URL://localhost:9200>]}
[2017-05-17T20:47:44,608][INFO ][logstash.filters.geoip   ] Using geoip database {:path=>"/home/tony/Desktop/tap-news/tap-news/elasticsearch_server/logstash-5.4.0/vendor/bundle/jruby/1.9/gems/logstash-filter-geoip-4.0.4-java/vendor/GeoLite2-City.mmdb"}
[2017-05-17T20:47:44,642][INFO ][logstash.pipeline        ] Starting pipeline {"id"=>"main", "pipeline.workers"=>6, "pipeline.batch.size"=>125, "pipeline.batch.delay"=>5, "pipeline.max_inflight"=>750}
[2017-05-17T20:47:44,824][INFO ][logstash.pipeline        ] Pipeline main started
[2017-05-17T20:47:44,871][INFO ][logstash.agent           ] Successfully started Logstash API endpoint {:port=>9600}
