[2017-05-15T12:47:47,820][INFO ][logstash.setting.writabledirectory] Creating directory {:setting=>"path.queue", :path=>"/home/tony/Desktop/tap-news/tap-news/elasticsearch_server/logstash-5.4.0/data/queue"}
[2017-05-15T12:47:47,843][INFO ][logstash.agent           ] No persistent UUID file found. Generating new UUID {:uuid=>"89cf8350-809f-4dd9-aa7d-bc68516c20fe", :path=>"/home/tony/Desktop/tap-news/tap-news/elasticsearch_server/logstash-5.4.0/data/uuid"}
[2017-05-15T12:47:47,932][ERROR][logstash.agent           ] Cannot create pipeline {:reason=>"Expected one of #, {, ,, ] at line 15, column 42 (byte 219) after filter {\n  grok {\n    match => { \"message\" => \"^%{COMBINEDAPACHELOG}\" }\n  }\n\n  geoip {\n  \tsource => \"clientip\"\n  \tfields => [\"city_name\", \"country_name\""}
[2017-05-15T12:49:11,317][ERROR][logstash.agent           ] Cannot create pipeline {:reason=>"Expected one of #, => at line 35, column 13 (byte 557) after output {\n  elasticsearch { \n  \thosts => \"localhost:9200\"\n  \tuser => \"elastic\"\n  \tpassword "}
[2017-05-15T12:49:49,355][INFO ][logstash.outputs.elasticsearch] Elasticsearch pool URLs updated {:changes=>{:removed=>[], :added=>[http://elastic:xxxxxx@localhost:9200/]}}
[2017-05-15T12:49:49,360][INFO ][logstash.outputs.elasticsearch] Running health check to see if an Elasticsearch connection is working {:healthcheck_url=>http://elastic:xxxxxx@localhost:9200/, :path=>"/"}
[2017-05-15T12:49:49,597][WARN ][logstash.outputs.elasticsearch] Restored connection to ES instance {:url=>#<URI::HTTP:0x15b6dbfc URL:http://elastic:xxxxxx@localhost:9200/>}
[2017-05-15T12:49:49,599][INFO ][logstash.outputs.elasticsearch] Using mapping template from {:path=>nil}
[2017-05-15T12:49:49,689][INFO ][logstash.outputs.elasticsearch] Attempting to install template {:manage_template=>{"template"=>"logstash-*", "version"=>50001, "settings"=>{"index.refresh_interval"=>"5s"}, "mappings"=>{"_default_"=>{"_all"=>{"enabled"=>true, "norms"=>false}, "dynamic_templates"=>[{"message_field"=>{"path_match"=>"message", "match_mapping_type"=>"string", "mapping"=>{"type"=>"text", "norms"=>false}}}, {"string_fields"=>{"match"=>"*", "match_mapping_type"=>"string", "mapping"=>{"type"=>"text", "norms"=>false, "fields"=>{"keyword"=>{"type"=>"keyword"}}}}}], "properties"=>{"@timestamp"=>{"type"=>"date", "include_in_all"=>false}, "@version"=>{"type"=>"keyword", "include_in_all"=>false}, "geoip"=>{"dynamic"=>true, "properties"=>{"ip"=>{"type"=>"ip"}, "location"=>{"type"=>"geo_point"}, "latitude"=>{"type"=>"half_float"}, "longitude"=>{"type"=>"half_float"}}}}}}}}
[2017-05-15T12:49:49,707][INFO ][logstash.outputs.elasticsearch] Installing elasticsearch template to _template/logstash
[2017-05-15T12:49:49,820][INFO ][logstash.outputs.elasticsearch] New Elasticsearch output {:class=>"LogStash::Outputs::ElasticSearch", :hosts=>[#<URI::Generic:0x3d23c11 URL://localhost:9200>]}
[2017-05-15T12:49:49,875][INFO ][logstash.filters.geoip   ] Using geoip database {:path=>"/home/tony/Desktop/tap-news/tap-news/elasticsearch_server/logstash-5.4.0/vendor/bundle/jruby/1.9/gems/logstash-filter-geoip-4.0.4-java/vendor/GeoLite2-City.mmdb"}
[2017-05-15T12:49:49,903][INFO ][logstash.pipeline        ] Starting pipeline {"id"=>"main", "pipeline.workers"=>6, "pipeline.batch.size"=>125, "pipeline.batch.delay"=>5, "pipeline.max_inflight"=>750}
[2017-05-15T12:49:49,916][INFO ][logstash.inputs.tcp      ] Starting tcp input listener {:address=>"0.0.0.0:10000"}
[2017-05-15T12:49:49,929][INFO ][logstash.pipeline        ] Pipeline main started
[2017-05-15T12:49:49,967][INFO ][logstash.agent           ] Successfully started Logstash API endpoint {:port=>9600}
[2017-05-15T13:07:52,313][WARN ][logstash.runner          ] SIGINT received. Shutting down the agent.
[2017-05-15T13:07:52,324][WARN ][logstash.agent           ] stopping pipeline {:id=>"main"}
[2017-05-15T13:08:04,459][INFO ][logstash.outputs.elasticsearch] Elasticsearch pool URLs updated {:changes=>{:removed=>[], :added=>[http://elastic:xxxxxx@localhost:9200/]}}
[2017-05-15T13:08:04,466][INFO ][logstash.outputs.elasticsearch] Running health check to see if an Elasticsearch connection is working {:healthcheck_url=>http://elastic:xxxxxx@localhost:9200/, :path=>"/"}
[2017-05-15T13:08:04,609][WARN ][logstash.outputs.elasticsearch] Restored connection to ES instance {:url=>#<URI::HTTP:0x41d14f82 URL:http://elastic:xxxxxx@localhost:9200/>}
[2017-05-15T13:08:04,611][INFO ][logstash.outputs.elasticsearch] Using mapping template from {:path=>nil}
[2017-05-15T13:08:04,662][INFO ][logstash.outputs.elasticsearch] Attempting to install template {:manage_template=>{"template"=>"logstash-*", "version"=>50001, "settings"=>{"index.refresh_interval"=>"5s"}, "mappings"=>{"_default_"=>{"_all"=>{"enabled"=>true, "norms"=>false}, "dynamic_templates"=>[{"message_field"=>{"path_match"=>"message", "match_mapping_type"=>"string", "mapping"=>{"type"=>"text", "norms"=>false}}}, {"string_fields"=>{"match"=>"*", "match_mapping_type"=>"string", "mapping"=>{"type"=>"text", "norms"=>false, "fields"=>{"keyword"=>{"type"=>"keyword"}}}}}], "properties"=>{"@timestamp"=>{"type"=>"date", "include_in_all"=>false}, "@version"=>{"type"=>"keyword", "include_in_all"=>false}, "geoip"=>{"dynamic"=>true, "properties"=>{"ip"=>{"type"=>"ip"}, "location"=>{"type"=>"geo_point"}, "latitude"=>{"type"=>"half_float"}, "longitude"=>{"type"=>"half_float"}}}}}}}}
[2017-05-15T13:08:04,667][INFO ][logstash.outputs.elasticsearch] New Elasticsearch output {:class=>"LogStash::Outputs::ElasticSearch", :hosts=>[#<URI::Generic:0x100af473 URL://localhost:9200>]}
[2017-05-15T13:08:04,726][INFO ][logstash.filters.geoip   ] Using geoip database {:path=>"/home/tony/Desktop/tap-news/tap-news/elasticsearch_server/logstash-5.4.0/vendor/bundle/jruby/1.9/gems/logstash-filter-geoip-4.0.4-java/vendor/GeoLite2-City.mmdb"}
[2017-05-15T13:08:04,743][INFO ][logstash.pipeline        ] Starting pipeline {"id"=>"main", "pipeline.workers"=>6, "pipeline.batch.size"=>125, "pipeline.batch.delay"=>5, "pipeline.max_inflight"=>750}
[2017-05-15T13:08:04,768][INFO ][logstash.inputs.tcp      ] Starting tcp input listener {:address=>"0.0.0.0:10000"}
[2017-05-15T13:08:04,775][INFO ][logstash.pipeline        ] Pipeline main started
[2017-05-15T13:08:04,814][INFO ][logstash.agent           ] Successfully started Logstash API endpoint {:port=>9600}
[2017-05-15T13:16:05,438][WARN ][logstash.runner          ] SIGINT received. Shutting down the agent.
[2017-05-15T13:16:05,448][WARN ][logstash.agent           ] stopping pipeline {:id=>"main"}
[2017-05-15T13:16:16,839][INFO ][logstash.outputs.elasticsearch] Elasticsearch pool URLs updated {:changes=>{:removed=>[], :added=>[http://elastic:xxxxxx@localhost:9200/]}}
[2017-05-15T13:16:16,844][INFO ][logstash.outputs.elasticsearch] Running health check to see if an Elasticsearch connection is working {:healthcheck_url=>http://elastic:xxxxxx@localhost:9200/, :path=>"/"}
[2017-05-15T13:16:16,960][WARN ][logstash.outputs.elasticsearch] Restored connection to ES instance {:url=>#<URI::HTTP:0x2b89bc9 URL:http://elastic:xxxxxx@localhost:9200/>}
[2017-05-15T13:16:16,961][INFO ][logstash.outputs.elasticsearch] Using mapping template from {:path=>nil}
[2017-05-15T13:16:17,005][INFO ][logstash.outputs.elasticsearch] Attempting to install template {:manage_template=>{"template"=>"logstash-*", "version"=>50001, "settings"=>{"index.refresh_interval"=>"5s"}, "mappings"=>{"_default_"=>{"_all"=>{"enabled"=>true, "norms"=>false}, "dynamic_templates"=>[{"message_field"=>{"path_match"=>"message", "match_mapping_type"=>"string", "mapping"=>{"type"=>"text", "norms"=>false}}}, {"string_fields"=>{"match"=>"*", "match_mapping_type"=>"string", "mapping"=>{"type"=>"text", "norms"=>false, "fields"=>{"keyword"=>{"type"=>"keyword"}}}}}], "properties"=>{"@timestamp"=>{"type"=>"date", "include_in_all"=>false}, "@version"=>{"type"=>"keyword", "include_in_all"=>false}, "geoip"=>{"dynamic"=>true, "properties"=>{"ip"=>{"type"=>"ip"}, "location"=>{"type"=>"geo_point"}, "latitude"=>{"type"=>"half_float"}, "longitude"=>{"type"=>"half_float"}}}}}}}}
[2017-05-15T13:16:17,010][INFO ][logstash.outputs.elasticsearch] New Elasticsearch output {:class=>"LogStash::Outputs::ElasticSearch", :hosts=>[#<URI::Generic:0x2a4d9b20 URL://localhost:9200>]}
[2017-05-15T13:16:17,073][INFO ][logstash.pipeline        ] Starting pipeline {"id"=>"main", "pipeline.workers"=>6, "pipeline.batch.size"=>125, "pipeline.batch.delay"=>5, "pipeline.max_inflight"=>750}
[2017-05-15T13:16:17,088][INFO ][logstash.inputs.tcp      ] Starting tcp input listener {:address=>"0.0.0.0:10000"}
[2017-05-15T13:16:17,093][INFO ][logstash.pipeline        ] Pipeline main started
[2017-05-15T13:16:17,135][INFO ][logstash.agent           ] Successfully started Logstash API endpoint {:port=>9600}
[2017-05-15T13:17:42,263][WARN ][logstash.runner          ] SIGINT received. Shutting down the agent.
[2017-05-15T13:17:42,270][WARN ][logstash.agent           ] stopping pipeline {:id=>"main"}
[2017-05-15T13:17:55,538][INFO ][logstash.outputs.elasticsearch] Elasticsearch pool URLs updated {:changes=>{:removed=>[], :added=>[http://elastic:xxxxxx@localhost:9200/]}}
[2017-05-15T13:17:55,544][INFO ][logstash.outputs.elasticsearch] Running health check to see if an Elasticsearch connection is working {:healthcheck_url=>http://elastic:xxxxxx@localhost:9200/, :path=>"/"}
[2017-05-15T13:17:55,735][WARN ][logstash.outputs.elasticsearch] Restored connection to ES instance {:url=>#<URI::HTTP:0x5c34d01e URL:http://elastic:xxxxxx@localhost:9200/>}
[2017-05-15T13:17:55,738][INFO ][logstash.outputs.elasticsearch] Using mapping template from {:path=>nil}
[2017-05-15T13:17:55,792][INFO ][logstash.outputs.elasticsearch] Attempting to install template {:manage_template=>{"template"=>"logstash-*", "version"=>50001, "settings"=>{"index.refresh_interval"=>"5s"}, "mappings"=>{"_default_"=>{"_all"=>{"enabled"=>true, "norms"=>false}, "dynamic_templates"=>[{"message_field"=>{"path_match"=>"message", "match_mapping_type"=>"string", "mapping"=>{"type"=>"text", "norms"=>false}}}, {"string_fields"=>{"match"=>"*", "match_mapping_type"=>"string", "mapping"=>{"type"=>"text", "norms"=>false, "fields"=>{"keyword"=>{"type"=>"keyword"}}}}}], "properties"=>{"@timestamp"=>{"type"=>"date", "include_in_all"=>false}, "@version"=>{"type"=>"keyword", "include_in_all"=>false}, "geoip"=>{"dynamic"=>true, "properties"=>{"ip"=>{"type"=>"ip"}, "location"=>{"type"=>"geo_point"}, "latitude"=>{"type"=>"half_float"}, "longitude"=>{"type"=>"half_float"}}}}}}}}
[2017-05-15T13:17:55,800][INFO ][logstash.outputs.elasticsearch] New Elasticsearch output {:class=>"LogStash::Outputs::ElasticSearch", :hosts=>[#<URI::Generic:0x637dd04f URL://localhost:9200>]}
[2017-05-15T13:17:55,865][INFO ][logstash.pipeline        ] Starting pipeline {"id"=>"main", "pipeline.workers"=>6, "pipeline.batch.size"=>125, "pipeline.batch.delay"=>5, "pipeline.max_inflight"=>750}
[2017-05-15T13:17:55,918][INFO ][logstash.inputs.tcp      ] Starting tcp input listener {:address=>"0.0.0.0:10000"}
[2017-05-15T13:17:55,927][INFO ][logstash.pipeline        ] Pipeline main started
[2017-05-15T13:17:55,978][INFO ][logstash.agent           ] Successfully started Logstash API endpoint {:port=>9600}
[2017-05-15T13:19:54,556][WARN ][logstash.runner          ] SIGINT received. Shutting down the agent.
[2017-05-15T13:19:54,564][WARN ][logstash.agent           ] stopping pipeline {:id=>"main"}
[2017-05-15T13:20:06,759][ERROR][logstash.agent           ] Cannot create pipeline {:reason=>"Expected one of #, input, filter, output at line 8, column 1 (byte 100) after "}
[2017-05-15T13:27:51,345][INFO ][logstash.outputs.elasticsearch] Elasticsearch pool URLs updated {:changes=>{:removed=>[], :added=>[http://elastic:xxxxxx@localhost:9200/]}}
[2017-05-15T13:27:51,351][INFO ][logstash.outputs.elasticsearch] Running health check to see if an Elasticsearch connection is working {:healthcheck_url=>http://elastic:xxxxxx@localhost:9200/, :path=>"/"}
[2017-05-15T13:27:51,484][WARN ][logstash.outputs.elasticsearch] Restored connection to ES instance {:url=>#<URI::HTTP:0x55224665 URL:http://elastic:xxxxxx@localhost:9200/>}
[2017-05-15T13:27:51,486][INFO ][logstash.outputs.elasticsearch] Using mapping template from {:path=>nil}
[2017-05-15T13:27:51,537][INFO ][logstash.outputs.elasticsearch] Attempting to install template {:manage_template=>{"template"=>"logstash-*", "version"=>50001, "settings"=>{"index.refresh_interval"=>"5s"}, "mappings"=>{"_default_"=>{"_all"=>{"enabled"=>true, "norms"=>false}, "dynamic_templates"=>[{"message_field"=>{"path_match"=>"message", "match_mapping_type"=>"string", "mapping"=>{"type"=>"text", "norms"=>false}}}, {"string_fields"=>{"match"=>"*", "match_mapping_type"=>"string", "mapping"=>{"type"=>"text", "norms"=>false, "fields"=>{"keyword"=>{"type"=>"keyword"}}}}}], "properties"=>{"@timestamp"=>{"type"=>"date", "include_in_all"=>false}, "@version"=>{"type"=>"keyword", "include_in_all"=>false}, "geoip"=>{"dynamic"=>true, "properties"=>{"ip"=>{"type"=>"ip"}, "location"=>{"type"=>"geo_point"}, "latitude"=>{"type"=>"half_float"}, "longitude"=>{"type"=>"half_float"}}}}}}}}
[2017-05-15T13:27:51,543][INFO ][logstash.outputs.elasticsearch] New Elasticsearch output {:class=>"LogStash::Outputs::ElasticSearch", :hosts=>[#<URI::Generic:0x1fea2501 URL://localhost:9200>]}
[2017-05-15T13:27:51,596][INFO ][logstash.filters.geoip   ] Using geoip database {:path=>"/home/tony/Desktop/tap-news/tap-news/elasticsearch_server/logstash-5.4.0/vendor/bundle/jruby/1.9/gems/logstash-filter-geoip-4.0.4-java/vendor/GeoLite2-City.mmdb"}
[2017-05-15T13:27:51,622][INFO ][logstash.pipeline        ] Starting pipeline {"id"=>"main", "pipeline.workers"=>6, "pipeline.batch.size"=>125, "pipeline.batch.delay"=>5, "pipeline.max_inflight"=>750}
[2017-05-15T13:27:51,651][INFO ][logstash.inputs.tcp      ] Starting tcp input listener {:address=>"0.0.0.0:10000"}
[2017-05-15T13:27:51,658][INFO ][logstash.pipeline        ] Pipeline main started
[2017-05-15T13:27:51,693][INFO ][logstash.agent           ] Successfully started Logstash API endpoint {:port=>9600}
[2017-05-15T13:34:49,257][WARN ][logstash.runner          ] SIGINT received. Shutting down the agent.
[2017-05-15T13:34:49,265][WARN ][logstash.agent           ] stopping pipeline {:id=>"main"}
[2017-05-15T13:35:01,847][ERROR][logstash.outputs.elasticsearch] Unknown setting 'cluster' for elasticsearch
[2017-05-15T13:35:01,855][ERROR][logstash.agent           ] Cannot create pipeline {:reason=>"Something is wrong with your configuration."}
[2017-05-15T13:35:23,955][INFO ][logstash.outputs.elasticsearch] Elasticsearch pool URLs updated {:changes=>{:removed=>[], :added=>[http://elastic:xxxxxx@localhost:9200/]}}
[2017-05-15T13:35:23,960][INFO ][logstash.outputs.elasticsearch] Running health check to see if an Elasticsearch connection is working {:healthcheck_url=>http://elastic:xxxxxx@localhost:9200/, :path=>"/"}
[2017-05-15T13:35:24,085][WARN ][logstash.outputs.elasticsearch] Restored connection to ES instance {:url=>#<URI::HTTP:0x3ec7516b URL:http://elastic:xxxxxx@localhost:9200/>}
[2017-05-15T13:35:24,086][INFO ][logstash.outputs.elasticsearch] Using mapping template from {:path=>nil}
[2017-05-15T13:35:24,131][INFO ][logstash.outputs.elasticsearch] Attempting to install template {:manage_template=>{"template"=>"logstash-*", "version"=>50001, "settings"=>{"index.refresh_interval"=>"5s"}, "mappings"=>{"_default_"=>{"_all"=>{"enabled"=>true, "norms"=>false}, "dynamic_templates"=>[{"message_field"=>{"path_match"=>"message", "match_mapping_type"=>"string", "mapping"=>{"type"=>"text", "norms"=>false}}}, {"string_fields"=>{"match"=>"*", "match_mapping_type"=>"string", "mapping"=>{"type"=>"text", "norms"=>false, "fields"=>{"keyword"=>{"type"=>"keyword"}}}}}], "properties"=>{"@timestamp"=>{"type"=>"date", "include_in_all"=>false}, "@version"=>{"type"=>"keyword", "include_in_all"=>false}, "geoip"=>{"dynamic"=>true, "properties"=>{"ip"=>{"type"=>"ip"}, "location"=>{"type"=>"geo_point"}, "latitude"=>{"type"=>"half_float"}, "longitude"=>{"type"=>"half_float"}}}}}}}}
[2017-05-15T13:35:24,136][INFO ][logstash.outputs.elasticsearch] New Elasticsearch output {:class=>"LogStash::Outputs::ElasticSearch", :hosts=>[#<URI::Generic:0x513a1832 URL://localhost:9200>]}
[2017-05-15T13:35:24,189][INFO ][logstash.filters.geoip   ] Using geoip database {:path=>"/home/tony/Desktop/tap-news/tap-news/elasticsearch_server/logstash-5.4.0/vendor/bundle/jruby/1.9/gems/logstash-filter-geoip-4.0.4-java/vendor/GeoLite2-City.mmdb"}
[2017-05-15T13:35:24,206][INFO ][logstash.pipeline        ] Starting pipeline {"id"=>"main", "pipeline.workers"=>6, "pipeline.batch.size"=>125, "pipeline.batch.delay"=>5, "pipeline.max_inflight"=>750}
[2017-05-15T13:35:24,225][INFO ][logstash.inputs.tcp      ] Starting tcp input listener {:address=>"0.0.0.0:10000"}
[2017-05-15T13:35:24,231][INFO ][logstash.pipeline        ] Pipeline main started
[2017-05-15T13:35:24,276][INFO ][logstash.agent           ] Successfully started Logstash API endpoint {:port=>9600}
[2017-05-15T15:18:06,543][WARN ][logstash.runner          ] SIGINT received. Shutting down the agent.
[2017-05-15T15:18:06,563][WARN ][logstash.agent           ] stopping pipeline {:id=>"main"}
[2017-05-15T15:18:20,013][INFO ][logstash.outputs.elasticsearch] Elasticsearch pool URLs updated {:changes=>{:removed=>[], :added=>[http://elastic:xxxxxx@localhost:9200/]}}
[2017-05-15T15:18:20,019][INFO ][logstash.outputs.elasticsearch] Running health check to see if an Elasticsearch connection is working {:healthcheck_url=>http://elastic:xxxxxx@localhost:9200/, :path=>"/"}
[2017-05-15T15:18:20,147][WARN ][logstash.outputs.elasticsearch] Restored connection to ES instance {:url=>#<URI::HTTP:0x1e4de376 URL:http://elastic:xxxxxx@localhost:9200/>}
[2017-05-15T15:18:20,148][INFO ][logstash.outputs.elasticsearch] Using mapping template from {:path=>nil}
[2017-05-15T15:18:20,248][INFO ][logstash.outputs.elasticsearch] Attempting to install template {:manage_template=>{"template"=>"logstash-*", "version"=>50001, "settings"=>{"index.refresh_interval"=>"5s"}, "mappings"=>{"_default_"=>{"_all"=>{"enabled"=>true, "norms"=>false}, "dynamic_templates"=>[{"message_field"=>{"path_match"=>"message", "match_mapping_type"=>"string", "mapping"=>{"type"=>"text", "norms"=>false}}}, {"string_fields"=>{"match"=>"*", "match_mapping_type"=>"string", "mapping"=>{"type"=>"text", "norms"=>false, "fields"=>{"keyword"=>{"type"=>"keyword"}}}}}], "properties"=>{"@timestamp"=>{"type"=>"date", "include_in_all"=>false}, "@version"=>{"type"=>"keyword", "include_in_all"=>false}, "geoip"=>{"dynamic"=>true, "properties"=>{"ip"=>{"type"=>"ip"}, "location"=>{"type"=>"geo_point"}, "latitude"=>{"type"=>"half_float"}, "longitude"=>{"type"=>"half_float"}}}}}}}}
[2017-05-15T15:18:20,255][INFO ][logstash.outputs.elasticsearch] New Elasticsearch output {:class=>"LogStash::Outputs::ElasticSearch", :hosts=>[#<URI::Generic:0x1bb0e452 URL://localhost:9200>]}
[2017-05-15T15:18:20,345][INFO ][logstash.filters.geoip   ] Using geoip database {:path=>"/home/tony/Desktop/tap-news/tap-news/elasticsearch_server/logstash-5.4.0/vendor/bundle/jruby/1.9/gems/logstash-filter-geoip-4.0.4-java/vendor/GeoLite2-City.mmdb"}
[2017-05-15T15:18:20,371][INFO ][logstash.pipeline        ] Starting pipeline {"id"=>"main", "pipeline.workers"=>6, "pipeline.batch.size"=>125, "pipeline.batch.delay"=>5, "pipeline.max_inflight"=>750}
[2017-05-15T15:18:20,403][INFO ][logstash.inputs.tcp      ] Starting tcp input listener {:address=>"0.0.0.0:10000"}
[2017-05-15T15:18:20,413][INFO ][logstash.pipeline        ] Pipeline main started
[2017-05-15T15:18:20,461][INFO ][logstash.agent           ] Successfully started Logstash API endpoint {:port=>9600}
[2017-05-15T15:49:17,150][WARN ][logstash.runner          ] SIGINT received. Shutting down the agent.
[2017-05-15T15:49:17,165][WARN ][logstash.agent           ] stopping pipeline {:id=>"main"}
[2017-05-15T15:49:31,133][INFO ][logstash.outputs.elasticsearch] Elasticsearch pool URLs updated {:changes=>{:removed=>[], :added=>[http://elastic:xxxxxx@localhost:9200/]}}
[2017-05-15T15:49:31,138][INFO ][logstash.outputs.elasticsearch] Running health check to see if an Elasticsearch connection is working {:healthcheck_url=>http://elastic:xxxxxx@localhost:9200/, :path=>"/"}
[2017-05-15T15:49:31,261][WARN ][logstash.outputs.elasticsearch] Restored connection to ES instance {:url=>#<URI::HTTP:0x1d249897 URL:http://elastic:xxxxxx@localhost:9200/>}
[2017-05-15T15:49:31,262][INFO ][logstash.outputs.elasticsearch] Using mapping template from {:path=>nil}
[2017-05-15T15:49:31,311][INFO ][logstash.outputs.elasticsearch] Attempting to install template {:manage_template=>{"template"=>"logstash-*", "version"=>50001, "settings"=>{"index.refresh_interval"=>"5s"}, "mappings"=>{"_default_"=>{"_all"=>{"enabled"=>true, "norms"=>false}, "dynamic_templates"=>[{"message_field"=>{"path_match"=>"message", "match_mapping_type"=>"string", "mapping"=>{"type"=>"text", "norms"=>false}}}, {"string_fields"=>{"match"=>"*", "match_mapping_type"=>"string", "mapping"=>{"type"=>"text", "norms"=>false, "fields"=>{"keyword"=>{"type"=>"keyword"}}}}}], "properties"=>{"@timestamp"=>{"type"=>"date", "include_in_all"=>false}, "@version"=>{"type"=>"keyword", "include_in_all"=>false}, "geoip"=>{"dynamic"=>true, "properties"=>{"ip"=>{"type"=>"ip"}, "location"=>{"type"=>"geo_point"}, "latitude"=>{"type"=>"half_float"}, "longitude"=>{"type"=>"half_float"}}}}}}}}
[2017-05-15T15:49:31,316][INFO ][logstash.outputs.elasticsearch] New Elasticsearch output {:class=>"LogStash::Outputs::ElasticSearch", :hosts=>[#<URI::Generic:0x1a0de1f5 URL://localhost:9200>]}
[2017-05-15T15:49:31,370][INFO ][logstash.filters.geoip   ] Using geoip database {:path=>"/home/tony/Desktop/tap-news/tap-news/elasticsearch_server/logstash-5.4.0/vendor/bundle/jruby/1.9/gems/logstash-filter-geoip-4.0.4-java/vendor/GeoLite2-City.mmdb"}
[2017-05-15T15:49:31,389][INFO ][logstash.pipeline        ] Starting pipeline {"id"=>"main", "pipeline.workers"=>6, "pipeline.batch.size"=>125, "pipeline.batch.delay"=>5, "pipeline.max_inflight"=>750}
[2017-05-15T15:49:31,541][INFO ][logstash.pipeline        ] Pipeline main started
[2017-05-15T15:49:31,597][INFO ][logstash.agent           ] Successfully started Logstash API endpoint {:port=>9600}
[2017-05-15T15:53:57,030][WARN ][logstash.runner          ] SIGINT received. Shutting down the agent.
[2017-05-15T15:53:57,044][WARN ][logstash.agent           ] stopping pipeline {:id=>"main"}
[2017-05-15T15:54:09,513][INFO ][logstash.outputs.elasticsearch] Elasticsearch pool URLs updated {:changes=>{:removed=>[], :added=>[http://elastic:xxxxxx@localhost:9200/]}}
[2017-05-15T15:54:09,518][INFO ][logstash.outputs.elasticsearch] Running health check to see if an Elasticsearch connection is working {:healthcheck_url=>http://elastic:xxxxxx@localhost:9200/, :path=>"/"}
[2017-05-15T15:54:09,643][WARN ][logstash.outputs.elasticsearch] Restored connection to ES instance {:url=>#<URI::HTTP:0x792ae84a URL:http://elastic:xxxxxx@localhost:9200/>}
[2017-05-15T15:54:09,646][INFO ][logstash.outputs.elasticsearch] Using mapping template from {:path=>nil}
[2017-05-15T15:54:09,693][INFO ][logstash.outputs.elasticsearch] Attempting to install template {:manage_template=>{"template"=>"logstash-*", "version"=>50001, "settings"=>{"index.refresh_interval"=>"5s"}, "mappings"=>{"_default_"=>{"_all"=>{"enabled"=>true, "norms"=>false}, "dynamic_templates"=>[{"message_field"=>{"path_match"=>"message", "match_mapping_type"=>"string", "mapping"=>{"type"=>"text", "norms"=>false}}}, {"string_fields"=>{"match"=>"*", "match_mapping_type"=>"string", "mapping"=>{"type"=>"text", "norms"=>false, "fields"=>{"keyword"=>{"type"=>"keyword"}}}}}], "properties"=>{"@timestamp"=>{"type"=>"date", "include_in_all"=>false}, "@version"=>{"type"=>"keyword", "include_in_all"=>false}, "geoip"=>{"dynamic"=>true, "properties"=>{"ip"=>{"type"=>"ip"}, "location"=>{"type"=>"geo_point"}, "latitude"=>{"type"=>"half_float"}, "longitude"=>{"type"=>"half_float"}}}}}}}}
[2017-05-15T15:54:09,699][INFO ][logstash.outputs.elasticsearch] New Elasticsearch output {:class=>"LogStash::Outputs::ElasticSearch", :hosts=>[#<URI::Generic:0x474a9e05 URL://localhost:9200>]}
[2017-05-15T15:54:09,752][INFO ][logstash.filters.geoip   ] Using geoip database {:path=>"/home/tony/Desktop/tap-news/tap-news/elasticsearch_server/logstash-5.4.0/vendor/bundle/jruby/1.9/gems/logstash-filter-geoip-4.0.4-java/vendor/GeoLite2-City.mmdb"}
[2017-05-15T15:54:09,769][INFO ][logstash.pipeline        ] Starting pipeline {"id"=>"main", "pipeline.workers"=>6, "pipeline.batch.size"=>125, "pipeline.batch.delay"=>5, "pipeline.max_inflight"=>750}
[2017-05-15T15:54:09,967][ERROR][logstash.pipeline        ] Error registering plugin {:plugin=>"<LogStash::Inputs::File path=>[\"~/Desktop/tap-news/tap-news/web_server/server/log/access.log\"], type=>\"node_apache_log\", id=>\"41b6ac8cf62d6944a30a6e64f7f1febe99e3ad67-1\", enable_metric=>true, codec=><LogStash::Codecs::Plain id=>\"plain_b1d5693a-7dff-40d4-a98e-ce36c0373c01\", enable_metric=>true, charset=>\"UTF-8\">, stat_interval=>1, discover_interval=>15, sincedb_write_interval=>15, start_position=>\"end\", delimiter=>\"\\n\", close_older=>3600>", :error=>"File paths must be absolute, relative path specified: ~/Desktop/tap-news/tap-news/web_server/server/log/access.log"}
[2017-05-15T15:54:10,652][ERROR][logstash.agent           ] Pipeline aborted due to error {:exception=>#<ArgumentError: File paths must be absolute, relative path specified: ~/Desktop/tap-news/tap-news/web_server/server/log/access.log>, :backtrace=>["/home/tony/Desktop/tap-news/tap-news/elasticsearch_server/logstash-5.4.0/vendor/bundle/jruby/1.9/gems/logstash-input-file-4.0.0/lib/logstash/inputs/file.rb:195:in `register'", "org/jruby/RubyArray.java:1613:in `each'", "/home/tony/Desktop/tap-news/tap-news/elasticsearch_server/logstash-5.4.0/vendor/bundle/jruby/1.9/gems/logstash-input-file-4.0.0/lib/logstash/inputs/file.rb:193:in `register'", "/home/tony/Desktop/tap-news/tap-news/elasticsearch_server/logstash-5.4.0/logstash-core/lib/logstash/pipeline.rb:268:in `register_plugin'", "/home/tony/Desktop/tap-news/tap-news/elasticsearch_server/logstash-5.4.0/logstash-core/lib/logstash/pipeline.rb:279:in `register_plugins'", "org/jruby/RubyArray.java:1613:in `each'", "/home/tony/Desktop/tap-news/tap-news/elasticsearch_server/logstash-5.4.0/logstash-core/lib/logstash/pipeline.rb:279:in `register_plugins'", "/home/tony/Desktop/tap-news/tap-news/elasticsearch_server/logstash-5.4.0/logstash-core/lib/logstash/pipeline.rb:429:in `start_inputs'", "/home/tony/Desktop/tap-news/tap-news/elasticsearch_server/logstash-5.4.0/logstash-core/lib/logstash/pipeline.rb:323:in `start_workers'", "/home/tony/Desktop/tap-news/tap-news/elasticsearch_server/logstash-5.4.0/logstash-core/lib/logstash/pipeline.rb:214:in `run'", "/home/tony/Desktop/tap-news/tap-news/elasticsearch_server/logstash-5.4.0/logstash-core/lib/logstash/agent.rb:398:in `start_pipeline'"]}
[2017-05-15T15:54:10,693][INFO ][logstash.agent           ] Successfully started Logstash API endpoint {:port=>9600}
[2017-05-15T15:54:13,681][WARN ][logstash.agent           ] stopping pipeline {:id=>"main"}
[2017-05-15T15:54:34,407][INFO ][logstash.outputs.elasticsearch] Elasticsearch pool URLs updated {:changes=>{:removed=>[], :added=>[http://elastic:xxxxxx@localhost:9200/]}}
[2017-05-15T15:54:34,412][INFO ][logstash.outputs.elasticsearch] Running health check to see if an Elasticsearch connection is working {:healthcheck_url=>http://elastic:xxxxxx@localhost:9200/, :path=>"/"}
[2017-05-15T15:54:34,553][WARN ][logstash.outputs.elasticsearch] Restored connection to ES instance {:url=>#<URI::HTTP:0x31c832d2 URL:http://elastic:xxxxxx@localhost:9200/>}
[2017-05-15T15:54:34,556][INFO ][logstash.outputs.elasticsearch] Using mapping template from {:path=>nil}
[2017-05-15T15:54:34,625][INFO ][logstash.outputs.elasticsearch] Attempting to install template {:manage_template=>{"template"=>"logstash-*", "version"=>50001, "settings"=>{"index.refresh_interval"=>"5s"}, "mappings"=>{"_default_"=>{"_all"=>{"enabled"=>true, "norms"=>false}, "dynamic_templates"=>[{"message_field"=>{"path_match"=>"message", "match_mapping_type"=>"string", "mapping"=>{"type"=>"text", "norms"=>false}}}, {"string_fields"=>{"match"=>"*", "match_mapping_type"=>"string", "mapping"=>{"type"=>"text", "norms"=>false, "fields"=>{"keyword"=>{"type"=>"keyword"}}}}}], "properties"=>{"@timestamp"=>{"type"=>"date", "include_in_all"=>false}, "@version"=>{"type"=>"keyword", "include_in_all"=>false}, "geoip"=>{"dynamic"=>true, "properties"=>{"ip"=>{"type"=>"ip"}, "location"=>{"type"=>"geo_point"}, "latitude"=>{"type"=>"half_float"}, "longitude"=>{"type"=>"half_float"}}}}}}}}
[2017-05-15T15:54:34,631][INFO ][logstash.outputs.elasticsearch] New Elasticsearch output {:class=>"LogStash::Outputs::ElasticSearch", :hosts=>[#<URI::Generic:0x1b1ee81e URL://localhost:9200>]}
[2017-05-15T15:54:34,671][INFO ][logstash.filters.geoip   ] Using geoip database {:path=>"/home/tony/Desktop/tap-news/tap-news/elasticsearch_server/logstash-5.4.0/vendor/bundle/jruby/1.9/gems/logstash-filter-geoip-4.0.4-java/vendor/GeoLite2-City.mmdb"}
[2017-05-15T15:54:34,691][INFO ][logstash.pipeline        ] Starting pipeline {"id"=>"main", "pipeline.workers"=>6, "pipeline.batch.size"=>125, "pipeline.batch.delay"=>5, "pipeline.max_inflight"=>750}
[2017-05-15T15:54:34,980][ERROR][logstash.pipeline        ] Error registering plugin {:plugin=>"<LogStash::Inputs::File path=>[\"~/Desktop/tap-news/tap-news/web_server/server/log/access.log\"], type=>\"node_apache_log\", id=>\"41b6ac8cf62d6944a30a6e64f7f1febe99e3ad67-1\", enable_metric=>true, codec=><LogStash::Codecs::Plain id=>\"plain_22d96b43-1132-4a74-988b-821c10ea7fd7\", enable_metric=>true, charset=>\"UTF-8\">, stat_interval=>1, discover_interval=>15, sincedb_write_interval=>15, start_position=>\"end\", delimiter=>\"\\n\", close_older=>3600>", :error=>"File paths must be absolute, relative path specified: ~/Desktop/tap-news/tap-news/web_server/server/log/access.log"}
[2017-05-15T15:54:35,564][ERROR][logstash.agent           ] Pipeline aborted due to error {:exception=>#<ArgumentError: File paths must be absolute, relative path specified: ~/Desktop/tap-news/tap-news/web_server/server/log/access.log>, :backtrace=>["/home/tony/Desktop/tap-news/tap-news/elasticsearch_server/logstash-5.4.0/vendor/bundle/jruby/1.9/gems/logstash-input-file-4.0.0/lib/logstash/inputs/file.rb:195:in `register'", "org/jruby/RubyArray.java:1613:in `each'", "/home/tony/Desktop/tap-news/tap-news/elasticsearch_server/logstash-5.4.0/vendor/bundle/jruby/1.9/gems/logstash-input-file-4.0.0/lib/logstash/inputs/file.rb:193:in `register'", "/home/tony/Desktop/tap-news/tap-news/elasticsearch_server/logstash-5.4.0/logstash-core/lib/logstash/pipeline.rb:268:in `register_plugin'", "/home/tony/Desktop/tap-news/tap-news/elasticsearch_server/logstash-5.4.0/logstash-core/lib/logstash/pipeline.rb:279:in `register_plugins'", "org/jruby/RubyArray.java:1613:in `each'", "/home/tony/Desktop/tap-news/tap-news/elasticsearch_server/logstash-5.4.0/logstash-core/lib/logstash/pipeline.rb:279:in `register_plugins'", "/home/tony/Desktop/tap-news/tap-news/elasticsearch_server/logstash-5.4.0/logstash-core/lib/logstash/pipeline.rb:429:in `start_inputs'", "/home/tony/Desktop/tap-news/tap-news/elasticsearch_server/logstash-5.4.0/logstash-core/lib/logstash/pipeline.rb:323:in `start_workers'", "/home/tony/Desktop/tap-news/tap-news/elasticsearch_server/logstash-5.4.0/logstash-core/lib/logstash/pipeline.rb:214:in `run'", "/home/tony/Desktop/tap-news/tap-news/elasticsearch_server/logstash-5.4.0/logstash-core/lib/logstash/agent.rb:398:in `start_pipeline'"]}
[2017-05-15T15:54:35,605][INFO ][logstash.agent           ] Successfully started Logstash API endpoint {:port=>9600}
[2017-05-15T15:54:38,582][WARN ][logstash.agent           ] stopping pipeline {:id=>"main"}
[2017-05-15T16:00:54,478][INFO ][logstash.outputs.elasticsearch] Elasticsearch pool URLs updated {:changes=>{:removed=>[], :added=>[http://elastic:xxxxxx@localhost:9200/]}}
[2017-05-15T16:00:54,485][INFO ][logstash.outputs.elasticsearch] Running health check to see if an Elasticsearch connection is working {:healthcheck_url=>http://elastic:xxxxxx@localhost:9200/, :path=>"/"}
[2017-05-15T16:00:55,013][WARN ][logstash.outputs.elasticsearch] Restored connection to ES instance {:url=>#<URI::HTTP:0x2f8ae3ed URL:http://elastic:xxxxxx@localhost:9200/>}
[2017-05-15T16:00:55,046][INFO ][logstash.outputs.elasticsearch] Using mapping template from {:path=>nil}
[2017-05-15T16:00:55,161][INFO ][logstash.outputs.elasticsearch] Attempting to install template {:manage_template=>{"template"=>"logstash-*", "version"=>50001, "settings"=>{"index.refresh_interval"=>"5s"}, "mappings"=>{"_default_"=>{"_all"=>{"enabled"=>true, "norms"=>false}, "dynamic_templates"=>[{"message_field"=>{"path_match"=>"message", "match_mapping_type"=>"string", "mapping"=>{"type"=>"text", "norms"=>false}}}, {"string_fields"=>{"match"=>"*", "match_mapping_type"=>"string", "mapping"=>{"type"=>"text", "norms"=>false, "fields"=>{"keyword"=>{"type"=>"keyword"}}}}}], "properties"=>{"@timestamp"=>{"type"=>"date", "include_in_all"=>false}, "@version"=>{"type"=>"keyword", "include_in_all"=>false}, "geoip"=>{"dynamic"=>true, "properties"=>{"ip"=>{"type"=>"ip"}, "location"=>{"type"=>"geo_point"}, "latitude"=>{"type"=>"half_float"}, "longitude"=>{"type"=>"half_float"}}}}}}}}
[2017-05-15T16:00:55,198][INFO ][logstash.outputs.elasticsearch] New Elasticsearch output {:class=>"LogStash::Outputs::ElasticSearch", :hosts=>[#<URI::Generic:0x2c8d509d URL://localhost:9200>]}
[2017-05-15T16:00:55,402][INFO ][logstash.filters.geoip   ] Using geoip database {:path=>"/home/tony/Desktop/tap-news/tap-news/elasticsearch_server/logstash-5.4.0/vendor/bundle/jruby/1.9/gems/logstash-filter-geoip-4.0.4-java/vendor/GeoLite2-City.mmdb"}
[2017-05-15T16:00:55,471][INFO ][logstash.pipeline        ] Starting pipeline {"id"=>"main", "pipeline.workers"=>6, "pipeline.batch.size"=>125, "pipeline.batch.delay"=>5, "pipeline.max_inflight"=>750}
[2017-05-15T16:00:55,622][INFO ][logstash.inputs.tcp      ] Starting tcp input listener {:address=>"0.0.0.0:3000"}
[2017-05-15T16:00:55,655][ERROR][logstash.inputs.tcp      ] Could not start TCP server: Address in use {:host=>"0.0.0.0", :port=>3000}
[2017-05-15T16:00:55,656][ERROR][logstash.pipeline        ] Error registering plugin {:plugin=>"<LogStash::Inputs::Tcp port=>3000, type=>\"node_apache_log\", id=>\"8524b12d681fa95e56b34fd56f3fc22affde2ea0-1\", enable_metric=>true, codec=><LogStash::Codecs::Line id=>\"line_c24fb809-d8a1-4c45-95ad-8159540560a5\", enable_metric=>true, charset=>\"UTF-8\", delimiter=>\"\\n\">, host=>\"0.0.0.0\", data_timeout=>-1, mode=>\"server\", proxy_protocol=>false, ssl_enable=>false, ssl_verify=>true, ssl_key_passphrase=><password>>", :error=>"Address already in use - bind - Address already in use"}
[2017-05-15T16:00:56,073][ERROR][logstash.agent           ] Pipeline aborted due to error {:exception=>#<Errno::EADDRINUSE: Address already in use - bind - Address already in use>, :backtrace=>["org/jruby/ext/socket/RubyTCPServer.java:118:in `initialize'", "org/jruby/RubyIO.java:871:in `new'", "/home/tony/Desktop/tap-news/tap-news/elasticsearch_server/logstash-5.4.0/vendor/bundle/jruby/1.9/gems/logstash-input-tcp-4.1.0/lib/logstash/inputs/tcp.rb:279:in `new_server_socket'", "/home/tony/Desktop/tap-news/tap-news/elasticsearch_server/logstash-5.4.0/vendor/bundle/jruby/1.9/gems/logstash-input-tcp-4.1.0/lib/logstash/inputs/tcp.rb:89:in `register'", "/home/tony/Desktop/tap-news/tap-news/elasticsearch_server/logstash-5.4.0/logstash-core/lib/logstash/pipeline.rb:268:in `register_plugin'", "/home/tony/Desktop/tap-news/tap-news/elasticsearch_server/logstash-5.4.0/logstash-core/lib/logstash/pipeline.rb:279:in `register_plugins'", "org/jruby/RubyArray.java:1613:in `each'", "/home/tony/Desktop/tap-news/tap-news/elasticsearch_server/logstash-5.4.0/logstash-core/lib/logstash/pipeline.rb:279:in `register_plugins'", "/home/tony/Desktop/tap-news/tap-news/elasticsearch_server/logstash-5.4.0/logstash-core/lib/logstash/pipeline.rb:429:in `start_inputs'", "/home/tony/Desktop/tap-news/tap-news/elasticsearch_server/logstash-5.4.0/logstash-core/lib/logstash/pipeline.rb:323:in `start_workers'", "/home/tony/Desktop/tap-news/tap-news/elasticsearch_server/logstash-5.4.0/logstash-core/lib/logstash/pipeline.rb:214:in `run'", "/home/tony/Desktop/tap-news/tap-news/elasticsearch_server/logstash-5.4.0/logstash-core/lib/logstash/agent.rb:398:in `start_pipeline'"]}
[2017-05-15T16:00:56,126][INFO ][logstash.agent           ] Successfully started Logstash API endpoint {:port=>9600}
[2017-05-15T16:00:59,097][WARN ][logstash.agent           ] stopping pipeline {:id=>"main"}
[2017-05-15T16:04:11,633][INFO ][logstash.outputs.elasticsearch] Elasticsearch pool URLs updated {:changes=>{:removed=>[], :added=>[http://elastic:xxxxxx@localhost:9200/]}}
[2017-05-15T16:04:11,639][INFO ][logstash.outputs.elasticsearch] Running health check to see if an Elasticsearch connection is working {:healthcheck_url=>http://elastic:xxxxxx@localhost:9200/, :path=>"/"}
[2017-05-15T16:04:11,797][WARN ][logstash.outputs.elasticsearch] Restored connection to ES instance {:url=>#<URI::HTTP:0x26dd2afe URL:http://elastic:xxxxxx@localhost:9200/>}
[2017-05-15T16:04:11,798][INFO ][logstash.outputs.elasticsearch] Using mapping template from {:path=>nil}
[2017-05-15T16:04:11,849][INFO ][logstash.outputs.elasticsearch] Attempting to install template {:manage_template=>{"template"=>"logstash-*", "version"=>50001, "settings"=>{"index.refresh_interval"=>"5s"}, "mappings"=>{"_default_"=>{"_all"=>{"enabled"=>true, "norms"=>false}, "dynamic_templates"=>[{"message_field"=>{"path_match"=>"message", "match_mapping_type"=>"string", "mapping"=>{"type"=>"text", "norms"=>false}}}, {"string_fields"=>{"match"=>"*", "match_mapping_type"=>"string", "mapping"=>{"type"=>"text", "norms"=>false, "fields"=>{"keyword"=>{"type"=>"keyword"}}}}}], "properties"=>{"@timestamp"=>{"type"=>"date", "include_in_all"=>false}, "@version"=>{"type"=>"keyword", "include_in_all"=>false}, "geoip"=>{"dynamic"=>true, "properties"=>{"ip"=>{"type"=>"ip"}, "location"=>{"type"=>"geo_point"}, "latitude"=>{"type"=>"half_float"}, "longitude"=>{"type"=>"half_float"}}}}}}}}
[2017-05-15T16:04:11,854][INFO ][logstash.outputs.elasticsearch] New Elasticsearch output {:class=>"LogStash::Outputs::ElasticSearch", :hosts=>[#<URI::Generic:0x4efabb76 URL://localhost:9200>]}
[2017-05-15T16:04:11,904][INFO ][logstash.filters.geoip   ] Using geoip database {:path=>"/home/tony/Desktop/tap-news/tap-news/elasticsearch_server/logstash-5.4.0/vendor/bundle/jruby/1.9/gems/logstash-filter-geoip-4.0.4-java/vendor/GeoLite2-City.mmdb"}
[2017-05-15T16:04:11,921][INFO ][logstash.pipeline        ] Starting pipeline {"id"=>"main", "pipeline.workers"=>6, "pipeline.batch.size"=>125, "pipeline.batch.delay"=>5, "pipeline.max_inflight"=>750}
[2017-05-15T16:04:12,067][INFO ][logstash.pipeline        ] Pipeline main started
[2017-05-15T16:04:12,107][INFO ][logstash.agent           ] Successfully started Logstash API endpoint {:port=>9600}
[2017-05-15T17:45:33,659][WARN ][logstash.runner          ] SIGINT received. Shutting down the agent.
[2017-05-15T17:45:33,681][WARN ][logstash.agent           ] stopping pipeline {:id=>"main"}
[2017-05-15T17:45:47,219][INFO ][logstash.outputs.elasticsearch] Elasticsearch pool URLs updated {:changes=>{:removed=>[], :added=>[http://elastic:xxxxxx@localhost:9200/]}}
[2017-05-15T17:45:47,224][INFO ][logstash.outputs.elasticsearch] Running health check to see if an Elasticsearch connection is working {:healthcheck_url=>http://elastic:xxxxxx@localhost:9200/, :path=>"/"}
[2017-05-15T17:45:47,367][WARN ][logstash.outputs.elasticsearch] Restored connection to ES instance {:url=>#<URI::HTTP:0x48d5e98 URL:http://elastic:xxxxxx@localhost:9200/>}
[2017-05-15T17:45:47,368][INFO ][logstash.outputs.elasticsearch] Using mapping template from {:path=>nil}
[2017-05-15T17:45:47,431][INFO ][logstash.outputs.elasticsearch] Attempting to install template {:manage_template=>{"template"=>"logstash-*", "version"=>50001, "settings"=>{"index.refresh_interval"=>"5s"}, "mappings"=>{"_default_"=>{"_all"=>{"enabled"=>true, "norms"=>false}, "dynamic_templates"=>[{"message_field"=>{"path_match"=>"message", "match_mapping_type"=>"string", "mapping"=>{"type"=>"text", "norms"=>false}}}, {"string_fields"=>{"match"=>"*", "match_mapping_type"=>"string", "mapping"=>{"type"=>"text", "norms"=>false, "fields"=>{"keyword"=>{"type"=>"keyword"}}}}}], "properties"=>{"@timestamp"=>{"type"=>"date", "include_in_all"=>false}, "@version"=>{"type"=>"keyword", "include_in_all"=>false}, "geoip"=>{"dynamic"=>true, "properties"=>{"ip"=>{"type"=>"ip"}, "location"=>{"type"=>"geo_point"}, "latitude"=>{"type"=>"half_float"}, "longitude"=>{"type"=>"half_float"}}}}}}}}
[2017-05-15T17:45:47,437][INFO ][logstash.outputs.elasticsearch] New Elasticsearch output {:class=>"LogStash::Outputs::ElasticSearch", :hosts=>[#<URI::Generic:0x42e7900a URL://localhost:9200>]}
[2017-05-15T17:45:47,518][INFO ][logstash.filters.geoip   ] Using geoip database {:path=>"/home/tony/Desktop/tap-news/tap-news/elasticsearch_server/logstash-5.4.0/vendor/bundle/jruby/1.9/gems/logstash-filter-geoip-4.0.4-java/vendor/GeoLite2-City.mmdb"}
[2017-05-15T17:45:47,533][INFO ][logstash.pipeline        ] Starting pipeline {"id"=>"main", "pipeline.workers"=>6, "pipeline.batch.size"=>125, "pipeline.batch.delay"=>5, "pipeline.max_inflight"=>750}
[2017-05-15T17:45:47,685][INFO ][logstash.pipeline        ] Pipeline main started
[2017-05-15T17:45:47,741][INFO ][logstash.agent           ] Successfully started Logstash API endpoint {:port=>9600}
[2017-05-15T17:46:43,333][WARN ][logstash.runner          ] SIGINT received. Shutting down the agent.
[2017-05-15T17:46:43,343][WARN ][logstash.agent           ] stopping pipeline {:id=>"main"}
[2017-05-15T17:46:54,029][INFO ][logstash.outputs.elasticsearch] Elasticsearch pool URLs updated {:changes=>{:removed=>[], :added=>[http://elastic:xxxxxx@localhost:9200/]}}
[2017-05-15T17:46:54,034][INFO ][logstash.outputs.elasticsearch] Running health check to see if an Elasticsearch connection is working {:healthcheck_url=>http://elastic:xxxxxx@localhost:9200/, :path=>"/"}
[2017-05-15T17:46:54,156][WARN ][logstash.outputs.elasticsearch] Restored connection to ES instance {:url=>#<URI::HTTP:0x18398f33 URL:http://elastic:xxxxxx@localhost:9200/>}
[2017-05-15T17:46:54,158][INFO ][logstash.outputs.elasticsearch] Using mapping template from {:path=>nil}
[2017-05-15T17:46:54,217][INFO ][logstash.outputs.elasticsearch] Attempting to install template {:manage_template=>{"template"=>"logstash-*", "version"=>50001, "settings"=>{"index.refresh_interval"=>"5s"}, "mappings"=>{"_default_"=>{"_all"=>{"enabled"=>true, "norms"=>false}, "dynamic_templates"=>[{"message_field"=>{"path_match"=>"message", "match_mapping_type"=>"string", "mapping"=>{"type"=>"text", "norms"=>false}}}, {"string_fields"=>{"match"=>"*", "match_mapping_type"=>"string", "mapping"=>{"type"=>"text", "norms"=>false, "fields"=>{"keyword"=>{"type"=>"keyword"}}}}}], "properties"=>{"@timestamp"=>{"type"=>"date", "include_in_all"=>false}, "@version"=>{"type"=>"keyword", "include_in_all"=>false}, "geoip"=>{"dynamic"=>true, "properties"=>{"ip"=>{"type"=>"ip"}, "location"=>{"type"=>"geo_point"}, "latitude"=>{"type"=>"half_float"}, "longitude"=>{"type"=>"half_float"}}}}}}}}
[2017-05-15T17:46:54,223][INFO ][logstash.outputs.elasticsearch] New Elasticsearch output {:class=>"LogStash::Outputs::ElasticSearch", :hosts=>[#<URI::Generic:0xd279dd1 URL://localhost:9200>]}
[2017-05-15T17:46:54,269][INFO ][logstash.filters.geoip   ] Using geoip database {:path=>"/home/tony/Desktop/tap-news/tap-news/elasticsearch_server/logstash-5.4.0/vendor/bundle/jruby/1.9/gems/logstash-filter-geoip-4.0.4-java/vendor/GeoLite2-City.mmdb"}
[2017-05-15T17:46:54,291][INFO ][logstash.pipeline        ] Starting pipeline {"id"=>"main", "pipeline.workers"=>6, "pipeline.batch.size"=>125, "pipeline.batch.delay"=>5, "pipeline.max_inflight"=>750}
[2017-05-15T17:46:54,437][INFO ][logstash.pipeline        ] Pipeline main started
[2017-05-15T17:46:54,477][INFO ][logstash.agent           ] Successfully started Logstash API endpoint {:port=>9600}
[2017-05-15T17:47:52,690][WARN ][logstash.runner          ] SIGINT received. Shutting down the agent.
[2017-05-15T17:47:52,699][WARN ][logstash.agent           ] stopping pipeline {:id=>"main"}
[2017-05-15T17:48:04,265][INFO ][logstash.outputs.elasticsearch] Elasticsearch pool URLs updated {:changes=>{:removed=>[], :added=>[http://elastic:xxxxxx@localhost:9200/]}}
[2017-05-15T17:48:04,270][INFO ][logstash.outputs.elasticsearch] Running health check to see if an Elasticsearch connection is working {:healthcheck_url=>http://elastic:xxxxxx@localhost:9200/, :path=>"/"}
[2017-05-15T17:48:04,400][WARN ][logstash.outputs.elasticsearch] Restored connection to ES instance {:url=>#<URI::HTTP:0x682305e URL:http://elastic:xxxxxx@localhost:9200/>}
[2017-05-15T17:48:04,401][INFO ][logstash.outputs.elasticsearch] Using mapping template from {:path=>nil}
[2017-05-15T17:48:04,454][INFO ][logstash.outputs.elasticsearch] Attempting to install template {:manage_template=>{"template"=>"logstash-*", "version"=>50001, "settings"=>{"index.refresh_interval"=>"5s"}, "mappings"=>{"_default_"=>{"_all"=>{"enabled"=>true, "norms"=>false}, "dynamic_templates"=>[{"message_field"=>{"path_match"=>"message", "match_mapping_type"=>"string", "mapping"=>{"type"=>"text", "norms"=>false}}}, {"string_fields"=>{"match"=>"*", "match_mapping_type"=>"string", "mapping"=>{"type"=>"text", "norms"=>false, "fields"=>{"keyword"=>{"type"=>"keyword"}}}}}], "properties"=>{"@timestamp"=>{"type"=>"date", "include_in_all"=>false}, "@version"=>{"type"=>"keyword", "include_in_all"=>false}, "geoip"=>{"dynamic"=>true, "properties"=>{"ip"=>{"type"=>"ip"}, "location"=>{"type"=>"geo_point"}, "latitude"=>{"type"=>"half_float"}, "longitude"=>{"type"=>"half_float"}}}}}}}}
[2017-05-15T17:48:04,460][INFO ][logstash.outputs.elasticsearch] New Elasticsearch output {:class=>"LogStash::Outputs::ElasticSearch", :hosts=>[#<URI::Generic:0x3936e250 URL://localhost:9200>]}
[2017-05-15T17:48:04,513][INFO ][logstash.filters.geoip   ] Using geoip database {:path=>"/home/tony/Desktop/tap-news/tap-news/elasticsearch_server/logstash-5.4.0/vendor/bundle/jruby/1.9/gems/logstash-filter-geoip-4.0.4-java/vendor/GeoLite2-City.mmdb"}
[2017-05-15T17:48:04,533][INFO ][logstash.pipeline        ] Starting pipeline {"id"=>"main", "pipeline.workers"=>6, "pipeline.batch.size"=>125, "pipeline.batch.delay"=>5, "pipeline.max_inflight"=>750}
[2017-05-15T17:48:04,666][ERROR][logstash.pipeline        ] Error registering plugin {:plugin=>"<LogStash::Inputs::File path=>[\"~/Desktop/tap-news/tap-news/web_server/server/log/*.log\"], start_position=>\"beginning\", type=>\"node_apache_log\", id=>\"3a68618d025fcb7cfb22f21bb20f6dee6de217d6-1\", enable_metric=>true, codec=><LogStash::Codecs::Plain id=>\"plain_efbddf31-441d-4e42-b2cc-adbbf2e8be98\", enable_metric=>true, charset=>\"UTF-8\">, stat_interval=>1, discover_interval=>15, sincedb_write_interval=>15, delimiter=>\"\\n\", close_older=>3600>", :error=>"File paths must be absolute, relative path specified: ~/Desktop/tap-news/tap-news/web_server/server/log/*.log"}
[2017-05-15T17:48:05,415][ERROR][logstash.agent           ] Pipeline aborted due to error {:exception=>#<ArgumentError: File paths must be absolute, relative path specified: ~/Desktop/tap-news/tap-news/web_server/server/log/*.log>, :backtrace=>["/home/tony/Desktop/tap-news/tap-news/elasticsearch_server/logstash-5.4.0/vendor/bundle/jruby/1.9/gems/logstash-input-file-4.0.0/lib/logstash/inputs/file.rb:195:in `register'", "org/jruby/RubyArray.java:1613:in `each'", "/home/tony/Desktop/tap-news/tap-news/elasticsearch_server/logstash-5.4.0/vendor/bundle/jruby/1.9/gems/logstash-input-file-4.0.0/lib/logstash/inputs/file.rb:193:in `register'", "/home/tony/Desktop/tap-news/tap-news/elasticsearch_server/logstash-5.4.0/logstash-core/lib/logstash/pipeline.rb:268:in `register_plugin'", "/home/tony/Desktop/tap-news/tap-news/elasticsearch_server/logstash-5.4.0/logstash-core/lib/logstash/pipeline.rb:279:in `register_plugins'", "org/jruby/RubyArray.java:1613:in `each'", "/home/tony/Desktop/tap-news/tap-news/elasticsearch_server/logstash-5.4.0/logstash-core/lib/logstash/pipeline.rb:279:in `register_plugins'", "/home/tony/Desktop/tap-news/tap-news/elasticsearch_server/logstash-5.4.0/logstash-core/lib/logstash/pipeline.rb:429:in `start_inputs'", "/home/tony/Desktop/tap-news/tap-news/elasticsearch_server/logstash-5.4.0/logstash-core/lib/logstash/pipeline.rb:323:in `start_workers'", "/home/tony/Desktop/tap-news/tap-news/elasticsearch_server/logstash-5.4.0/logstash-core/lib/logstash/pipeline.rb:214:in `run'", "/home/tony/Desktop/tap-news/tap-news/elasticsearch_server/logstash-5.4.0/logstash-core/lib/logstash/agent.rb:398:in `start_pipeline'"]}
[2017-05-15T17:48:05,447][INFO ][logstash.agent           ] Successfully started Logstash API endpoint {:port=>9600}
[2017-05-15T17:48:08,431][WARN ][logstash.agent           ] stopping pipeline {:id=>"main"}
[2017-05-15T17:51:05,723][INFO ][logstash.outputs.elasticsearch] Elasticsearch pool URLs updated {:changes=>{:removed=>[], :added=>[http://elastic:xxxxxx@localhost:9200/]}}
[2017-05-15T17:51:05,729][INFO ][logstash.outputs.elasticsearch] Running health check to see if an Elasticsearch connection is working {:healthcheck_url=>http://elastic:xxxxxx@localhost:9200/, :path=>"/"}
[2017-05-15T17:51:05,836][WARN ][logstash.outputs.elasticsearch] Restored connection to ES instance {:url=>#<URI::HTTP:0x23951774 URL:http://elastic:xxxxxx@localhost:9200/>}
[2017-05-15T17:51:05,838][INFO ][logstash.outputs.elasticsearch] Using mapping template from {:path=>nil}
[2017-05-15T17:51:05,884][INFO ][logstash.outputs.elasticsearch] Attempting to install template {:manage_template=>{"template"=>"logstash-*", "version"=>50001, "settings"=>{"index.refresh_interval"=>"5s"}, "mappings"=>{"_default_"=>{"_all"=>{"enabled"=>true, "norms"=>false}, "dynamic_templates"=>[{"message_field"=>{"path_match"=>"message", "match_mapping_type"=>"string", "mapping"=>{"type"=>"text", "norms"=>false}}}, {"string_fields"=>{"match"=>"*", "match_mapping_type"=>"string", "mapping"=>{"type"=>"text", "norms"=>false, "fields"=>{"keyword"=>{"type"=>"keyword"}}}}}], "properties"=>{"@timestamp"=>{"type"=>"date", "include_in_all"=>false}, "@version"=>{"type"=>"keyword", "include_in_all"=>false}, "geoip"=>{"dynamic"=>true, "properties"=>{"ip"=>{"type"=>"ip"}, "location"=>{"type"=>"geo_point"}, "latitude"=>{"type"=>"half_float"}, "longitude"=>{"type"=>"half_float"}}}}}}}}
[2017-05-15T17:51:05,889][INFO ][logstash.outputs.elasticsearch] New Elasticsearch output {:class=>"LogStash::Outputs::ElasticSearch", :hosts=>[#<URI::Generic:0x60d12c52 URL://localhost:9200>]}
[2017-05-15T17:51:05,926][INFO ][logstash.filters.geoip   ] Using geoip database {:path=>"/home/tony/Desktop/tap-news/tap-news/elasticsearch_server/logstash-5.4.0/vendor/bundle/jruby/1.9/gems/logstash-filter-geoip-4.0.4-java/vendor/GeoLite2-City.mmdb"}
[2017-05-15T17:51:05,943][INFO ][logstash.pipeline        ] Starting pipeline {"id"=>"main", "pipeline.workers"=>6, "pipeline.batch.size"=>125, "pipeline.batch.delay"=>5, "pipeline.max_inflight"=>750}
[2017-05-15T17:51:06,046][ERROR][logstash.pipeline        ] Error registering plugin {:plugin=>"<LogStash::Inputs::File path=>[\"../../web_server/server/log/*.log\"], start_position=>\"beginning\", type=>\"node_apache_log\", id=>\"a0c9ad051c6ee46b974ed060d6983bc74adf0e24-1\", enable_metric=>true, codec=><LogStash::Codecs::Plain id=>\"plain_b1d95c5a-1c7d-4be0-a6cf-c260bdf7d85d\", enable_metric=>true, charset=>\"UTF-8\">, stat_interval=>1, discover_interval=>15, sincedb_write_interval=>15, delimiter=>\"\\n\", close_older=>3600>", :error=>"File paths must be absolute, relative path specified: ../../web_server/server/log/*.log"}
[2017-05-15T17:51:06,849][ERROR][logstash.agent           ] Pipeline aborted due to error {:exception=>#<ArgumentError: File paths must be absolute, relative path specified: ../../web_server/server/log/*.log>, :backtrace=>["/home/tony/Desktop/tap-news/tap-news/elasticsearch_server/logstash-5.4.0/vendor/bundle/jruby/1.9/gems/logstash-input-file-4.0.0/lib/logstash/inputs/file.rb:195:in `register'", "org/jruby/RubyArray.java:1613:in `each'", "/home/tony/Desktop/tap-news/tap-news/elasticsearch_server/logstash-5.4.0/vendor/bundle/jruby/1.9/gems/logstash-input-file-4.0.0/lib/logstash/inputs/file.rb:193:in `register'", "/home/tony/Desktop/tap-news/tap-news/elasticsearch_server/logstash-5.4.0/logstash-core/lib/logstash/pipeline.rb:268:in `register_plugin'", "/home/tony/Desktop/tap-news/tap-news/elasticsearch_server/logstash-5.4.0/logstash-core/lib/logstash/pipeline.rb:279:in `register_plugins'", "org/jruby/RubyArray.java:1613:in `each'", "/home/tony/Desktop/tap-news/tap-news/elasticsearch_server/logstash-5.4.0/logstash-core/lib/logstash/pipeline.rb:279:in `register_plugins'", "/home/tony/Desktop/tap-news/tap-news/elasticsearch_server/logstash-5.4.0/logstash-core/lib/logstash/pipeline.rb:429:in `start_inputs'", "/home/tony/Desktop/tap-news/tap-news/elasticsearch_server/logstash-5.4.0/logstash-core/lib/logstash/pipeline.rb:323:in `start_workers'", "/home/tony/Desktop/tap-news/tap-news/elasticsearch_server/logstash-5.4.0/logstash-core/lib/logstash/pipeline.rb:214:in `run'", "/home/tony/Desktop/tap-news/tap-news/elasticsearch_server/logstash-5.4.0/logstash-core/lib/logstash/agent.rb:398:in `start_pipeline'"]}
[2017-05-15T17:51:06,879][INFO ][logstash.agent           ] Successfully started Logstash API endpoint {:port=>9600}
[2017-05-15T17:51:09,868][WARN ][logstash.agent           ] stopping pipeline {:id=>"main"}
[2017-05-15T17:52:41,134][INFO ][logstash.outputs.elasticsearch] Elasticsearch pool URLs updated {:changes=>{:removed=>[], :added=>[http://elastic:xxxxxx@localhost:9200/]}}
[2017-05-15T17:52:41,139][INFO ][logstash.outputs.elasticsearch] Running health check to see if an Elasticsearch connection is working {:healthcheck_url=>http://elastic:xxxxxx@localhost:9200/, :path=>"/"}
[2017-05-15T17:52:41,273][WARN ][logstash.outputs.elasticsearch] Restored connection to ES instance {:url=>#<URI::HTTP:0x646a4505 URL:http://elastic:xxxxxx@localhost:9200/>}
[2017-05-15T17:52:41,275][INFO ][logstash.outputs.elasticsearch] Using mapping template from {:path=>nil}
[2017-05-15T17:52:41,325][INFO ][logstash.outputs.elasticsearch] Attempting to install template {:manage_template=>{"template"=>"logstash-*", "version"=>50001, "settings"=>{"index.refresh_interval"=>"5s"}, "mappings"=>{"_default_"=>{"_all"=>{"enabled"=>true, "norms"=>false}, "dynamic_templates"=>[{"message_field"=>{"path_match"=>"message", "match_mapping_type"=>"string", "mapping"=>{"type"=>"text", "norms"=>false}}}, {"string_fields"=>{"match"=>"*", "match_mapping_type"=>"string", "mapping"=>{"type"=>"text", "norms"=>false, "fields"=>{"keyword"=>{"type"=>"keyword"}}}}}], "properties"=>{"@timestamp"=>{"type"=>"date", "include_in_all"=>false}, "@version"=>{"type"=>"keyword", "include_in_all"=>false}, "geoip"=>{"dynamic"=>true, "properties"=>{"ip"=>{"type"=>"ip"}, "location"=>{"type"=>"geo_point"}, "latitude"=>{"type"=>"half_float"}, "longitude"=>{"type"=>"half_float"}}}}}}}}
[2017-05-15T17:52:41,331][INFO ][logstash.outputs.elasticsearch] New Elasticsearch output {:class=>"LogStash::Outputs::ElasticSearch", :hosts=>[#<URI::Generic:0x43446eef URL://localhost:9200>]}
[2017-05-15T17:52:41,380][INFO ][logstash.filters.geoip   ] Using geoip database {:path=>"/home/tony/Desktop/tap-news/tap-news/elasticsearch_server/logstash-5.4.0/vendor/bundle/jruby/1.9/gems/logstash-filter-geoip-4.0.4-java/vendor/GeoLite2-City.mmdb"}
[2017-05-15T17:52:41,400][INFO ][logstash.pipeline        ] Starting pipeline {"id"=>"main", "pipeline.workers"=>6, "pipeline.batch.size"=>125, "pipeline.batch.delay"=>5, "pipeline.max_inflight"=>750}
[2017-05-15T17:52:41,536][INFO ][logstash.pipeline        ] Pipeline main started
[2017-05-15T17:52:41,604][INFO ][logstash.agent           ] Successfully started Logstash API endpoint {:port=>9600}
[2017-05-15T18:01:40,829][WARN ][logstash.runner          ] SIGINT received. Shutting down the agent.
[2017-05-15T18:01:40,841][WARN ][logstash.agent           ] stopping pipeline {:id=>"main"}
[2017-05-15T20:57:43,432][INFO ][logstash.outputs.elasticsearch] Elasticsearch pool URLs updated {:changes=>{:removed=>[], :added=>[http://elastic:xxxxxx@localhost:9200/]}}
[2017-05-15T20:57:43,437][INFO ][logstash.outputs.elasticsearch] Running health check to see if an Elasticsearch connection is working {:healthcheck_url=>http://elastic:xxxxxx@localhost:9200/, :path=>"/"}
[2017-05-15T20:57:43,706][WARN ][logstash.outputs.elasticsearch] Restored connection to ES instance {:url=>#<URI::HTTP:0x2e999013 URL:http://elastic:xxxxxx@localhost:9200/>}
[2017-05-15T20:57:43,708][INFO ][logstash.outputs.elasticsearch] Using mapping template from {:path=>nil}
[2017-05-15T20:57:43,781][INFO ][logstash.outputs.elasticsearch] Attempting to install template {:manage_template=>{"template"=>"logstash-*", "version"=>50001, "settings"=>{"index.refresh_interval"=>"5s"}, "mappings"=>{"_default_"=>{"_all"=>{"enabled"=>true, "norms"=>false}, "dynamic_templates"=>[{"message_field"=>{"path_match"=>"message", "match_mapping_type"=>"string", "mapping"=>{"type"=>"text", "norms"=>false}}}, {"string_fields"=>{"match"=>"*", "match_mapping_type"=>"string", "mapping"=>{"type"=>"text", "norms"=>false, "fields"=>{"keyword"=>{"type"=>"keyword"}}}}}], "properties"=>{"@timestamp"=>{"type"=>"date", "include_in_all"=>false}, "@version"=>{"type"=>"keyword", "include_in_all"=>false}, "geoip"=>{"dynamic"=>true, "properties"=>{"ip"=>{"type"=>"ip"}, "location"=>{"type"=>"geo_point"}, "latitude"=>{"type"=>"half_float"}, "longitude"=>{"type"=>"half_float"}}}}}}}}
[2017-05-15T20:57:43,788][INFO ][logstash.outputs.elasticsearch] New Elasticsearch output {:class=>"LogStash::Outputs::ElasticSearch", :hosts=>[#<URI::Generic:0x1a35e141 URL://localhost:9200>]}
[2017-05-15T20:57:43,849][INFO ][logstash.filters.geoip   ] Using geoip database {:path=>"/home/tony/Desktop/tap-news/tap-news/elasticsearch_server/logstash-5.4.0/vendor/bundle/jruby/1.9/gems/logstash-filter-geoip-4.0.4-java/vendor/GeoLite2-City.mmdb"}
[2017-05-15T20:57:43,865][INFO ][logstash.pipeline        ] Starting pipeline {"id"=>"main", "pipeline.workers"=>6, "pipeline.batch.size"=>125, "pipeline.batch.delay"=>5, "pipeline.max_inflight"=>750}
[2017-05-15T20:57:44,053][INFO ][logstash.pipeline        ] Pipeline main started
[2017-05-15T20:57:44,104][INFO ][logstash.agent           ] Successfully started Logstash API endpoint {:port=>9600}
